{"/Users/mackentoch/GitProjects/react-bootstrap-webpack-starter/front/src/contexts/auth/hook/authContextHook.ts": {"path":"/Users/mackentoch/GitProjects/react-bootstrap-webpack-starter/front/src/contexts/auth/hook/authContextHook.ts","statementMap":{"0":{"start":{"line":1,"column":0},"end":{"line":1,"column":45}},"1":{"start":{"line":2,"column":0},"end":{"line":2,"column":41}},"2":{"start":{"line":4,"column":0},"end":{"line":4,"column":50}},"3":{"start":{"line":6,"column":13},"end":{"line":6,"column":54}},"4":{"start":{"line":6,"column":46},"end":{"line":6,"column":53}},"5":{"start":{"line":8,"column":13},"end":{"line":14,"column":3}},"6":{"start":{"line":17,"column":8},"end":{"line":19,"column":3}},"7":{"start":{"line":17,"column":9},"end":{"line":17,"column":24}},"8":{"start":{"line":17,"column":26},"end":{"line":19,"column":3}},"9":{"start":{"line":20,"column":8},"end":{"line":22,"column":3}},"10":{"start":{"line":20,"column":9},"end":{"line":20,"column":23}},"11":{"start":{"line":20,"column":25},"end":{"line":22,"column":3}},"12":{"start":{"line":23,"column":8},"end":{"line":25,"column":3}},"13":{"start":{"line":23,"column":9},"end":{"line":23,"column":21}},"14":{"start":{"line":23,"column":23},"end":{"line":25,"column":3}},"15":{"start":{"line":26,"column":8},"end":{"line":26,"column":78}},"16":{"start":{"line":26,"column":9},"end":{"line":26,"column":14}},"17":{"start":{"line":26,"column":16},"end":{"line":26,"column":78}},"18":{"start":{"line":27,"column":8},"end":{"line":27,"column":78}},"19":{"start":{"line":27,"column":9},"end":{"line":27,"column":13}},"20":{"start":{"line":27,"column":15},"end":{"line":27,"column":78}},"21":{"start":{"line":29,"column":31},"end":{"line":47,"column":8}},"22":{"start":{"line":30,"column":17},"end":{"line":30,"column":35}},"23":{"start":{"line":31,"column":29},"end":{"line":31,"column":72}},"24":{"start":{"line":33,"column":4},"end":{"line":33,"column":41}},"25":{"start":{"line":35,"column":4},"end":{"line":44,"column":7}},"26":{"start":{"line":46,"column":4},"end":{"line":46,"column":28}},"27":{"start":{"line":49,"column":30},"end":{"line":71,"column":8}},"28":{"start":{"line":50,"column":18},"end":{"line":50,"column":33}},"29":{"start":{"line":51,"column":28},"end":{"line":51,"column":54}},"30":{"start":{"line":53,"column":4},"end":{"line":56,"column":7}},"31":{"start":{"line":57,"column":4},"end":{"line":57,"column":39}},"32":{"start":{"line":59,"column":4},"end":{"line":68,"column":7}},"33":{"start":{"line":70,"column":4},"end":{"line":70,"column":27}},"34":{"start":{"line":73,"column":19},"end":{"line":92,"column":8}},"35":{"start":{"line":73,"column":32},"end":{"line":73,"column":50}},"36":{"start":{"line":74,"column":4},"end":{"line":74,"column":25}},"37":{"start":{"line":75,"column":28},"end":{"line":75,"column":54}},"38":{"start":{"line":76,"column":29},"end":{"line":76,"column":33}},"39":{"start":{"line":78,"column":4},"end":{"line":78,"column":41}},"40":{"start":{"line":79,"column":4},"end":{"line":79,"column":39}},"41":{"start":{"line":80,"column":4},"end":{"line":80,"column":27}},"42":{"start":{"line":82,"column":4},"end":{"line":91,"column":7}},"43":{"start":{"line":94,"column":22},"end":{"line":111,"column":8}},"44":{"start":{"line":95,"column":4},"end":{"line":110,"column":5}},"45":{"start":{"line":96,"column":6},"end":{"line":96,"column":32}},"46":{"start":{"line":98,"column":6},"end":{"line":98,"column":30}},"47":{"start":{"line":100,"column":6},"end":{"line":109,"column":9}},"48":{"start":{"line":113,"column":25},"end":{"line":126,"column":8}},"49":{"start":{"line":114,"column":4},"end":{"line":114,"column":30}},"50":{"start":{"line":116,"column":4},"end":{"line":116,"column":60}},"51":{"start":{"line":117,"column":4},"end":{"line":117,"column":58}},"52":{"start":{"line":118,"column":4},"end":{"line":118,"column":54}},"53":{"start":{"line":119,"column":4},"end":{"line":119,"column":47}},"54":{"start":{"line":120,"column":4},"end":{"line":120,"column":38}},"55":{"start":{"line":122,"column":4},"end":{"line":125,"column":7}},"56":{"start":{"line":128,"column":2},"end":{"line":140,"column":4}},"57":{"start":{"line":16,"column":0},"end":{"line":141,"column":1}},"58":{"start":{"line":143,"column":0},"end":{"line":143,"column":31}}},"fnMap":{"0":{"name":"(anonymous_0)","decl":{"start":{"line":6,"column":30},"end":{"line":6,"column":30}},"loc":{"start":{"line":6,"column":41},"end":{"line":6,"column":53}}},"1":{"name":"authContextHook","decl":{"start":{"line":16,"column":16},"end":{"line":16,"column":31}},"loc":{"start":{"line":16,"column":31},"end":{"line":141,"column":1}}},"2":{"name":"(anonymous_2)","decl":{"start":{"line":29,"column":43},"end":{"line":null,"column":-1}},"loc":{"start":{"line":29,"column":43},"end":{"line":47,"column":3}}},"3":{"name":"(anonymous_3)","decl":{"start":{"line":49,"column":42},"end":{"line":null,"column":-1}},"loc":{"start":{"line":49,"column":42},"end":{"line":71,"column":3}}},"4":{"name":"(anonymous_4)","decl":{"start":{"line":73,"column":31},"end":{"line":73,"column":31}},"loc":{"start":{"line":73,"column":50},"end":{"line":92,"column":3}}},"5":{"name":"(anonymous_5)","decl":{"start":{"line":94,"column":34},"end":{"line":94,"column":34}},"loc":{"start":{"line":94,"column":48},"end":{"line":111,"column":3}}},"6":{"name":"(anonymous_6)","decl":{"start":{"line":113,"column":37},"end":{"line":null,"column":-1}},"loc":{"start":{"line":113,"column":37},"end":{"line":126,"column":3}}}},"branchMap":{"0":{"loc":{"start":{"line":31,"column":32},"end":{"line":31,"column":47}},"type":"binary-expr","locations":[{"start":{"line":31,"column":32},"end":{"line":31,"column":47}},{"start":{"line":31,"column":51},"end":{"line":31,"column":71}}]},"1":{"loc":{"start":{"line":35,"column":17},"end":{"line":35,"column":18}},"type":"cond-expr","locations":[{"start":{"line":35,"column":17},"end":{"line":35,"column":18}},{"start":{"line":35,"column":17},"end":{"line":44,"column":5}}]},"2":{"loc":{"start":{"line":35,"column":4},"end":{"line":35,"column":17}},"type":"binary-expr","locations":[{"start":{"line":35,"column":4},"end":{"line":35,"column":17}},{"start":{"line":35,"column":17},"end":{"line":35,"column":18}}]},"3":{"loc":{"start":{"line":59,"column":17},"end":{"line":59,"column":18}},"type":"cond-expr","locations":[{"start":{"line":59,"column":17},"end":{"line":59,"column":18}},{"start":{"line":59,"column":17},"end":{"line":68,"column":5}}]},"4":{"loc":{"start":{"line":59,"column":4},"end":{"line":59,"column":17}},"type":"binary-expr","locations":[{"start":{"line":59,"column":4},"end":{"line":59,"column":17}},{"start":{"line":59,"column":17},"end":{"line":59,"column":18}}]},"5":{"loc":{"start":{"line":73,"column":32},"end":{"line":73,"column":50}},"type":"if","locations":[{"start":{"line":73,"column":32},"end":{"line":73,"column":50}},{"start":{"line":73,"column":32},"end":{"line":73,"column":50}}]},"6":{"loc":{"start":{"line":82,"column":17},"end":{"line":82,"column":18}},"type":"cond-expr","locations":[{"start":{"line":82,"column":17},"end":{"line":82,"column":18}},{"start":{"line":82,"column":17},"end":{"line":91,"column":5}}]},"7":{"loc":{"start":{"line":82,"column":4},"end":{"line":82,"column":17}},"type":"binary-expr","locations":[{"start":{"line":82,"column":4},"end":{"line":82,"column":17}},{"start":{"line":82,"column":17},"end":{"line":82,"column":18}}]},"8":{"loc":{"start":{"line":95,"column":4},"end":{"line":110,"column":5}},"type":"if","locations":[{"start":{"line":95,"column":4},"end":{"line":110,"column":5}},{"start":{"line":95,"column":4},"end":{"line":110,"column":5}}]},"9":{"loc":{"start":{"line":100,"column":19},"end":{"line":100,"column":20}},"type":"cond-expr","locations":[{"start":{"line":100,"column":19},"end":{"line":100,"column":20}},{"start":{"line":100,"column":19},"end":{"line":109,"column":7}}]},"10":{"loc":{"start":{"line":100,"column":6},"end":{"line":100,"column":19}},"type":"binary-expr","locations":[{"start":{"line":100,"column":6},"end":{"line":100,"column":19}},{"start":{"line":100,"column":19},"end":{"line":100,"column":20}}]},"11":{"loc":{"start":{"line":122,"column":17},"end":{"line":122,"column":18}},"type":"cond-expr","locations":[{"start":{"line":122,"column":17},"end":{"line":122,"column":18}},{"start":{"line":122,"column":17},"end":{"line":125,"column":5}}]},"12":{"loc":{"start":{"line":122,"column":4},"end":{"line":122,"column":17}},"type":"binary-expr","locations":[{"start":{"line":122,"column":4},"end":{"line":122,"column":17}},{"start":{"line":122,"column":17},"end":{"line":122,"column":18}}]}},"s":{"0":1,"1":1,"2":1,"3":1,"4":0,"5":1,"6":3,"7":3,"8":3,"9":3,"10":3,"11":3,"12":3,"13":3,"14":3,"15":3,"16":3,"17":3,"18":3,"19":3,"20":3,"21":3,"22":0,"23":0,"24":0,"25":0,"26":0,"27":3,"28":1,"29":1,"30":1,"31":1,"32":1,"33":1,"34":3,"35":0,"36":0,"37":0,"38":0,"39":0,"40":0,"41":0,"42":0,"43":3,"44":0,"45":0,"46":0,"47":0,"48":3,"49":0,"50":0,"51":0,"52":0,"53":0,"54":0,"55":0,"56":3,"57":1,"58":1},"f":{"0":0,"1":3,"2":0,"3":1,"4":0,"5":0,"6":0},"b":{"0":[0,0],"1":[0,0],"2":[0,0],"3":[1,0],"4":[1,0],"5":[0,0],"6":[0,0],"7":[0,0],"8":[0,0],"9":[0,0],"10":[0,0],"11":[0,0],"12":[0,0]}}
,"/Users/mackentoch/GitProjects/react-bootstrap-webpack-starter/front/src/contexts/withDevTools/index.ts": {"path":"/Users/mackentoch/GitProjects/react-bootstrap-webpack-starter/front/src/contexts/withDevTools/index.ts","statementMap":{"0":{"start":{"line":27,"column":14},"end":{"line":27,"column":52}},"1":{"start":{"line":29,"column":13},"end":{"line":32,"column":47}},"2":{"start":{"line":34,"column":27},"end":{"line":36,"column":58}},"3":{"start":{"line":48,"column":28},"end":{"line":50,"column":1}},"4":{"start":{"line":52,"column":13},"end":{"line":70,"column":2}},"5":{"start":{"line":52,"column":24},"end":{"line":52,"column":51}},"6":{"start":{"line":54,"column":2},"end":{"line":68,"column":3}},"7":{"start":{"line":61,"column":14},"end":{"line":61,"column":18}},"8":{"start":{"line":61,"column":20},"end":{"line":61,"column":34}},"9":{"start":{"line":61,"column":36},"end":{"line":61,"column":43}},"10":{"start":{"line":62,"column":6},"end":{"line":62,"column":54}},"11":{"start":{"line":67,"column":6},"end":{"line":67,"column":19}},"12":{"start":{"line":79,"column":13},"end":{"line":104,"column":6}},"13":{"start":{"line":85,"column":8},"end":{"line":87,"column":9}},"14":{"start":{"line":86,"column":10},"end":{"line":86,"column":74}},"15":{"start":{"line":88,"column":8},"end":{"line":90,"column":9}},"16":{"start":{"line":89,"column":10},"end":{"line":89,"column":76}},"17":{"start":{"line":91,"column":8},"end":{"line":93,"column":9}},"18":{"start":{"line":92,"column":10},"end":{"line":92,"column":76}},"19":{"start":{"line":94,"column":8},"end":{"line":96,"column":9}},"20":{"start":{"line":95,"column":10},"end":{"line":95,"column":76}},"21":{"start":{"line":99,"column":25},"end":{"line":99,"column":47}},"22":{"start":{"line":100,"column":8},"end":{"line":100,"column":25}},"23":{"start":{"line":102,"column":8},"end":{"line":102,"column":59}}},"fnMap":{"0":{"name":"(anonymous_0)","decl":{"start":{"line":52,"column":23},"end":{"line":52,"column":23}},"loc":{"start":{"line":52,"column":67},"end":{"line":70,"column":1}}},"1":{"name":"(anonymous_1)","decl":{"start":{"line":83,"column":16},"end":{"line":83,"column":16}},"loc":{"start":{"line":83,"column":31},"end":{"line":103,"column":7}}}},"branchMap":{"0":{"loc":{"start":{"line":30,"column":2},"end":{"line":30,"column":7}},"type":"binary-expr","locations":[{"start":{"line":30,"column":2},"end":{"line":30,"column":7}},{"start":{"line":31,"column":2},"end":{"line":31,"column":31}},{"start":{"line":32,"column":3},"end":{"line":32,"column":46}}]},"1":{"loc":{"start":{"line":35,"column":4},"end":{"line":35,"column":8}},"type":"cond-expr","locations":[{"start":{"line":35,"column":4},"end":{"line":35,"column":8}},{"start":{"line":36,"column":5},"end":{"line":36,"column":58}}]},"2":{"loc":{"start":{"line":52,"column":24},"end":{"line":52,"column":51}},"type":"if","locations":[{"start":{"line":52,"column":24},"end":{"line":52,"column":51}},{"start":{"line":52,"column":24},"end":{"line":52,"column":51}}]},"3":{"loc":{"start":{"line":56,"column":4},"end":{"line":56,"column":39}},"type":"switch","locations":[{"start":{"line":56,"column":4},"end":{"line":56,"column":39}},{"start":{"line":57,"column":4},"end":{"line":57,"column":39}},{"start":{"line":58,"column":4},"end":{"line":58,"column":26}},{"start":{"line":59,"column":4},"end":{"line":59,"column":30}},{"start":{"line":60,"column":4},"end":{"line":63,"column":5}},{"start":{"line":66,"column":4},"end":{"line":67,"column":19}}]},"4":{"loc":{"start":{"line":80,"column":4},"end":{"line":80,"column":8}},"type":"cond-expr","locations":[{"start":{"line":80,"column":4},"end":{"line":80,"column":8}},{"start":{"line":81,"column":3},"end":{"line":104,"column":5}}]},"5":{"loc":{"start":{"line":85,"column":8},"end":{"line":87,"column":9}},"type":"if","locations":[{"start":{"line":85,"column":8},"end":{"line":87,"column":9}},{"start":{"line":85,"column":8},"end":{"line":87,"column":9}}]},"6":{"loc":{"start":{"line":88,"column":8},"end":{"line":90,"column":9}},"type":"if","locations":[{"start":{"line":88,"column":8},"end":{"line":90,"column":9}},{"start":{"line":88,"column":8},"end":{"line":90,"column":9}}]},"7":{"loc":{"start":{"line":91,"column":8},"end":{"line":93,"column":9}},"type":"if","locations":[{"start":{"line":91,"column":8},"end":{"line":93,"column":9}},{"start":{"line":91,"column":8},"end":{"line":93,"column":9}}]},"8":{"loc":{"start":{"line":94,"column":8},"end":{"line":96,"column":9}},"type":"if","locations":[{"start":{"line":94,"column":8},"end":{"line":96,"column":9}},{"start":{"line":94,"column":8},"end":{"line":96,"column":9}}]},"9":{"loc":{"start":{"line":102,"column":8},"end":{"line":102,"column":16}},"type":"binary-expr","locations":[{"start":{"line":102,"column":8},"end":{"line":102,"column":16}},{"start":{"line":102,"column":20},"end":{"line":102,"column":58}}]}},"s":{"0":1,"1":1,"2":1,"3":1,"4":1,"5":0,"6":0,"7":0,"8":0,"9":0,"10":0,"11":0,"12":1,"13":0,"14":0,"15":0,"16":0,"17":0,"18":0,"19":0,"20":0,"21":0,"22":0,"23":0},"f":{"0":0,"1":0},"b":{"0":[1,0,0],"1":[1,0],"2":[0,0],"3":[0,0,0,0,0,0],"4":[1,0],"5":[0,0],"6":[0,0],"7":[0,0],"8":[0,0],"9":[0,0]}}
,"/Users/mackentoch/GitProjects/react-bootstrap-webpack-starter/front/src/services/auth/index.ts": {"path":"/Users/mackentoch/GitProjects/react-bootstrap-webpack-starter/front/src/services/auth/index.ts","statementMap":{"0":{"start":{"line":1,"column":0},"end":{"line":1,"column":31}},"1":{"start":{"line":2,"column":0},"end":{"line":2,"column":34}},"2":{"start":{"line":5,"column":18},"end":{"line":5,"column":25}},"3":{"start":{"line":6,"column":18},"end":{"line":6,"column":28}},"4":{"start":{"line":8,"column":54},"end":{"line":11,"column":1}},"5":{"start":{"line":13,"column":14},"end":{"line":13,"column":24}},"6":{"start":{"line":14,"column":18},"end":{"line":14,"column":32}},"7":{"start":{"line":23,"column":13},"end":{"line":294,"column":2}},"8":{"start":{"line":36,"column":4},"end":{"line":36,"column":59}},"9":{"start":{"line":37,"column":4},"end":{"line":37,"column":34}},"10":{"start":{"line":40,"column":4},"end":{"line":42,"column":5}},"11":{"start":{"line":41,"column":6},"end":{"line":41,"column":60}},"12":{"start":{"line":44,"column":4},"end":{"line":46,"column":5}},"13":{"start":{"line":45,"column":6},"end":{"line":45,"column":62}},"14":{"start":{"line":48,"column":4},"end":{"line":48,"column":16}},"15":{"start":{"line":60,"column":4},"end":{"line":60,"column":22}},"16":{"start":{"line":61,"column":4},"end":{"line":61,"column":57}},"17":{"start":{"line":62,"column":4},"end":{"line":62,"column":34}},"18":{"start":{"line":64,"column":4},"end":{"line":66,"column":5}},"19":{"start":{"line":65,"column":6},"end":{"line":65,"column":13}},"20":{"start":{"line":68,"column":4},"end":{"line":73,"column":5}},"21":{"start":{"line":69,"column":6},"end":{"line":72,"column":7}},"22":{"start":{"line":70,"column":8},"end":{"line":70,"column":46}},"23":{"start":{"line":71,"column":8},"end":{"line":71,"column":15}},"24":{"start":{"line":75,"column":4},"end":{"line":80,"column":5}},"25":{"start":{"line":76,"column":6},"end":{"line":79,"column":7}},"26":{"start":{"line":77,"column":8},"end":{"line":77,"column":48}},"27":{"start":{"line":78,"column":8},"end":{"line":78,"column":15}},"28":{"start":{"line":105,"column":4},"end":{"line":105,"column":59}},"29":{"start":{"line":106,"column":4},"end":{"line":106,"column":34}},"30":{"start":{"line":109,"column":4},"end":{"line":114,"column":5}},"31":{"start":{"line":110,"column":6},"end":{"line":112,"column":7}},"32":{"start":{"line":111,"column":8},"end":{"line":111,"column":20}},"33":{"start":{"line":113,"column":6},"end":{"line":113,"column":19}},"34":{"start":{"line":117,"column":4},"end":{"line":122,"column":5}},"35":{"start":{"line":118,"column":6},"end":{"line":120,"column":7}},"36":{"start":{"line":119,"column":8},"end":{"line":119,"column":20}},"37":{"start":{"line":121,"column":6},"end":{"line":121,"column":19}},"38":{"start":{"line":125,"column":4},"end":{"line":125,"column":17}},"39":{"start":{"line":135,"column":4},"end":{"line":135,"column":55}},"40":{"start":{"line":136,"column":4},"end":{"line":136,"column":34}},"41":{"start":{"line":139,"column":4},"end":{"line":142,"column":5}},"42":{"start":{"line":140,"column":6},"end":{"line":140,"column":40}},"43":{"start":{"line":141,"column":6},"end":{"line":141,"column":18}},"44":{"start":{"line":144,"column":4},"end":{"line":147,"column":5}},"45":{"start":{"line":145,"column":6},"end":{"line":145,"column":42}},"46":{"start":{"line":146,"column":6},"end":{"line":146,"column":18}},"47":{"start":{"line":149,"column":4},"end":{"line":149,"column":17}},"48":{"start":{"line":159,"column":4},"end":{"line":161,"column":5}},"49":{"start":{"line":160,"column":6},"end":{"line":160,"column":25}},"50":{"start":{"line":163,"column":35},"end":{"line":163,"column":55}},"51":{"start":{"line":164,"column":4},"end":{"line":166,"column":5}},"52":{"start":{"line":165,"column":6},"end":{"line":165,"column":25}},"53":{"start":{"line":168,"column":27},"end":{"line":168,"column":53}},"54":{"start":{"line":169,"column":4},"end":{"line":169,"column":26}},"55":{"start":{"line":179,"column":27},"end":{"line":179,"column":68}},"56":{"start":{"line":180,"column":21},"end":{"line":180,"column":31}},"57":{"start":{"line":181,"column":27},"end":{"line":181,"column":60}},"58":{"start":{"line":183,"column":4},"end":{"line":183,"column":26}},"59":{"start":{"line":197,"column":4},"end":{"line":197,"column":59}},"60":{"start":{"line":198,"column":4},"end":{"line":198,"column":40}},"61":{"start":{"line":201,"column":4},"end":{"line":211,"column":5}},"62":{"start":{"line":202,"column":6},"end":{"line":210,"column":7}},"63":{"start":{"line":203,"column":8},"end":{"line":207,"column":10}},"64":{"start":{"line":209,"column":8},"end":{"line":209,"column":20}},"65":{"start":{"line":213,"column":4},"end":{"line":223,"column":5}},"66":{"start":{"line":214,"column":6},"end":{"line":222,"column":7}},"67":{"start":{"line":215,"column":8},"end":{"line":219,"column":10}},"68":{"start":{"line":221,"column":8},"end":{"line":221,"column":20}},"69":{"start":{"line":225,"column":4},"end":{"line":225,"column":16}},"70":{"start":{"line":238,"column":4},"end":{"line":238,"column":57}},"71":{"start":{"line":239,"column":4},"end":{"line":239,"column":40}},"72":{"start":{"line":241,"column":4},"end":{"line":243,"column":5}},"73":{"start":{"line":242,"column":6},"end":{"line":242,"column":13}},"74":{"start":{"line":246,"column":4},"end":{"line":251,"column":5}},"75":{"start":{"line":247,"column":6},"end":{"line":250,"column":7}},"76":{"start":{"line":248,"column":8},"end":{"line":248,"column":60}},"77":{"start":{"line":249,"column":8},"end":{"line":249,"column":15}},"78":{"start":{"line":254,"column":4},"end":{"line":259,"column":5}},"79":{"start":{"line":255,"column":6},"end":{"line":258,"column":7}},"80":{"start":{"line":256,"column":8},"end":{"line":256,"column":62}},"81":{"start":{"line":257,"column":8},"end":{"line":257,"column":15}},"82":{"start":{"line":268,"column":16},"end":{"line":268,"column":52}},"83":{"start":{"line":270,"column":4},"end":{"line":273,"column":5}},"84":{"start":{"line":271,"column":6},"end":{"line":271,"column":43}},"85":{"start":{"line":272,"column":6},"end":{"line":272,"column":13}},"86":{"start":{"line":276,"column":4},"end":{"line":279,"column":5}},"87":{"start":{"line":277,"column":6},"end":{"line":277,"column":45}},"88":{"start":{"line":278,"column":6},"end":{"line":278,"column":13}},"89":{"start":{"line":291,"column":4},"end":{"line":291,"column":33}},"90":{"start":{"line":292,"column":4},"end":{"line":292,"column":35}},"91":{"start":{"line":296,"column":0},"end":{"line":296,"column":20}}},"fnMap":{"0":{"name":"(anonymous_0)","decl":{"start":{"line":35,"column":2},"end":{"line":36,"column":3}},"loc":{"start":{"line":37,"column":34},"end":{"line":49,"column":3}}},"1":{"name":"(anonymous_1)","decl":{"start":{"line":59,"column":2},"end":{"line":60,"column":3}},"loc":{"start":{"line":62,"column":34},"end":{"line":81,"column":3}}},"2":{"name":"(anonymous_2)","decl":{"start":{"line":104,"column":2},"end":{"line":105,"column":3}},"loc":{"start":{"line":106,"column":34},"end":{"line":126,"column":3}}},"3":{"name":"(anonymous_3)","decl":{"start":{"line":134,"column":2},"end":{"line":135,"column":3}},"loc":{"start":{"line":136,"column":34},"end":{"line":150,"column":3}}},"4":{"name":"(anonymous_4)","decl":{"start":{"line":158,"column":2},"end":{"line":158,"column":24}},"loc":{"start":{"line":158,"column":42},"end":{"line":170,"column":3}}},"5":{"name":"(anonymous_5)","decl":{"start":{"line":178,"column":2},"end":{"line":178,"column":16}},"loc":{"start":{"line":178,"column":34},"end":{"line":184,"column":3}}},"6":{"name":"(anonymous_6)","decl":{"start":{"line":196,"column":2},"end":{"line":197,"column":3}},"loc":{"start":{"line":198,"column":40},"end":{"line":226,"column":3}}},"7":{"name":"(anonymous_7)","decl":{"start":{"line":236,"column":2},"end":{"line":237,"column":3}},"loc":{"start":{"line":239,"column":40},"end":{"line":260,"column":3}}},"8":{"name":"(anonymous_8)","decl":{"start":{"line":268,"column":2},"end":{"line":268,"column":15}},"loc":{"start":{"line":268,"column":52},"end":{"line":280,"column":3}}},"9":{"name":"(anonymous_9)","decl":{"start":{"line":290,"column":2},"end":{"line":null,"column":-1}},"loc":{"start":{"line":290,"column":2},"end":{"line":293,"column":3}}}},"branchMap":{"0":{"loc":{"start":{"line":36,"column":4},"end":{"line":36,"column":59}},"type":"if","locations":[{"start":{"line":36,"column":4},"end":{"line":36,"column":59}},{"start":{"line":36,"column":4},"end":{"line":36,"column":59}}]},"1":{"loc":{"start":{"line":37,"column":4},"end":{"line":37,"column":34}},"type":"if","locations":[{"start":{"line":37,"column":4},"end":{"line":37,"column":34}},{"start":{"line":37,"column":4},"end":{"line":37,"column":34}}]},"2":{"loc":{"start":{"line":40,"column":4},"end":{"line":42,"column":5}},"type":"if","locations":[{"start":{"line":40,"column":4},"end":{"line":42,"column":5}},{"start":{"line":40,"column":4},"end":{"line":42,"column":5}}]},"3":{"loc":{"start":{"line":41,"column":13},"end":{"line":41,"column":50}},"type":"binary-expr","locations":[{"start":{"line":41,"column":13},"end":{"line":41,"column":50}},{"start":{"line":41,"column":55},"end":{"line":41,"column":59}}]},"4":{"loc":{"start":{"line":41,"column":19},"end":{"line":41,"column":20}},"type":"cond-expr","locations":[{"start":{"line":41,"column":19},"end":{"line":41,"column":20}},{"start":{"line":41,"column":19},"end":{"line":41,"column":50}}]},"5":{"loc":{"start":{"line":41,"column":13},"end":{"line":41,"column":19}},"type":"binary-expr","locations":[{"start":{"line":41,"column":13},"end":{"line":41,"column":19}},{"start":{"line":41,"column":19},"end":{"line":41,"column":20}}]},"6":{"loc":{"start":{"line":44,"column":4},"end":{"line":46,"column":5}},"type":"if","locations":[{"start":{"line":44,"column":4},"end":{"line":46,"column":5}},{"start":{"line":44,"column":4},"end":{"line":46,"column":5}}]},"7":{"loc":{"start":{"line":45,"column":13},"end":{"line":45,"column":52}},"type":"binary-expr","locations":[{"start":{"line":45,"column":13},"end":{"line":45,"column":52}},{"start":{"line":45,"column":57},"end":{"line":45,"column":61}}]},"8":{"loc":{"start":{"line":45,"column":19},"end":{"line":45,"column":20}},"type":"cond-expr","locations":[{"start":{"line":45,"column":19},"end":{"line":45,"column":20}},{"start":{"line":45,"column":19},"end":{"line":45,"column":52}}]},"9":{"loc":{"start":{"line":45,"column":13},"end":{"line":45,"column":19}},"type":"binary-expr","locations":[{"start":{"line":45,"column":13},"end":{"line":45,"column":19}},{"start":{"line":45,"column":19},"end":{"line":45,"column":20}}]},"10":{"loc":{"start":{"line":60,"column":4},"end":{"line":60,"column":22}},"type":"if","locations":[{"start":{"line":60,"column":4},"end":{"line":60,"column":22}},{"start":{"line":60,"column":4},"end":{"line":60,"column":22}}]},"11":{"loc":{"start":{"line":61,"column":4},"end":{"line":61,"column":57}},"type":"if","locations":[{"start":{"line":61,"column":4},"end":{"line":61,"column":57}},{"start":{"line":61,"column":4},"end":{"line":61,"column":57}}]},"12":{"loc":{"start":{"line":62,"column":4},"end":{"line":62,"column":34}},"type":"if","locations":[{"start":{"line":62,"column":4},"end":{"line":62,"column":34}},{"start":{"line":62,"column":4},"end":{"line":62,"column":34}}]},"13":{"loc":{"start":{"line":64,"column":4},"end":{"line":66,"column":5}},"type":"if","locations":[{"start":{"line":64,"column":4},"end":{"line":66,"column":5}},{"start":{"line":64,"column":4},"end":{"line":66,"column":5}}]},"14":{"loc":{"start":{"line":64,"column":8},"end":{"line":64,"column":14}},"type":"binary-expr","locations":[{"start":{"line":64,"column":8},"end":{"line":64,"column":14}},{"start":{"line":64,"column":18},"end":{"line":64,"column":35}}]},"15":{"loc":{"start":{"line":68,"column":4},"end":{"line":73,"column":5}},"type":"if","locations":[{"start":{"line":68,"column":4},"end":{"line":73,"column":5}},{"start":{"line":68,"column":4},"end":{"line":73,"column":5}}]},"16":{"loc":{"start":{"line":69,"column":6},"end":{"line":72,"column":7}},"type":"if","locations":[{"start":{"line":69,"column":6},"end":{"line":72,"column":7}},{"start":{"line":69,"column":6},"end":{"line":72,"column":7}}]},"17":{"loc":{"start":{"line":69,"column":16},"end":{"line":69,"column":17}},"type":"cond-expr","locations":[{"start":{"line":69,"column":16},"end":{"line":69,"column":17}},{"start":{"line":69,"column":16},"end":{"line":69,"column":30}}]},"18":{"loc":{"start":{"line":69,"column":6},"end":{"line":69,"column":16}},"type":"binary-expr","locations":[{"start":{"line":69,"column":6},"end":{"line":69,"column":16}},{"start":{"line":69,"column":16},"end":{"line":69,"column":17}}]},"19":{"loc":{"start":{"line":75,"column":4},"end":{"line":80,"column":5}},"type":"if","locations":[{"start":{"line":75,"column":4},"end":{"line":80,"column":5}},{"start":{"line":75,"column":4},"end":{"line":80,"column":5}}]},"20":{"loc":{"start":{"line":76,"column":6},"end":{"line":79,"column":7}},"type":"if","locations":[{"start":{"line":76,"column":6},"end":{"line":79,"column":7}},{"start":{"line":76,"column":6},"end":{"line":79,"column":7}}]},"21":{"loc":{"start":{"line":76,"column":16},"end":{"line":76,"column":17}},"type":"cond-expr","locations":[{"start":{"line":76,"column":16},"end":{"line":76,"column":17}},{"start":{"line":76,"column":16},"end":{"line":76,"column":32}}]},"22":{"loc":{"start":{"line":76,"column":6},"end":{"line":76,"column":16}},"type":"binary-expr","locations":[{"start":{"line":76,"column":6},"end":{"line":76,"column":16}},{"start":{"line":76,"column":16},"end":{"line":76,"column":17}}]},"23":{"loc":{"start":{"line":105,"column":4},"end":{"line":105,"column":59}},"type":"if","locations":[{"start":{"line":105,"column":4},"end":{"line":105,"column":59}},{"start":{"line":105,"column":4},"end":{"line":105,"column":59}}]},"24":{"loc":{"start":{"line":106,"column":4},"end":{"line":106,"column":34}},"type":"if","locations":[{"start":{"line":106,"column":4},"end":{"line":106,"column":34}},{"start":{"line":106,"column":4},"end":{"line":106,"column":34}}]},"25":{"loc":{"start":{"line":109,"column":4},"end":{"line":114,"column":5}},"type":"if","locations":[{"start":{"line":109,"column":4},"end":{"line":114,"column":5}},{"start":{"line":109,"column":4},"end":{"line":114,"column":5}}]},"26":{"loc":{"start":{"line":110,"column":6},"end":{"line":112,"column":7}},"type":"if","locations":[{"start":{"line":110,"column":6},"end":{"line":112,"column":7}},{"start":{"line":110,"column":6},"end":{"line":112,"column":7}}]},"27":{"loc":{"start":{"line":110,"column":16},"end":{"line":110,"column":17}},"type":"cond-expr","locations":[{"start":{"line":110,"column":16},"end":{"line":110,"column":17}},{"start":{"line":110,"column":16},"end":{"line":110,"column":47}}]},"28":{"loc":{"start":{"line":110,"column":6},"end":{"line":110,"column":16}},"type":"binary-expr","locations":[{"start":{"line":110,"column":6},"end":{"line":110,"column":16}},{"start":{"line":110,"column":16},"end":{"line":110,"column":17}}]},"29":{"loc":{"start":{"line":117,"column":4},"end":{"line":122,"column":5}},"type":"if","locations":[{"start":{"line":117,"column":4},"end":{"line":122,"column":5}},{"start":{"line":117,"column":4},"end":{"line":122,"column":5}}]},"30":{"loc":{"start":{"line":118,"column":6},"end":{"line":120,"column":7}},"type":"if","locations":[{"start":{"line":118,"column":6},"end":{"line":120,"column":7}},{"start":{"line":118,"column":6},"end":{"line":120,"column":7}}]},"31":{"loc":{"start":{"line":118,"column":16},"end":{"line":118,"column":17}},"type":"cond-expr","locations":[{"start":{"line":118,"column":16},"end":{"line":118,"column":17}},{"start":{"line":118,"column":16},"end":{"line":118,"column":49}}]},"32":{"loc":{"start":{"line":118,"column":6},"end":{"line":118,"column":16}},"type":"binary-expr","locations":[{"start":{"line":118,"column":6},"end":{"line":118,"column":16}},{"start":{"line":118,"column":16},"end":{"line":118,"column":17}}]},"33":{"loc":{"start":{"line":135,"column":4},"end":{"line":135,"column":55}},"type":"if","locations":[{"start":{"line":135,"column":4},"end":{"line":135,"column":55}},{"start":{"line":135,"column":4},"end":{"line":135,"column":55}}]},"34":{"loc":{"start":{"line":136,"column":4},"end":{"line":136,"column":34}},"type":"if","locations":[{"start":{"line":136,"column":4},"end":{"line":136,"column":34}},{"start":{"line":136,"column":4},"end":{"line":136,"column":34}}]},"35":{"loc":{"start":{"line":139,"column":4},"end":{"line":142,"column":5}},"type":"if","locations":[{"start":{"line":139,"column":4},"end":{"line":142,"column":5}},{"start":{"line":139,"column":4},"end":{"line":142,"column":5}}]},"36":{"loc":{"start":{"line":139,"column":14},"end":{"line":139,"column":15}},"type":"cond-expr","locations":[{"start":{"line":139,"column":14},"end":{"line":139,"column":15}},{"start":{"line":139,"column":14},"end":{"line":139,"column":37}}]},"37":{"loc":{"start":{"line":139,"column":4},"end":{"line":139,"column":14}},"type":"binary-expr","locations":[{"start":{"line":139,"column":4},"end":{"line":139,"column":14}},{"start":{"line":139,"column":14},"end":{"line":139,"column":15}}]},"38":{"loc":{"start":{"line":144,"column":4},"end":{"line":147,"column":5}},"type":"if","locations":[{"start":{"line":144,"column":4},"end":{"line":147,"column":5}},{"start":{"line":144,"column":4},"end":{"line":147,"column":5}}]},"39":{"loc":{"start":{"line":144,"column":14},"end":{"line":144,"column":15}},"type":"cond-expr","locations":[{"start":{"line":144,"column":14},"end":{"line":144,"column":15}},{"start":{"line":144,"column":14},"end":{"line":144,"column":39}}]},"40":{"loc":{"start":{"line":144,"column":4},"end":{"line":144,"column":14}},"type":"binary-expr","locations":[{"start":{"line":144,"column":4},"end":{"line":144,"column":14}},{"start":{"line":144,"column":14},"end":{"line":144,"column":15}}]},"41":{"loc":{"start":{"line":159,"column":4},"end":{"line":161,"column":5}},"type":"if","locations":[{"start":{"line":159,"column":4},"end":{"line":161,"column":5}},{"start":{"line":159,"column":4},"end":{"line":161,"column":5}}]},"42":{"loc":{"start":{"line":164,"column":4},"end":{"line":166,"column":5}},"type":"if","locations":[{"start":{"line":164,"column":4},"end":{"line":166,"column":5}},{"start":{"line":164,"column":4},"end":{"line":166,"column":5}}]},"43":{"loc":{"start":{"line":197,"column":4},"end":{"line":197,"column":59}},"type":"if","locations":[{"start":{"line":197,"column":4},"end":{"line":197,"column":59}},{"start":{"line":197,"column":4},"end":{"line":197,"column":59}}]},"44":{"loc":{"start":{"line":198,"column":4},"end":{"line":198,"column":40}},"type":"if","locations":[{"start":{"line":198,"column":4},"end":{"line":198,"column":40}},{"start":{"line":198,"column":4},"end":{"line":198,"column":40}}]},"45":{"loc":{"start":{"line":201,"column":4},"end":{"line":211,"column":5}},"type":"if","locations":[{"start":{"line":201,"column":4},"end":{"line":211,"column":5}},{"start":{"line":201,"column":4},"end":{"line":211,"column":5}}]},"46":{"loc":{"start":{"line":204,"column":11},"end":{"line":204,"column":31}},"type":"binary-expr","locations":[{"start":{"line":204,"column":11},"end":{"line":204,"column":31}},{"start":{"line":205,"column":12},"end":{"line":205,"column":63}},{"start":{"line":206,"column":10},"end":{"line":206,"column":14}}]},"47":{"loc":{"start":{"line":204,"column":17},"end":{"line":204,"column":18}},"type":"cond-expr","locations":[{"start":{"line":204,"column":17},"end":{"line":204,"column":18}},{"start":{"line":204,"column":17},"end":{"line":204,"column":31}}]},"48":{"loc":{"start":{"line":204,"column":11},"end":{"line":204,"column":17}},"type":"binary-expr","locations":[{"start":{"line":204,"column":11},"end":{"line":204,"column":17}},{"start":{"line":204,"column":17},"end":{"line":204,"column":18}}]},"49":{"loc":{"start":{"line":205,"column":23},"end":{"line":205,"column":56}},"type":"binary-expr","locations":[{"start":{"line":205,"column":23},"end":{"line":205,"column":56}},{"start":{"line":205,"column":60},"end":{"line":205,"column":62}}]},"50":{"loc":{"start":{"line":213,"column":4},"end":{"line":223,"column":5}},"type":"if","locations":[{"start":{"line":213,"column":4},"end":{"line":223,"column":5}},{"start":{"line":213,"column":4},"end":{"line":223,"column":5}}]},"51":{"loc":{"start":{"line":216,"column":11},"end":{"line":216,"column":33}},"type":"binary-expr","locations":[{"start":{"line":216,"column":11},"end":{"line":216,"column":33}},{"start":{"line":217,"column":12},"end":{"line":217,"column":65}},{"start":{"line":218,"column":10},"end":{"line":218,"column":14}}]},"52":{"loc":{"start":{"line":216,"column":17},"end":{"line":216,"column":18}},"type":"cond-expr","locations":[{"start":{"line":216,"column":17},"end":{"line":216,"column":18}},{"start":{"line":216,"column":17},"end":{"line":216,"column":33}}]},"53":{"loc":{"start":{"line":216,"column":11},"end":{"line":216,"column":17}},"type":"binary-expr","locations":[{"start":{"line":216,"column":11},"end":{"line":216,"column":17}},{"start":{"line":216,"column":17},"end":{"line":216,"column":18}}]},"54":{"loc":{"start":{"line":217,"column":23},"end":{"line":217,"column":58}},"type":"binary-expr","locations":[{"start":{"line":217,"column":23},"end":{"line":217,"column":58}},{"start":{"line":217,"column":62},"end":{"line":217,"column":64}}]},"55":{"loc":{"start":{"line":238,"column":4},"end":{"line":238,"column":57}},"type":"if","locations":[{"start":{"line":238,"column":4},"end":{"line":238,"column":57}},{"start":{"line":238,"column":4},"end":{"line":238,"column":57}}]},"56":{"loc":{"start":{"line":239,"column":4},"end":{"line":239,"column":40}},"type":"if","locations":[{"start":{"line":239,"column":4},"end":{"line":239,"column":40}},{"start":{"line":239,"column":4},"end":{"line":239,"column":40}}]},"57":{"loc":{"start":{"line":241,"column":4},"end":{"line":243,"column":5}},"type":"if","locations":[{"start":{"line":241,"column":4},"end":{"line":243,"column":5}},{"start":{"line":241,"column":4},"end":{"line":243,"column":5}}]},"58":{"loc":{"start":{"line":246,"column":4},"end":{"line":251,"column":5}},"type":"if","locations":[{"start":{"line":246,"column":4},"end":{"line":251,"column":5}},{"start":{"line":246,"column":4},"end":{"line":251,"column":5}}]},"59":{"loc":{"start":{"line":247,"column":6},"end":{"line":250,"column":7}},"type":"if","locations":[{"start":{"line":247,"column":6},"end":{"line":250,"column":7}},{"start":{"line":247,"column":6},"end":{"line":250,"column":7}}]},"60":{"loc":{"start":{"line":247,"column":16},"end":{"line":247,"column":17}},"type":"cond-expr","locations":[{"start":{"line":247,"column":16},"end":{"line":247,"column":17}},{"start":{"line":247,"column":16},"end":{"line":247,"column":30}}]},"61":{"loc":{"start":{"line":247,"column":6},"end":{"line":247,"column":16}},"type":"binary-expr","locations":[{"start":{"line":247,"column":6},"end":{"line":247,"column":16}},{"start":{"line":247,"column":16},"end":{"line":247,"column":17}}]},"62":{"loc":{"start":{"line":254,"column":4},"end":{"line":259,"column":5}},"type":"if","locations":[{"start":{"line":254,"column":4},"end":{"line":259,"column":5}},{"start":{"line":254,"column":4},"end":{"line":259,"column":5}}]},"63":{"loc":{"start":{"line":255,"column":6},"end":{"line":258,"column":7}},"type":"if","locations":[{"start":{"line":255,"column":6},"end":{"line":258,"column":7}},{"start":{"line":255,"column":6},"end":{"line":258,"column":7}}]},"64":{"loc":{"start":{"line":255,"column":16},"end":{"line":255,"column":17}},"type":"cond-expr","locations":[{"start":{"line":255,"column":16},"end":{"line":255,"column":17}},{"start":{"line":255,"column":16},"end":{"line":255,"column":32}}]},"65":{"loc":{"start":{"line":255,"column":6},"end":{"line":255,"column":16}},"type":"binary-expr","locations":[{"start":{"line":255,"column":6},"end":{"line":255,"column":16}},{"start":{"line":255,"column":16},"end":{"line":255,"column":17}}]},"66":{"loc":{"start":{"line":268,"column":16},"end":{"line":268,"column":52}},"type":"if","locations":[{"start":{"line":268,"column":16},"end":{"line":268,"column":52}},{"start":{"line":268,"column":16},"end":{"line":268,"column":52}}]},"67":{"loc":{"start":{"line":270,"column":4},"end":{"line":273,"column":5}},"type":"if","locations":[{"start":{"line":270,"column":4},"end":{"line":273,"column":5}},{"start":{"line":270,"column":4},"end":{"line":273,"column":5}}]},"68":{"loc":{"start":{"line":270,"column":14},"end":{"line":270,"column":15}},"type":"cond-expr","locations":[{"start":{"line":270,"column":14},"end":{"line":270,"column":15}},{"start":{"line":270,"column":14},"end":{"line":270,"column":40}}]},"69":{"loc":{"start":{"line":270,"column":4},"end":{"line":270,"column":14}},"type":"binary-expr","locations":[{"start":{"line":270,"column":4},"end":{"line":270,"column":14}},{"start":{"line":270,"column":14},"end":{"line":270,"column":15}}]},"70":{"loc":{"start":{"line":276,"column":4},"end":{"line":279,"column":5}},"type":"if","locations":[{"start":{"line":276,"column":4},"end":{"line":279,"column":5}},{"start":{"line":276,"column":4},"end":{"line":279,"column":5}}]},"71":{"loc":{"start":{"line":276,"column":14},"end":{"line":276,"column":15}},"type":"cond-expr","locations":[{"start":{"line":276,"column":14},"end":{"line":276,"column":15}},{"start":{"line":276,"column":14},"end":{"line":276,"column":42}}]},"72":{"loc":{"start":{"line":276,"column":4},"end":{"line":276,"column":14}},"type":"binary-expr","locations":[{"start":{"line":276,"column":4},"end":{"line":276,"column":14}},{"start":{"line":276,"column":14},"end":{"line":276,"column":15}}]},"73":{"loc":{"start":{"line":291,"column":10},"end":{"line":291,"column":11}},"type":"cond-expr","locations":[{"start":{"line":291,"column":10},"end":{"line":291,"column":11}},{"start":{"line":291,"column":10},"end":{"line":291,"column":30}}]},"74":{"loc":{"start":{"line":291,"column":4},"end":{"line":291,"column":10}},"type":"binary-expr","locations":[{"start":{"line":291,"column":4},"end":{"line":291,"column":10}},{"start":{"line":291,"column":10},"end":{"line":291,"column":11}}]},"75":{"loc":{"start":{"line":292,"column":10},"end":{"line":292,"column":11}},"type":"cond-expr","locations":[{"start":{"line":292,"column":10},"end":{"line":292,"column":11}},{"start":{"line":292,"column":10},"end":{"line":292,"column":32}}]},"76":{"loc":{"start":{"line":292,"column":4},"end":{"line":292,"column":10}},"type":"binary-expr","locations":[{"start":{"line":292,"column":4},"end":{"line":292,"column":10}},{"start":{"line":292,"column":10},"end":{"line":292,"column":11}}]}},"s":{"0":1,"1":1,"2":1,"3":1,"4":1,"5":1,"6":1,"7":1,"8":0,"9":0,"10":0,"11":0,"12":0,"13":0,"14":0,"15":0,"16":0,"17":0,"18":0,"19":0,"20":0,"21":0,"22":0,"23":0,"24":0,"25":0,"26":0,"27":0,"28":0,"29":0,"30":0,"31":0,"32":0,"33":0,"34":0,"35":0,"36":0,"37":0,"38":0,"39":0,"40":0,"41":0,"42":0,"43":0,"44":0,"45":0,"46":0,"47":0,"48":0,"49":0,"50":0,"51":0,"52":0,"53":0,"54":0,"55":0,"56":0,"57":0,"58":0,"59":0,"60":0,"61":0,"62":0,"63":0,"64":0,"65":0,"66":0,"67":0,"68":0,"69":0,"70":0,"71":0,"72":0,"73":0,"74":0,"75":0,"76":0,"77":0,"78":0,"79":0,"80":0,"81":0,"82":0,"83":0,"84":0,"85":0,"86":0,"87":0,"88":0,"89":0,"90":0,"91":1},"f":{"0":0,"1":0,"2":0,"3":0,"4":0,"5":0,"6":0,"7":0,"8":0,"9":0},"b":{"0":[0,0],"1":[0,0],"2":[0,0],"3":[0,0],"4":[0,0],"5":[0,0],"6":[0,0],"7":[0,0],"8":[0,0],"9":[0,0],"10":[0,0],"11":[0,0],"12":[0,0],"13":[0,0],"14":[0,0],"15":[0,0],"16":[0,0],"17":[0,0],"18":[0,0],"19":[0,0],"20":[0,0],"21":[0,0],"22":[0,0],"23":[0,0],"24":[0,0],"25":[0,0],"26":[0,0],"27":[0,0],"28":[0,0],"29":[0,0],"30":[0,0],"31":[0,0],"32":[0,0],"33":[0,0],"34":[0,0],"35":[0,0],"36":[0,0],"37":[0,0],"38":[0,0],"39":[0,0],"40":[0,0],"41":[0,0],"42":[0,0],"43":[0,0],"44":[0,0],"45":[0,0],"46":[0,0,0],"47":[0,0],"48":[0,0],"49":[0,0],"50":[0,0],"51":[0,0,0],"52":[0,0],"53":[0,0],"54":[0,0],"55":[0,0],"56":[0,0],"57":[0,0],"58":[0,0],"59":[0,0],"60":[0,0],"61":[0,0],"62":[0,0],"63":[0,0],"64":[0,0],"65":[0,0],"66":[0,0],"67":[0,0],"68":[0,0],"69":[0,0],"70":[0,0],"71":[0,0],"72":[0,0],"73":[0,0],"74":[0,0],"75":[0,0],"76":[0,0]}}
,"/Users/mackentoch/GitProjects/react-bootstrap-webpack-starter/front/test/setupTests.ts": {"path":"/Users/mackentoch/GitProjects/react-bootstrap-webpack-starter/front/test/setupTests.ts","statementMap":{"0":{"start":{"line":3,"column":0},"end":{"line":3,"column":24}},"1":{"start":{"line":5,"column":0},"end":{"line":5,"column":34}},"2":{"start":{"line":7,"column":0},"end":{"line":7,"column":26}},"3":{"start":{"line":9,"column":0},"end":{"line":9,"column":39}},"4":{"start":{"line":11,"column":15},"end":{"line":11,"column":32}},"5":{"start":{"line":13,"column":22},"end":{"line":13,"column":56}},"6":{"start":{"line":16,"column":0},"end":{"line":16,"column":51}}},"fnMap":{},"branchMap":{},"s":{"0":1,"1":1,"2":1,"3":1,"4":1,"5":1,"6":1},"f":{},"b":{}}
}
