{"/Users/mackentoch/GitProjects/react-bootstrap-webpack-starter/front/src/components/backToTop/BackToTop.tsx": {"path":"/Users/mackentoch/GitProjects/react-bootstrap-webpack-starter/front/src/components/backToTop/BackToTop.tsx","statementMap":{"0":{"start":{"line":2,"column":0},"end":{"line":2,"column":50}},"1":{"start":{"line":3,"column":0},"end":{"line":3,"column":63}},"2":{"start":{"line":4,"column":0},"end":{"line":4,"column":54}},"3":{"start":{"line":12,"column":21},"end":{"line":12,"column":37}},"4":{"start":{"line":12,"column":39},"end":{"line":12,"column":62}},"5":{"start":{"line":13,"column":8},"end":{"line":13,"column":61}},"6":{"start":{"line":13,"column":9},"end":{"line":13,"column":23}},"7":{"start":{"line":13,"column":25},"end":{"line":13,"column":61}},"8":{"start":{"line":14,"column":8},"end":{"line":14,"column":55}},"9":{"start":{"line":14,"column":9},"end":{"line":14,"column":22}},"10":{"start":{"line":14,"column":24},"end":{"line":14,"column":55}},"11":{"start":{"line":15,"column":8},"end":{"line":15,"column":71}},"12":{"start":{"line":15,"column":9},"end":{"line":15,"column":28}},"13":{"start":{"line":15,"column":30},"end":{"line":15,"column":71}},"14":{"start":{"line":18,"column":29},"end":{"line":49,"column":3}},"15":{"start":{"line":19,"column":4},"end":{"line":21,"column":5}},"16":{"start":{"line":20,"column":6},"end":{"line":20,"column":13}},"17":{"start":{"line":25,"column":6},"end":{"line":31,"column":21}},"18":{"start":{"line":35,"column":4},"end":{"line":46,"column":5}},"19":{"start":{"line":36,"column":6},"end":{"line":45,"column":9}},"20":{"start":{"line":37,"column":8},"end":{"line":43,"column":9}},"21":{"start":{"line":39,"column":12},"end":{"line":39,"column":61}},"22":{"start":{"line":41,"column":10},"end":{"line":41,"column":49}},"23":{"start":{"line":42,"column":10},"end":{"line":42,"column":50}},"24":{"start":{"line":44,"column":8},"end":{"line":44,"column":38}},"25":{"start":{"line":48,"column":4},"end":{"line":48,"column":33}},"26":{"start":{"line":53,"column":35},"end":{"line":62,"column":3}},"27":{"start":{"line":56,"column":4},"end":{"line":56,"column":36}},"28":{"start":{"line":57,"column":4},"end":{"line":61,"column":5}},"29":{"start":{"line":59,"column":6},"end":{"line":59,"column":61}},"30":{"start":{"line":60,"column":6},"end":{"line":60,"column":59}},"31":{"start":{"line":66,"column":2},"end":{"line":76,"column":5}},"32":{"start":{"line":67,"column":4},"end":{"line":69,"column":5}},"33":{"start":{"line":68,"column":6},"end":{"line":68,"column":60}},"34":{"start":{"line":71,"column":4},"end":{"line":75,"column":6}},"35":{"start":{"line":72,"column":6},"end":{"line":74,"column":7}},"36":{"start":{"line":73,"column":8},"end":{"line":73,"column":65}},"37":{"start":{"line":79,"column":2},"end":{"line":93,"column":4}},"38":{"start":{"line":82,"column":10},"end":{"line":82,"column":11}},"39":{"start":{"line":82,"column":18},"end":{"line":91,"column":7}},"40":{"start":{"line":96,"column":0},"end":{"line":96,"column":36}},"41":{"start":{"line":98,"column":0},"end":{"line":98,"column":25}}},"fnMap":{"0":{"name":"BackToTop","decl":{"start":{"line":12,"column":9},"end":{"line":12,"column":18}},"loc":{"start":{"line":12,"column":71},"end":{"line":94,"column":1}}},"1":{"name":"(anonymous_1)","decl":{"start":{"line":12,"column":39},"end":{"line":12,"column":61}},"loc":{"start":{"line":12,"column":39},"end":{"line":12,"column":61}}},"2":{"name":"(anonymous_2)","decl":{"start":{"line":18,"column":29},"end":{"line":null,"column":-1}},"loc":{"start":{"line":18,"column":29},"end":{"line":49,"column":3}}},"3":{"name":"(anonymous_3)","decl":{"start":{"line":36,"column":35},"end":{"line":null,"column":-1}},"loc":{"start":{"line":36,"column":35},"end":{"line":45,"column":7}}},"4":{"name":"(anonymous_4)","decl":{"start":{"line":53,"column":35},"end":{"line":54,"column":3}},"loc":{"start":{"line":54,"column":46},"end":{"line":62,"column":3}}},"5":{"name":"(anonymous_5)","decl":{"start":{"line":66,"column":12},"end":{"line":null,"column":-1}},"loc":{"start":{"line":66,"column":12},"end":{"line":76,"column":3}}},"6":{"name":"unsubscribeEvents","decl":{"start":{"line":71,"column":20},"end":{"line":71,"column":37}},"loc":{"start":{"line":71,"column":37},"end":{"line":75,"column":5}}},"7":{"name":"(anonymous_7)","decl":{"start":{"line":82,"column":7},"end":{"line":82,"column":7}},"loc":{"start":{"line":82,"column":13},"end":{"line":91,"column":7}}}},"branchMap":{"0":{"loc":{"start":{"line":12,"column":21},"end":{"line":12,"column":36}},"type":"cond-expr","locations":[{"start":{"line":12,"column":21},"end":{"line":12,"column":36}},{"start":{"line":12,"column":21},"end":{"line":12,"column":37}}]},"1":{"loc":{"start":{"line":12,"column":39},"end":{"line":12,"column":61}},"type":"cond-expr","locations":[{"start":{"line":12,"column":39},"end":{"line":12,"column":61}},{"start":{"line":12,"column":39},"end":{"line":12,"column":62}}]},"2":{"loc":{"start":{"line":19,"column":4},"end":{"line":21,"column":5}},"type":"if","locations":[{"start":{"line":19,"column":4},"end":{"line":21,"column":5}},{"start":{"line":19,"column":4},"end":{"line":21,"column":5}}]},"3":{"loc":{"start":{"line":26,"column":10},"end":{"line":26,"column":28}},"type":"cond-expr","locations":[{"start":{"line":26,"column":10},"end":{"line":26,"column":28}},{"start":{"line":27,"column":10},"end":{"line":31,"column":21}}]},"4":{"loc":{"start":{"line":28,"column":12},"end":{"line":28,"column":36}},"type":"binary-expr","locations":[{"start":{"line":28,"column":12},"end":{"line":28,"column":36}},{"start":{"line":29,"column":12},"end":{"line":29,"column":36}},{"start":{"line":30,"column":12},"end":{"line":30,"column":25}}]},"5":{"loc":{"start":{"line":35,"column":4},"end":{"line":46,"column":5}},"type":"if","locations":[{"start":{"line":35,"column":4},"end":{"line":46,"column":5}},{"start":{"line":35,"column":4},"end":{"line":46,"column":5}}]},"6":{"loc":{"start":{"line":37,"column":8},"end":{"line":43,"column":9}},"type":"if","locations":[{"start":{"line":37,"column":8},"end":{"line":43,"column":9}},{"start":{"line":37,"column":8},"end":{"line":43,"column":9}}]},"7":{"loc":{"start":{"line":39,"column":49},"end":{"line":39,"column":53}},"type":"cond-expr","locations":[{"start":{"line":39,"column":49},"end":{"line":39,"column":53}},{"start":{"line":39,"column":56},"end":{"line":39,"column":61}}]},"8":{"loc":{"start":{"line":56,"column":4},"end":{"line":56,"column":9}},"type":"binary-expr","locations":[{"start":{"line":56,"column":4},"end":{"line":56,"column":9}},{"start":{"line":56,"column":13},"end":{"line":56,"column":35}}]},"9":{"loc":{"start":{"line":57,"column":4},"end":{"line":61,"column":5}},"type":"if","locations":[{"start":{"line":57,"column":4},"end":{"line":61,"column":5}},{"start":{"line":57,"column":4},"end":{"line":61,"column":5}}]},"10":{"loc":{"start":{"line":57,"column":8},"end":{"line":57,"column":14}},"type":"binary-expr","locations":[{"start":{"line":57,"column":8},"end":{"line":57,"column":14}},{"start":{"line":57,"column":18},"end":{"line":57,"column":31}},{"start":{"line":57,"column":35},"end":{"line":57,"column":61}}]},"11":{"loc":{"start":{"line":60,"column":6},"end":{"line":60,"column":40}},"type":"binary-expr","locations":[{"start":{"line":60,"column":6},"end":{"line":60,"column":40}},{"start":{"line":60,"column":44},"end":{"line":60,"column":58}}]},"12":{"loc":{"start":{"line":67,"column":4},"end":{"line":69,"column":5}},"type":"if","locations":[{"start":{"line":67,"column":4},"end":{"line":69,"column":5}},{"start":{"line":67,"column":4},"end":{"line":69,"column":5}}]},"13":{"loc":{"start":{"line":72,"column":6},"end":{"line":74,"column":7}},"type":"if","locations":[{"start":{"line":72,"column":6},"end":{"line":74,"column":7}},{"start":{"line":72,"column":6},"end":{"line":74,"column":7}}]},"14":{"loc":{"start":{"line":81,"column":48},"end":{"line":81,"column":49}},"type":"cond-expr","locations":[{"start":{"line":81,"column":48},"end":{"line":81,"column":49}},{"start":{"line":81,"column":52},"end":{"line":81,"column":55}}]}},"s":{"0":2,"1":2,"2":2,"3":4,"4":4,"5":2,"6":2,"7":2,"8":2,"9":2,"10":2,"11":2,"12":2,"13":2,"14":2,"15":0,"16":0,"17":0,"18":0,"19":0,"20":0,"21":0,"22":0,"23":0,"24":0,"25":0,"26":2,"27":0,"28":0,"29":0,"30":0,"31":2,"32":2,"33":2,"34":2,"35":2,"36":2,"37":2,"38":2,"39":2,"40":2,"41":2},"f":{"0":2,"1":0,"2":0,"3":0,"4":0,"5":2,"6":2,"7":2},"b":{"0":[0,2],"1":[1,1],"2":[0,0],"3":[0,0],"4":[0,0,0],"5":[0,0],"6":[0,0],"7":[0,0],"8":[0,0],"9":[0,0],"10":[0,0,0],"11":[0,0],"12":[2,0],"13":[2,0],"14":[0,2]}}
,"/Users/mackentoch/GitProjects/react-bootstrap-webpack-starter/front/src/components/backToTop/backToTopButton/BackToTopButton.tsx": {"path":"/Users/mackentoch/GitProjects/react-bootstrap-webpack-starter/front/src/components/backToTop/backToTopButton/BackToTopButton.tsx","statementMap":{"0":{"start":{"line":1,"column":0},"end":{"line":1,"column":25}},"1":{"start":{"line":2,"column":0},"end":{"line":2,"column":27}},"2":{"start":{"line":3,"column":0},"end":{"line":3,"column":29}},"3":{"start":{"line":4,"column":0},"end":{"line":4,"column":54}},"4":{"start":{"line":15,"column":31},"end":{"line":15,"column":40}},"5":{"start":{"line":16,"column":19},"end":{"line":16,"column":26}},"6":{"start":{"line":17,"column":21},"end":{"line":17,"column":27}},"7":{"start":{"line":18,"column":21},"end":{"line":18,"column":28}},"8":{"start":{"line":19,"column":22},"end":{"line":19,"column":24}},"9":{"start":{"line":20,"column":23},"end":{"line":20,"column":26}},"10":{"start":{"line":21,"column":21},"end":{"line":30,"column":1}},"11":{"start":{"line":32,"column":21},"end":{"line":32,"column":46}},"12":{"start":{"line":32,"column":48},"end":{"line":32,"column":71}},"13":{"start":{"line":33,"column":13},"end":{"line":33,"column":31}},"14":{"start":{"line":35,"column":2},"end":{"line":48,"column":3}},"15":{"start":{"line":37,"column":6},"end":{"line":37,"column":31}},"16":{"start":{"line":38,"column":6},"end":{"line":38,"column":22}},"17":{"start":{"line":39,"column":6},"end":{"line":39,"column":19}},"18":{"start":{"line":42,"column":6},"end":{"line":42,"column":23}},"19":{"start":{"line":43,"column":6},"end":{"line":43,"column":30}},"20":{"start":{"line":44,"column":6},"end":{"line":44,"column":19}},"21":{"start":{"line":47,"column":6},"end":{"line":47,"column":22}},"22":{"start":{"line":52,"column":24},"end":{"line":79,"column":1}},"23":{"start":{"line":53,"column":2},"end":{"line":53,"column":9}},"24":{"start":{"line":54,"column":2},"end":{"line":54,"column":27}},"25":{"start":{"line":55,"column":2},"end":{"line":55,"column":10}},"26":{"start":{"line":56,"column":2},"end":{"line":56,"column":13}},"27":{"start":{"line":58,"column":22},"end":{"line":61,"column":4}},"28":{"start":{"line":63,"column":2},"end":{"line":78,"column":4}},"29":{"start":{"line":81,"column":0},"end":{"line":81,"column":48}},"30":{"start":{"line":83,"column":0},"end":{"line":83,"column":31}}},"fnMap":{"0":{"name":"setPosition","decl":{"start":{"line":32,"column":9},"end":{"line":32,"column":20}},"loc":{"start":{"line":32,"column":71},"end":{"line":49,"column":1}}},"1":{"name":"(anonymous_1)","decl":{"start":{"line":52,"column":24},"end":{"line":52,"column":24}},"loc":{"start":{"line":57,"column":8},"end":{"line":79,"column":1}}}},"branchMap":{"0":{"loc":{"start":{"line":32,"column":21},"end":{"line":32,"column":46}},"type":"if","locations":[{"start":{"line":32,"column":21},"end":{"line":32,"column":46}},{"start":{"line":32,"column":21},"end":{"line":32,"column":46}}]},"1":{"loc":{"start":{"line":32,"column":48},"end":{"line":32,"column":71}},"type":"if","locations":[{"start":{"line":32,"column":48},"end":{"line":32,"column":71}},{"start":{"line":32,"column":48},"end":{"line":32,"column":71}}]},"2":{"loc":{"start":{"line":36,"column":4},"end":{"line":39,"column":19}},"type":"switch","locations":[{"start":{"line":36,"column":4},"end":{"line":39,"column":19}},{"start":{"line":41,"column":4},"end":{"line":44,"column":19}},{"start":{"line":46,"column":4},"end":{"line":47,"column":22}}]},"3":{"loc":{"start":{"line":54,"column":2},"end":{"line":54,"column":26}},"type":"cond-expr","locations":[{"start":{"line":54,"column":2},"end":{"line":54,"column":26}},{"start":{"line":54,"column":2},"end":{"line":54,"column":27}}]},"4":{"loc":{"start":{"line":71,"column":7},"end":{"line":71,"column":16}},"type":"binary-expr","locations":[{"start":{"line":71,"column":7},"end":{"line":71,"column":16}},{"start":{"line":72,"column":8},"end":{"line":74,"column":26}}]},"5":{"loc":{"start":{"line":76,"column":7},"end":{"line":76,"column":17}},"type":"binary-expr","locations":[{"start":{"line":76,"column":7},"end":{"line":76,"column":17}},{"start":{"line":76,"column":21},"end":{"line":76,"column":29}}]}},"s":{"0":3,"1":3,"2":3,"3":3,"4":3,"5":3,"6":3,"7":3,"8":3,"9":3,"10":3,"11":3,"12":3,"13":3,"14":3,"15":2,"16":2,"17":2,"18":1,"19":1,"20":1,"21":0,"22":3,"23":3,"24":6,"25":3,"26":3,"27":3,"28":3,"29":3,"30":3},"f":{"0":3,"1":3},"b":{"0":[0,3],"1":[0,3],"2":[2,1,0],"3":[0,3],"4":[3,2],"5":[3,1]}}
,"/Users/mackentoch/GitProjects/react-bootstrap-webpack-starter/front/src/components/backToTop/backToTopButton/UpIcon.tsx": {"path":"/Users/mackentoch/GitProjects/react-bootstrap-webpack-starter/front/src/components/backToTop/backToTopButton/UpIcon.tsx","statementMap":{"0":{"start":{"line":1,"column":0},"end":{"line":1,"column":25}},"1":{"start":{"line":7,"column":15},"end":{"line":16,"column":1}},"2":{"start":{"line":7,"column":18},"end":{"line":7,"column":23}},"3":{"start":{"line":8,"column":2},"end":{"line":15,"column":4}},"4":{"start":{"line":19,"column":0},"end":{"line":21,"column":2}},"5":{"start":{"line":23,"column":0},"end":{"line":23,"column":30}},"6":{"start":{"line":26,"column":0},"end":{"line":26,"column":22}}},"fnMap":{"0":{"name":"(anonymous_0)","decl":{"start":{"line":7,"column":15},"end":{"line":7,"column":15}},"loc":{"start":{"line":7,"column":32},"end":{"line":16,"column":1}}}},"branchMap":{},"s":{"0":4,"1":4,"2":3,"3":3,"4":4,"5":4,"6":4},"f":{"0":3},"b":{}}
,"/Users/mackentoch/GitProjects/react-bootstrap-webpack-starter/front/src/components/backToTop/backToTopButton/styled/WithRightMargin.tsx": {"path":"/Users/mackentoch/GitProjects/react-bootstrap-webpack-starter/front/src/components/backToTop/backToTopButton/styled/WithRightMargin.tsx","statementMap":{"0":{"start":{"line":1,"column":0},"end":{"line":1,"column":38}},"1":{"start":{"line":3,"column":24},"end":{"line":5,"column":1}},"2":{"start":{"line":7,"column":0},"end":{"line":7,"column":31}}},"fnMap":{},"branchMap":{"0":{"loc":{"start":{"line":3,"column":34},"end":{"line":3,"column":33}},"type":"binary-expr","locations":[{"start":{"line":3,"column":34},"end":{"line":3,"column":33}},{"start":{"line":3,"column":34},"end":{"line":5,"column":1}}]}},"s":{"0":3,"1":3,"2":3},"f":{},"b":{"0":[3,3]}}
,"/Users/mackentoch/GitProjects/react-bootstrap-webpack-starter/front/src/components/fadeInEntrance/FadeInEntrance.tsx": {"path":"/Users/mackentoch/GitProjects/react-bootstrap-webpack-starter/front/src/components/fadeInEntrance/FadeInEntrance.tsx","statementMap":{"0":{"start":{"line":1,"column":0},"end":{"line":1,"column":25}},"1":{"start":{"line":2,"column":0},"end":{"line":2,"column":42}},"2":{"start":{"line":8,"column":26},"end":{"line":8,"column":34}},"3":{"start":{"line":9,"column":2},"end":{"line":9,"column":58}},"4":{"start":{"line":12,"column":0},"end":{"line":12,"column":46}},"5":{"start":{"line":14,"column":0},"end":{"line":14,"column":30}}},"fnMap":{"0":{"name":"FadeInEntrance","decl":{"start":{"line":8,"column":9},"end":{"line":8,"column":23}},"loc":{"start":{"line":8,"column":43},"end":{"line":10,"column":1}}}},"branchMap":{},"s":{"0":6,"1":6,"2":6,"3":6,"4":6,"5":6},"f":{"0":6},"b":{}}
,"/Users/mackentoch/GitProjects/react-bootstrap-webpack-starter/front/src/components/fadeInEntrance/index.ts": {"path":"/Users/mackentoch/GitProjects/react-bootstrap-webpack-starter/front/src/components/fadeInEntrance/index.ts","statementMap":{"0":{"start":{"line":1,"column":0},"end":{"line":1,"column":45}},"1":{"start":{"line":3,"column":0},"end":{"line":3,"column":30}}},"fnMap":{},"branchMap":{},"s":{"0":5,"1":5},"f":{},"b":{}}
,"/Users/mackentoch/GitProjects/react-bootstrap-webpack-starter/front/src/components/fadeInEntrance/styled/FadeInDiv.tsx": {"path":"/Users/mackentoch/GitProjects/react-bootstrap-webpack-starter/front/src/components/fadeInEntrance/styled/FadeInDiv.tsx","statementMap":{"0":{"start":{"line":1,"column":0},"end":{"line":1,"column":58}},"1":{"start":{"line":3,"column":15},"end":{"line":11,"column":1}},"2":{"start":{"line":13,"column":27},"end":{"line":20,"column":1}},"3":{"start":{"line":26,"column":18},"end":{"line":28,"column":1}},"4":{"start":{"line":27,"column":7},"end":{"line":27,"column":21}},"5":{"start":{"line":27,"column":28},"end":{"line":27,"column":64}},"6":{"start":{"line":30,"column":0},"end":{"line":30,"column":25}}},"fnMap":{"0":{"name":"(anonymous_0)","decl":{"start":{"line":27,"column":4},"end":{"line":27,"column":4}},"loc":{"start":{"line":27,"column":23},"end":{"line":27,"column":64}}}},"branchMap":{"0":{"loc":{"start":{"line":3,"column":24},"end":{"line":3,"column":23}},"type":"binary-expr","locations":[{"start":{"line":3,"column":24},"end":{"line":3,"column":23}},{"start":{"line":3,"column":24},"end":{"line":11,"column":1}}]},"1":{"loc":{"start":{"line":13,"column":30},"end":{"line":13,"column":29}},"type":"binary-expr","locations":[{"start":{"line":13,"column":30},"end":{"line":13,"column":29}},{"start":{"line":13,"column":30},"end":{"line":20,"column":1}}]},"2":{"loc":{"start":{"line":26,"column":28},"end":{"line":26,"column":40}},"type":"binary-expr","locations":[{"start":{"line":26,"column":28},"end":{"line":26,"column":40}},{"start":{"line":26,"column":28},"end":{"line":28,"column":1}}]},"3":{"loc":{"start":{"line":27,"column":28},"end":{"line":27,"column":42}},"type":"binary-expr","locations":[{"start":{"line":27,"column":28},"end":{"line":27,"column":42}},{"start":{"line":27,"column":46},"end":{"line":27,"column":64}}]}},"s":{"0":6,"1":6,"2":6,"3":6,"4":6,"5":6,"6":6},"f":{"0":6},"b":{"0":[6,6],"1":[6,6],"2":[6,6],"3":[6,6]}}
,"/Users/mackentoch/GitProjects/react-bootstrap-webpack-starter/front/src/components/loadingContent/LoadingContent.tsx": {"path":"/Users/mackentoch/GitProjects/react-bootstrap-webpack-starter/front/src/components/loadingContent/LoadingContent.tsx","statementMap":{"0":{"start":{"line":1,"column":0},"end":{"line":1,"column":25}},"1":{"start":{"line":6,"column":2},"end":{"line":6,"column":31}},"2":{"start":{"line":9,"column":0},"end":{"line":9,"column":46}},"3":{"start":{"line":11,"column":0},"end":{"line":11,"column":30}}},"fnMap":{"0":{"name":"LoadingContent","decl":{"start":{"line":5,"column":9},"end":{"line":5,"column":23}},"loc":{"start":{"line":5,"column":36},"end":{"line":7,"column":1}}}},"branchMap":{},"s":{"0":1,"1":1,"2":1,"3":1},"f":{"0":1},"b":{}}
,"/Users/mackentoch/GitProjects/react-bootstrap-webpack-starter/front/src/components/logoutRoute/LogoutRoute.tsx": {"path":"/Users/mackentoch/GitProjects/react-bootstrap-webpack-starter/front/src/components/logoutRoute/LogoutRoute.tsx","statementMap":{"0":{"start":{"line":1,"column":0},"end":{"line":1,"column":25}},"1":{"start":{"line":2,"column":0},"end":{"line":2,"column":45}},"2":{"start":{"line":3,"column":0},"end":{"line":3,"column":50}},"3":{"start":{"line":5,"column":0},"end":{"line":5,"column":68}},"4":{"start":{"line":13,"column":15},"end":{"line":13,"column":64}},"5":{"start":{"line":15,"column":2},"end":{"line":17,"column":9}},"6":{"start":{"line":16,"column":4},"end":{"line":16,"column":34}},"7":{"start":{"line":19,"column":2},"end":{"line":23,"column":4}},"8":{"start":{"line":26,"column":0},"end":{"line":26,"column":40}},"9":{"start":{"line":28,"column":0},"end":{"line":28,"column":27}}},"fnMap":{"0":{"name":"LogoutRoute","decl":{"start":{"line":12,"column":9},"end":{"line":12,"column":20}},"loc":{"start":{"line":12,"column":33},"end":{"line":24,"column":1}}},"1":{"name":"(anonymous_1)","decl":{"start":{"line":15,"column":12},"end":{"line":null,"column":-1}},"loc":{"start":{"line":15,"column":12},"end":{"line":17,"column":3}}}},"branchMap":{"0":{"loc":{"start":{"line":16,"column":4},"end":{"line":16,"column":8}},"type":"binary-expr","locations":[{"start":{"line":16,"column":4},"end":{"line":16,"column":8}},{"start":{"line":16,"column":12},"end":{"line":16,"column":33}}]}},"s":{"0":1,"1":1,"2":1,"3":1,"4":2,"5":2,"6":1,"7":2,"8":1,"9":1},"f":{"0":2,"1":1},"b":{"0":[1,1]}}
,"/Users/mackentoch/GitProjects/react-bootstrap-webpack-starter/front/src/components/logoutRoute/index.ts": {"path":"/Users/mackentoch/GitProjects/react-bootstrap-webpack-starter/front/src/components/logoutRoute/index.ts","statementMap":{"0":{"start":{"line":1,"column":0},"end":{"line":1,"column":39}},"1":{"start":{"line":3,"column":0},"end":{"line":3,"column":27}}},"fnMap":{},"branchMap":{},"s":{"0":1,"1":1},"f":{},"b":{}}
,"/Users/mackentoch/GitProjects/react-bootstrap-webpack-starter/front/src/components/mainLayout/MainLayout.tsx": {"path":"/Users/mackentoch/GitProjects/react-bootstrap-webpack-starter/front/src/components/mainLayout/MainLayout.tsx","statementMap":{"0":{"start":{"line":1,"column":0},"end":{"line":1,"column":52}},"1":{"start":{"line":2,"column":0},"end":{"line":2,"column":41}},"2":{"start":{"line":4,"column":0},"end":{"line":4,"column":48}},"3":{"start":{"line":5,"column":0},"end":{"line":5,"column":55}},"4":{"start":{"line":6,"column":0},"end":{"line":6,"column":60}},"5":{"start":{"line":7,"column":0},"end":{"line":7,"column":53}},"6":{"start":{"line":14,"column":22},"end":{"line":14,"column":30}},"7":{"start":{"line":15,"column":9},"end":{"line":15,"column":17}},"8":{"start":{"line":19,"column":33},"end":{"line":24,"column":3}},"9":{"start":{"line":26,"column":34},"end":{"line":31,"column":3}},"10":{"start":{"line":34,"column":2},"end":{"line":45,"column":4}},"11":{"start":{"line":48,"column":0},"end":{"line":48,"column":38}},"12":{"start":{"line":50,"column":0},"end":{"line":50,"column":38}}},"fnMap":{"0":{"name":"MainLayout","decl":{"start":{"line":14,"column":9},"end":{"line":14,"column":19}},"loc":{"start":{"line":14,"column":39},"end":{"line":46,"column":1}}},"1":{"name":"(anonymous_1)","decl":{"start":{"line":20,"column":4},"end":{"line":20,"column":4}},"loc":{"start":{"line":20,"column":35},"end":{"line":22,"column":5}}},"2":{"name":"(anonymous_2)","decl":{"start":{"line":27,"column":4},"end":{"line":27,"column":4}},"loc":{"start":{"line":27,"column":35},"end":{"line":29,"column":5}}}},"branchMap":{},"s":{"0":1,"1":1,"2":1,"3":1,"4":1,"5":1,"6":1,"7":1,"8":1,"9":1,"10":1,"11":1,"12":1},"f":{"0":1,"1":0,"2":0},"b":{}}
,"/Users/mackentoch/GitProjects/react-bootstrap-webpack-starter/front/src/components/navigation/NavigationBar.tsx": {"path":"/Users/mackentoch/GitProjects/react-bootstrap-webpack-starter/front/src/components/navigation/NavigationBar.tsx","statementMap":{"0":{"start":{"line":1,"column":0},"end":{"line":1,"column":51}},"1":{"start":{"line":2,"column":0},"end":{"line":10,"column":19}},"2":{"start":{"line":11,"column":0},"end":{"line":11,"column":45}},"3":{"start":{"line":13,"column":0},"end":{"line":13,"column":68}},"4":{"start":{"line":25,"column":2},"end":{"line":25,"column":7}},"5":{"start":{"line":26,"column":14},"end":{"line":26,"column":24}},"6":{"start":{"line":27,"column":2},"end":{"line":27,"column":18}},"7":{"start":{"line":28,"column":2},"end":{"line":28,"column":19}},"8":{"start":{"line":30,"column":8},"end":{"line":30,"column":45}},"9":{"start":{"line":30,"column":9},"end":{"line":30,"column":15}},"10":{"start":{"line":30,"column":17},"end":{"line":30,"column":45}},"11":{"start":{"line":31,"column":15},"end":{"line":31,"column":64}},"12":{"start":{"line":32,"column":18},"end":{"line":32,"column":30}},"13":{"start":{"line":35,"column":17},"end":{"line":38,"column":3}},"14":{"start":{"line":36,"column":4},"end":{"line":36,"column":36}},"15":{"start":{"line":37,"column":4},"end":{"line":37,"column":23}},"16":{"start":{"line":42,"column":30},"end":{"line":47,"column":3}},"17":{"start":{"line":42,"column":31},"end":{"line":42,"column":49}},"18":{"start":{"line":42,"column":54},"end":{"line":47,"column":3}},"19":{"start":{"line":45,"column":4},"end":{"line":45,"column":28}},"20":{"start":{"line":46,"column":4},"end":{"line":46,"column":23}},"21":{"start":{"line":51,"column":28},"end":{"line":57,"column":3}},"22":{"start":{"line":54,"column":4},"end":{"line":54,"column":28}},"23":{"start":{"line":55,"column":4},"end":{"line":55,"column":27}},"24":{"start":{"line":56,"column":4},"end":{"line":56,"column":22}},"25":{"start":{"line":60,"column":2},"end":{"line":83,"column":4}},"26":{"start":{"line":66,"column":46},"end":{"line":66,"column":51}},"27":{"start":{"line":66,"column":53},"end":{"line":66,"column":57}},"28":{"start":{"line":66,"column":71},"end":{"line":72,"column":11}},"29":{"start":{"line":86,"column":0},"end":{"line":86,"column":44}},"30":{"start":{"line":88,"column":0},"end":{"line":88,"column":29}}},"fnMap":{"0":{"name":"NavigationBar","decl":{"start":{"line":24,"column":9},"end":{"line":24,"column":22}},"loc":{"start":{"line":29,"column":8},"end":{"line":84,"column":1}}},"1":{"name":"(anonymous_1)","decl":{"start":{"line":35,"column":17},"end":{"line":35,"column":17}},"loc":{"start":{"line":35,"column":72},"end":{"line":38,"column":3}}},"2":{"name":"(anonymous_2)","decl":{"start":{"line":42,"column":30},"end":{"line":42,"column":30}},"loc":{"start":{"line":42,"column":49},"end":{"line":47,"column":3}}},"3":{"name":"(anonymous_3)","decl":{"start":{"line":42,"column":54},"end":{"line":43,"column":3}},"loc":{"start":{"line":43,"column":52},"end":{"line":47,"column":3}}},"4":{"name":"(anonymous_4)","decl":{"start":{"line":51,"column":28},"end":{"line":52,"column":3}},"loc":{"start":{"line":52,"column":52},"end":{"line":57,"column":3}}},"5":{"name":"(anonymous_5)","decl":{"start":{"line":66,"column":43},"end":{"line":66,"column":43}},"loc":{"start":{"line":66,"column":66},"end":{"line":72,"column":11}}}},"branchMap":{"0":{"loc":{"start":{"line":36,"column":4},"end":{"line":36,"column":9}},"type":"binary-expr","locations":[{"start":{"line":36,"column":4},"end":{"line":36,"column":9}},{"start":{"line":36,"column":13},"end":{"line":36,"column":35}}]},"1":{"loc":{"start":{"line":42,"column":31},"end":{"line":42,"column":49}},"type":"if","locations":[{"start":{"line":42,"column":31},"end":{"line":42,"column":49}},{"start":{"line":42,"column":31},"end":{"line":42,"column":49}}]},"2":{"loc":{"start":{"line":45,"column":9},"end":{"line":45,"column":10}},"type":"cond-expr","locations":[{"start":{"line":45,"column":9},"end":{"line":45,"column":10}},{"start":{"line":45,"column":9},"end":{"line":45,"column":25}}]},"3":{"loc":{"start":{"line":45,"column":4},"end":{"line":45,"column":9}},"type":"binary-expr","locations":[{"start":{"line":45,"column":4},"end":{"line":45,"column":9}},{"start":{"line":45,"column":9},"end":{"line":45,"column":10}}]},"4":{"loc":{"start":{"line":54,"column":9},"end":{"line":54,"column":10}},"type":"cond-expr","locations":[{"start":{"line":54,"column":9},"end":{"line":54,"column":10}},{"start":{"line":54,"column":9},"end":{"line":54,"column":25}}]},"5":{"loc":{"start":{"line":54,"column":4},"end":{"line":54,"column":9}},"type":"binary-expr","locations":[{"start":{"line":54,"column":4},"end":{"line":54,"column":9}},{"start":{"line":54,"column":9},"end":{"line":54,"column":10}}]},"6":{"loc":{"start":{"line":55,"column":8},"end":{"line":55,"column":9}},"type":"cond-expr","locations":[{"start":{"line":55,"column":8},"end":{"line":55,"column":9}},{"start":{"line":55,"column":8},"end":{"line":55,"column":24}}]},"7":{"loc":{"start":{"line":55,"column":4},"end":{"line":55,"column":8}},"type":"binary-expr","locations":[{"start":{"line":55,"column":4},"end":{"line":55,"column":8}},{"start":{"line":55,"column":8},"end":{"line":55,"column":9}}]},"8":{"loc":{"start":{"line":73,"column":11},"end":{"line":73,"column":32}},"type":"binary-expr","locations":[{"start":{"line":73,"column":11},"end":{"line":73,"column":32}},{"start":{"line":74,"column":12},"end":{"line":78,"column":22}}]},"9":{"loc":{"start":{"line":73,"column":15},"end":{"line":73,"column":16}},"type":"cond-expr","locations":[{"start":{"line":73,"column":15},"end":{"line":73,"column":16}},{"start":{"line":73,"column":15},"end":{"line":73,"column":32}}]},"10":{"loc":{"start":{"line":73,"column":11},"end":{"line":73,"column":15}},"type":"binary-expr","locations":[{"start":{"line":73,"column":11},"end":{"line":73,"column":15}},{"start":{"line":73,"column":15},"end":{"line":73,"column":16}}]}},"s":{"0":2,"1":2,"2":2,"3":2,"4":2,"5":2,"6":2,"7":2,"8":2,"9":2,"10":2,"11":2,"12":2,"13":2,"14":0,"15":0,"16":2,"17":4,"18":4,"19":0,"20":0,"21":2,"22":0,"23":0,"24":0,"25":2,"26":4,"27":4,"28":4,"29":2,"30":2},"f":{"0":2,"1":0,"2":4,"3":0,"4":0,"5":4},"b":{"0":[0,0],"1":[0,4],"2":[0,0],"3":[0,0],"4":[0,0],"5":[0,0],"6":[0,0],"7":[0,0],"8":[2,0],"9":[1,1],"10":[2,1]}}
,"/Users/mackentoch/GitProjects/react-bootstrap-webpack-starter/front/src/components/navigation/index.ts": {"path":"/Users/mackentoch/GitProjects/react-bootstrap-webpack-starter/front/src/components/navigation/index.ts","statementMap":{"0":{"start":{"line":1,"column":0},"end":{"line":1,"column":43}},"1":{"start":{"line":3,"column":0},"end":{"line":3,"column":29}}},"fnMap":{},"branchMap":{},"s":{"0":1,"1":1},"f":{},"b":{}}
,"/Users/mackentoch/GitProjects/react-bootstrap-webpack-starter/front/src/components/privateRoute/PrivateRoute.tsx": {"path":"/Users/mackentoch/GitProjects/react-bootstrap-webpack-starter/front/src/components/privateRoute/PrivateRoute.tsx","statementMap":{"0":{"start":{"line":1,"column":0},"end":{"line":1,"column":62}},"1":{"start":{"line":2,"column":0},"end":{"line":2,"column":50}},"2":{"start":{"line":3,"column":0},"end":{"line":3,"column":68}},"3":{"start":{"line":11,"column":24},"end":{"line":11,"column":32}},"4":{"start":{"line":11,"column":34},"end":{"line":11,"column":41}},"5":{"start":{"line":12,"column":15},"end":{"line":12,"column":64}},"6":{"start":{"line":14,"column":2},"end":{"line":25,"column":4}},"7":{"start":{"line":17,"column":17},"end":{"line":17,"column":25}},"8":{"start":{"line":18,"column":8},"end":{"line":22,"column":10}},"9":{"start":{"line":28,"column":0},"end":{"line":28,"column":42}},"10":{"start":{"line":30,"column":0},"end":{"line":30,"column":28}}},"fnMap":{"0":{"name":"PrivateRoute","decl":{"start":{"line":11,"column":9},"end":{"line":11,"column":21}},"loc":{"start":{"line":11,"column":50},"end":{"line":26,"column":1}}},"1":{"name":"(anonymous_1)","decl":{"start":{"line":17,"column":14},"end":{"line":17,"column":14}},"loc":{"start":{"line":17,"column":27},"end":{"line":23,"column":7}}}},"branchMap":{"0":{"loc":{"start":{"line":19,"column":10},"end":{"line":19,"column":18}},"type":"cond-expr","locations":[{"start":{"line":19,"column":10},"end":{"line":19,"column":18}},{"start":{"line":21,"column":10},"end":{"line":21,"column":77}}]},"1":{"loc":{"start":{"line":18,"column":15},"end":{"line":18,"column":36}},"type":"binary-expr","locations":[{"start":{"line":18,"column":15},"end":{"line":18,"column":36}},{"start":{"line":18,"column":40},"end":{"line":18,"column":61}}]},"2":{"loc":{"start":{"line":18,"column":19},"end":{"line":18,"column":20}},"type":"cond-expr","locations":[{"start":{"line":18,"column":19},"end":{"line":18,"column":20}},{"start":{"line":18,"column":19},"end":{"line":18,"column":36}}]},"3":{"loc":{"start":{"line":18,"column":15},"end":{"line":18,"column":19}},"type":"binary-expr","locations":[{"start":{"line":18,"column":15},"end":{"line":18,"column":19}},{"start":{"line":18,"column":19},"end":{"line":18,"column":20}}]},"4":{"loc":{"start":{"line":18,"column":45},"end":{"line":18,"column":46}},"type":"cond-expr","locations":[{"start":{"line":18,"column":45},"end":{"line":18,"column":46}},{"start":{"line":18,"column":45},"end":{"line":18,"column":61}}]},"5":{"loc":{"start":{"line":18,"column":40},"end":{"line":18,"column":45}},"type":"binary-expr","locations":[{"start":{"line":18,"column":40},"end":{"line":18,"column":45}},{"start":{"line":18,"column":45},"end":{"line":18,"column":46}}]}},"s":{"0":1,"1":1,"2":1,"3":1,"4":1,"5":1,"6":1,"7":1,"8":1,"9":1,"10":1},"f":{"0":1,"1":1},"b":{"0":[0,1],"1":[1,0],"2":[0,1],"3":[1,1],"4":[0,0],"5":[0,0]}}
,"/Users/mackentoch/GitProjects/react-bootstrap-webpack-starter/front/src/components/scrollToTop/ScrollToTop.tsx": {"path":"/Users/mackentoch/GitProjects/react-bootstrap-webpack-starter/front/src/components/scrollToTop/ScrollToTop.tsx","statementMap":{"0":{"start":{"line":1,"column":0},"end":{"line":1,"column":39}},"1":{"start":{"line":2,"column":0},"end":{"line":2,"column":46}},"2":{"start":{"line":3,"column":0},"end":{"line":3,"column":87}},"3":{"start":{"line":9,"column":23},"end":{"line":9,"column":31}},"4":{"start":{"line":10,"column":19},"end":{"line":10,"column":32}},"5":{"start":{"line":11,"column":2},"end":{"line":11,"column":43}},"6":{"start":{"line":13,"column":2},"end":{"line":13,"column":41}},"7":{"start":{"line":16,"column":0},"end":{"line":16,"column":40}},"8":{"start":{"line":18,"column":0},"end":{"line":18,"column":27}}},"fnMap":{"0":{"name":"ScrollToTop","decl":{"start":{"line":9,"column":9},"end":{"line":9,"column":20}},"loc":{"start":{"line":9,"column":40},"end":{"line":14,"column":1}}}},"branchMap":{},"s":{"0":1,"1":1,"2":1,"3":1,"4":1,"5":1,"6":1,"7":1,"8":1},"f":{"0":1},"b":{}}
,"/Users/mackentoch/GitProjects/react-bootstrap-webpack-starter/front/src/components/scrollToTop/hooks/useScrollToTopOnLocationChange/index.ts": {"path":"/Users/mackentoch/GitProjects/react-bootstrap-webpack-starter/front/src/components/scrollToTop/hooks/useScrollToTopOnLocationChange/index.ts","statementMap":{"0":{"start":{"line":1,"column":0},"end":{"line":1,"column":41}},"1":{"start":{"line":5,"column":23},"end":{"line":5,"column":52}},"2":{"start":{"line":7,"column":2},"end":{"line":9,"column":9}},"3":{"start":{"line":8,"column":4},"end":{"line":8,"column":36}},"4":{"start":{"line":11,"column":2},"end":{"line":16,"column":17}},"5":{"start":{"line":12,"column":4},"end":{"line":15,"column":5}},"6":{"start":{"line":13,"column":6},"end":{"line":13,"column":38}},"7":{"start":{"line":14,"column":6},"end":{"line":14,"column":38}},"8":{"start":{"line":4,"column":0},"end":{"line":17,"column":1}}},"fnMap":{"0":{"name":"useScrollToTopOnLocationChange","decl":{"start":{"line":4,"column":16},"end":{"line":4,"column":46}},"loc":{"start":{"line":4,"column":60},"end":{"line":17,"column":1}}},"1":{"name":"(anonymous_1)","decl":{"start":{"line":7,"column":12},"end":{"line":null,"column":-1}},"loc":{"start":{"line":7,"column":12},"end":{"line":9,"column":3}}},"2":{"name":"(anonymous_2)","decl":{"start":{"line":11,"column":12},"end":{"line":null,"column":-1}},"loc":{"start":{"line":11,"column":12},"end":{"line":16,"column":3}}}},"branchMap":{"0":{"loc":{"start":{"line":12,"column":4},"end":{"line":15,"column":5}},"type":"if","locations":[{"start":{"line":12,"column":4},"end":{"line":15,"column":5}},{"start":{"line":12,"column":4},"end":{"line":15,"column":5}}]},"1":{"loc":{"start":{"line":13,"column":6},"end":{"line":13,"column":12}},"type":"binary-expr","locations":[{"start":{"line":13,"column":6},"end":{"line":13,"column":12}},{"start":{"line":13,"column":16},"end":{"line":13,"column":37}}]}},"s":{"0":1,"1":1,"2":1,"3":1,"4":1,"5":1,"6":0,"7":0,"8":1},"f":{"0":1,"1":1,"2":1},"b":{"0":[0,1],"1":[0,0]}}
,"/Users/mackentoch/GitProjects/react-bootstrap-webpack-starter/front/src/config/appConfig.ts": {"path":"/Users/mackentoch/GitProjects/react-bootstrap-webpack-starter/front/src/config/appConfig.ts","statementMap":{"0":{"start":{"line":1,"column":13},"end":{"line":8,"column":3}},"1":{"start":{"line":10,"column":0},"end":{"line":10,"column":25}}},"fnMap":{},"branchMap":{},"s":{"0":1,"1":1},"f":{},"b":{}}
,"/Users/mackentoch/GitProjects/react-bootstrap-webpack-starter/front/src/config/navigation.ts": {"path":"/Users/mackentoch/GitProjects/react-bootstrap-webpack-starter/front/src/config/navigation.ts","statementMap":{"0":{"start":{"line":18,"column":19},"end":{"line":39,"column":2}},"1":{"start":{"line":41,"column":0},"end":{"line":41,"column":26}}},"fnMap":{},"branchMap":{},"s":{"0":1,"1":1},"f":{},"b":{}}
,"/Users/mackentoch/GitProjects/react-bootstrap-webpack-starter/front/src/contexts/auth/index.tsx": {"path":"/Users/mackentoch/GitProjects/react-bootstrap-webpack-starter/front/src/contexts/auth/index.tsx","statementMap":{"0":{"start":{"line":1,"column":0},"end":{"line":1,"column":55}},"1":{"start":{"line":2,"column":0},"end":{"line":2,"column":38}},"2":{"start":{"line":3,"column":0},"end":{"line":3,"column":47}},"3":{"start":{"line":28,"column":13},"end":{"line":28,"column":73}},"4":{"start":{"line":32,"column":31},"end":{"line":38,"column":1}},"5":{"start":{"line":42,"column":0},"end":{"line":42,"column":43}},"6":{"start":{"line":42,"column":34},"end":{"line":45,"column":1}},"7":{"start":{"line":54,"column":4},"end":{"line":54,"column":16}},"8":{"start":{"line":82,"column":2},"end":{"line":95,"column":4}},"9":{"start":{"line":83,"column":27},"end":{"line":83,"column":50}},"10":{"start":{"line":83,"column":43},"end":{"line":83,"column":50}},"11":{"start":{"line":84,"column":17},"end":{"line":84,"column":35}},"12":{"start":{"line":85,"column":28},"end":{"line":85,"column":71}},"13":{"start":{"line":87,"column":4},"end":{"line":91,"column":9}},"14":{"start":{"line":93,"column":4},"end":{"line":93,"column":39}},"15":{"start":{"line":94,"column":4},"end":{"line":94,"column":27}},"16":{"start":{"line":97,"column":2},"end":{"line":109,"column":4}},"17":{"start":{"line":98,"column":18},"end":{"line":98,"column":33}},"18":{"start":{"line":99,"column":27},"end":{"line":99,"column":53}},"19":{"start":{"line":101,"column":4},"end":{"line":105,"column":9}},"20":{"start":{"line":107,"column":4},"end":{"line":107,"column":38}},"21":{"start":{"line":108,"column":4},"end":{"line":108,"column":26}},"22":{"start":{"line":111,"column":2},"end":{"line":122,"column":4}},"23":{"start":{"line":111,"column":14},"end":{"line":111,"column":32}},"24":{"start":{"line":112,"column":4},"end":{"line":112,"column":25}},"25":{"start":{"line":113,"column":27},"end":{"line":113,"column":53}},"26":{"start":{"line":115,"column":4},"end":{"line":119,"column":9}},"27":{"start":{"line":121,"column":4},"end":{"line":121,"column":68}},"28":{"start":{"line":124,"column":2},"end":{"line":136,"column":4}},"29":{"start":{"line":125,"column":4},"end":{"line":135,"column":5}},"30":{"start":{"line":126,"column":6},"end":{"line":126,"column":29}},"31":{"start":{"line":128,"column":6},"end":{"line":132,"column":11}},"32":{"start":{"line":134,"column":6},"end":{"line":134,"column":30}},"33":{"start":{"line":138,"column":2},"end":{"line":151,"column":4}},"34":{"start":{"line":139,"column":4},"end":{"line":139,"column":30}},"35":{"start":{"line":140,"column":4},"end":{"line":140,"column":32}},"36":{"start":{"line":142,"column":4},"end":{"line":146,"column":9}},"37":{"start":{"line":148,"column":4},"end":{"line":148,"column":39}},"38":{"start":{"line":150,"column":4},"end":{"line":150,"column":16}},"39":{"start":{"line":57,"column":4},"end":{"line":64,"column":6}},"40":{"start":{"line":67,"column":2},"end":{"line":79,"column":3}},"41":{"start":{"line":68,"column":12},"end":{"line":68,"column":20}},"42":{"start":{"line":70,"column":4},"end":{"line":78,"column":6}},"43":{"start":{"line":46,"column":9},"end":{"line":50,"column":4}},"44":{"start":{"line":152,"column":0},"end":{"line":152,"column":1}},"45":{"start":{"line":42,"column":13},"end":{"line":42,"column":25}},"46":{"start":{"line":154,"column":0},"end":{"line":154,"column":28}}},"fnMap":{"0":{"name":"(anonymous_0)","decl":{"start":{"line":42,"column":0},"end":{"line":null,"column":-1}},"loc":{"start":{"line":42,"column":0},"end":{"line":42,"column":-1}}},"1":{"name":"AuthProvider","decl":{"start":{"line":53,"column":2},"end":{"line":53,"column":13}},"loc":{"start":{"line":53,"column":38},"end":{"line":65,"column":3}}},"2":{"name":"(anonymous_2)","decl":{"start":{"line":82,"column":25},"end":{"line":null,"column":-1}},"loc":{"start":{"line":82,"column":25},"end":{"line":95,"column":3}}},"3":{"name":"(anonymous_3)","decl":{"start":{"line":83,"column":27},"end":{"line":83,"column":27}},"loc":{"start":{"line":83,"column":38},"end":{"line":83,"column":50}}},"4":{"name":"(anonymous_4)","decl":{"start":{"line":97,"column":24},"end":{"line":null,"column":-1}},"loc":{"start":{"line":97,"column":24},"end":{"line":109,"column":3}}},"5":{"name":"(anonymous_5)","decl":{"start":{"line":111,"column":13},"end":{"line":111,"column":13}},"loc":{"start":{"line":111,"column":32},"end":{"line":122,"column":3}}},"6":{"name":"(anonymous_6)","decl":{"start":{"line":124,"column":16},"end":{"line":124,"column":16}},"loc":{"start":{"line":124,"column":27},"end":{"line":136,"column":3}}},"7":{"name":"(anonymous_7)","decl":{"start":{"line":138,"column":19},"end":{"line":null,"column":-1}},"loc":{"start":{"line":138,"column":19},"end":{"line":151,"column":3}}},"8":{"name":"(anonymous_8)","decl":{"start":{"line":67,"column":2},"end":{"line":null,"column":-1}},"loc":{"start":{"line":67,"column":2},"end":{"line":79,"column":3}}}},"branchMap":{"0":{"loc":{"start":{"line":54,"column":4},"end":{"line":54,"column":16}},"type":"binary-expr","locations":[{"start":{"line":54,"column":4},"end":{"line":54,"column":16}},{"start":{"line":54,"column":16},"end":{"line":65,"column":2}}]},"1":{"loc":{"start":{"line":85,"column":31},"end":{"line":85,"column":46}},"type":"binary-expr","locations":[{"start":{"line":85,"column":31},"end":{"line":85,"column":46}},{"start":{"line":85,"column":50},"end":{"line":85,"column":70}}]},"2":{"loc":{"start":{"line":87,"column":4},"end":{"line":87,"column":17}},"type":"binary-expr","locations":[{"start":{"line":87,"column":4},"end":{"line":87,"column":17}},{"start":{"line":88,"column":6},"end":{"line":91,"column":8}}]},"3":{"loc":{"start":{"line":101,"column":4},"end":{"line":101,"column":17}},"type":"binary-expr","locations":[{"start":{"line":101,"column":4},"end":{"line":101,"column":17}},{"start":{"line":102,"column":6},"end":{"line":105,"column":8}}]},"4":{"loc":{"start":{"line":111,"column":14},"end":{"line":111,"column":32}},"type":"if","locations":[{"start":{"line":111,"column":14},"end":{"line":111,"column":32}},{"start":{"line":111,"column":14},"end":{"line":111,"column":32}}]},"5":{"loc":{"start":{"line":115,"column":4},"end":{"line":115,"column":17}},"type":"binary-expr","locations":[{"start":{"line":115,"column":4},"end":{"line":115,"column":17}},{"start":{"line":116,"column":6},"end":{"line":119,"column":8}}]},"6":{"loc":{"start":{"line":125,"column":4},"end":{"line":135,"column":5}},"type":"if","locations":[{"start":{"line":125,"column":4},"end":{"line":135,"column":5}},{"start":{"line":125,"column":4},"end":{"line":135,"column":5}}]},"7":{"loc":{"start":{"line":128,"column":6},"end":{"line":128,"column":19}},"type":"binary-expr","locations":[{"start":{"line":128,"column":6},"end":{"line":128,"column":19}},{"start":{"line":129,"column":8},"end":{"line":132,"column":10}}]},"8":{"loc":{"start":{"line":142,"column":4},"end":{"line":142,"column":17}},"type":"binary-expr","locations":[{"start":{"line":142,"column":4},"end":{"line":142,"column":17}},{"start":{"line":143,"column":6},"end":{"line":146,"column":8}}]}},"s":{"0":5,"1":5,"2":5,"3":5,"4":5,"5":5,"6":5,"7":4,"8":4,"9":1,"10":0,"11":1,"12":1,"13":1,"14":1,"15":1,"16":4,"17":0,"18":0,"19":0,"20":0,"21":0,"22":4,"23":0,"24":0,"25":0,"26":0,"27":0,"28":4,"29":0,"30":0,"31":0,"32":0,"33":4,"34":1,"35":1,"36":1,"37":1,"38":1,"39":4,"40":5,"41":5,"42":5,"43":5,"44":5,"45":5,"46":5},"f":{"0":5,"1":4,"2":1,"3":0,"4":0,"5":0,"6":0,"7":1,"8":5},"b":{"0":[4,4],"1":[1,0],"2":[1,0],"3":[0,0],"4":[0,0],"5":[0,0],"6":[0,0],"7":[0,0],"8":[1,0]}}
,"/Users/mackentoch/GitProjects/react-bootstrap-webpack-starter/front/src/contexts/withDevTools/index.ts": {"path":"/Users/mackentoch/GitProjects/react-bootstrap-webpack-starter/front/src/contexts/withDevTools/index.ts","statementMap":{"0":{"start":{"line":27,"column":14},"end":{"line":27,"column":52}},"1":{"start":{"line":29,"column":13},"end":{"line":32,"column":47}},"2":{"start":{"line":34,"column":27},"end":{"line":36,"column":58}},"3":{"start":{"line":48,"column":28},"end":{"line":50,"column":1}},"4":{"start":{"line":52,"column":13},"end":{"line":70,"column":2}},"5":{"start":{"line":52,"column":24},"end":{"line":52,"column":51}},"6":{"start":{"line":54,"column":2},"end":{"line":68,"column":3}},"7":{"start":{"line":61,"column":14},"end":{"line":61,"column":18}},"8":{"start":{"line":61,"column":20},"end":{"line":61,"column":34}},"9":{"start":{"line":61,"column":36},"end":{"line":61,"column":43}},"10":{"start":{"line":62,"column":6},"end":{"line":62,"column":54}},"11":{"start":{"line":67,"column":6},"end":{"line":67,"column":19}},"12":{"start":{"line":79,"column":13},"end":{"line":104,"column":6}},"13":{"start":{"line":85,"column":8},"end":{"line":87,"column":9}},"14":{"start":{"line":86,"column":10},"end":{"line":86,"column":74}},"15":{"start":{"line":88,"column":8},"end":{"line":90,"column":9}},"16":{"start":{"line":89,"column":10},"end":{"line":89,"column":76}},"17":{"start":{"line":91,"column":8},"end":{"line":93,"column":9}},"18":{"start":{"line":92,"column":10},"end":{"line":92,"column":76}},"19":{"start":{"line":94,"column":8},"end":{"line":96,"column":9}},"20":{"start":{"line":95,"column":10},"end":{"line":95,"column":76}},"21":{"start":{"line":99,"column":25},"end":{"line":99,"column":47}},"22":{"start":{"line":100,"column":8},"end":{"line":100,"column":25}},"23":{"start":{"line":102,"column":8},"end":{"line":102,"column":59}}},"fnMap":{"0":{"name":"(anonymous_0)","decl":{"start":{"line":52,"column":23},"end":{"line":52,"column":23}},"loc":{"start":{"line":52,"column":67},"end":{"line":70,"column":1}}},"1":{"name":"(anonymous_1)","decl":{"start":{"line":83,"column":16},"end":{"line":83,"column":16}},"loc":{"start":{"line":83,"column":31},"end":{"line":103,"column":7}}}},"branchMap":{"0":{"loc":{"start":{"line":30,"column":2},"end":{"line":30,"column":7}},"type":"binary-expr","locations":[{"start":{"line":30,"column":2},"end":{"line":30,"column":7}},{"start":{"line":31,"column":2},"end":{"line":31,"column":31}},{"start":{"line":32,"column":3},"end":{"line":32,"column":46}}]},"1":{"loc":{"start":{"line":35,"column":4},"end":{"line":35,"column":8}},"type":"cond-expr","locations":[{"start":{"line":35,"column":4},"end":{"line":35,"column":8}},{"start":{"line":36,"column":5},"end":{"line":36,"column":58}}]},"2":{"loc":{"start":{"line":52,"column":24},"end":{"line":52,"column":51}},"type":"if","locations":[{"start":{"line":52,"column":24},"end":{"line":52,"column":51}},{"start":{"line":52,"column":24},"end":{"line":52,"column":51}}]},"3":{"loc":{"start":{"line":56,"column":4},"end":{"line":56,"column":39}},"type":"switch","locations":[{"start":{"line":56,"column":4},"end":{"line":56,"column":39}},{"start":{"line":57,"column":4},"end":{"line":57,"column":39}},{"start":{"line":58,"column":4},"end":{"line":58,"column":26}},{"start":{"line":59,"column":4},"end":{"line":59,"column":30}},{"start":{"line":60,"column":4},"end":{"line":63,"column":5}},{"start":{"line":66,"column":4},"end":{"line":67,"column":19}}]},"4":{"loc":{"start":{"line":80,"column":4},"end":{"line":80,"column":8}},"type":"cond-expr","locations":[{"start":{"line":80,"column":4},"end":{"line":80,"column":8}},{"start":{"line":81,"column":3},"end":{"line":104,"column":5}}]},"5":{"loc":{"start":{"line":85,"column":8},"end":{"line":87,"column":9}},"type":"if","locations":[{"start":{"line":85,"column":8},"end":{"line":87,"column":9}},{"start":{"line":85,"column":8},"end":{"line":87,"column":9}}]},"6":{"loc":{"start":{"line":88,"column":8},"end":{"line":90,"column":9}},"type":"if","locations":[{"start":{"line":88,"column":8},"end":{"line":90,"column":9}},{"start":{"line":88,"column":8},"end":{"line":90,"column":9}}]},"7":{"loc":{"start":{"line":91,"column":8},"end":{"line":93,"column":9}},"type":"if","locations":[{"start":{"line":91,"column":8},"end":{"line":93,"column":9}},{"start":{"line":91,"column":8},"end":{"line":93,"column":9}}]},"8":{"loc":{"start":{"line":94,"column":8},"end":{"line":96,"column":9}},"type":"if","locations":[{"start":{"line":94,"column":8},"end":{"line":96,"column":9}},{"start":{"line":94,"column":8},"end":{"line":96,"column":9}}]},"9":{"loc":{"start":{"line":102,"column":8},"end":{"line":102,"column":16}},"type":"binary-expr","locations":[{"start":{"line":102,"column":8},"end":{"line":102,"column":16}},{"start":{"line":102,"column":20},"end":{"line":102,"column":58}}]}},"s":{"0":5,"1":5,"2":5,"3":5,"4":5,"5":0,"6":0,"7":0,"8":0,"9":0,"10":0,"11":0,"12":5,"13":0,"14":0,"15":0,"16":0,"17":0,"18":0,"19":0,"20":0,"21":0,"22":0,"23":0},"f":{"0":0,"1":0},"b":{"0":[5,0,0],"1":[5,0],"2":[0,0],"3":[0,0,0,0,0,0],"4":[5,0],"5":[0,0],"6":[0,0],"7":[0,0],"8":[0,0],"9":[0,0]}}
,"/Users/mackentoch/GitProjects/react-bootstrap-webpack-starter/front/src/mock/userInfo.ts": {"path":"/Users/mackentoch/GitProjects/react-bootstrap-webpack-starter/front/src/mock/userInfo.ts","statementMap":{"0":{"start":{"line":1,"column":13},"end":{"line":13,"column":3}},"1":{"start":{"line":15,"column":0},"end":{"line":15,"column":24}}},"fnMap":{},"branchMap":{},"s":{"0":1,"1":1},"f":{},"b":{}}
,"/Users/mackentoch/GitProjects/react-bootstrap-webpack-starter/front/src/pages/about/About.tsx": {"path":"/Users/mackentoch/GitProjects/react-bootstrap-webpack-starter/front/src/pages/about/About.tsx","statementMap":{"0":{"start":{"line":1,"column":0},"end":{"line":1,"column":25}},"1":{"start":{"line":3,"column":0},"end":{"line":3,"column":60}},"2":{"start":{"line":9,"column":2},"end":{"line":13,"column":4}},"3":{"start":{"line":16,"column":0},"end":{"line":16,"column":28}},"4":{"start":{"line":18,"column":0},"end":{"line":18,"column":21}}},"fnMap":{"0":{"name":"About","decl":{"start":{"line":8,"column":9},"end":{"line":8,"column":14}},"loc":{"start":{"line":8,"column":14},"end":{"line":14,"column":1}}}},"branchMap":{},"s":{"0":1,"1":1,"2":1,"3":1,"4":1},"f":{"0":1},"b":{}}
,"/Users/mackentoch/GitProjects/react-bootstrap-webpack-starter/front/src/pages/home/Home.tsx": {"path":"/Users/mackentoch/GitProjects/react-bootstrap-webpack-starter/front/src/pages/home/Home.tsx","statementMap":{"0":{"start":{"line":1,"column":0},"end":{"line":1,"column":25}},"1":{"start":{"line":3,"column":0},"end":{"line":3,"column":48}},"2":{"start":{"line":4,"column":0},"end":{"line":4,"column":39}},"3":{"start":{"line":5,"column":0},"end":{"line":5,"column":40}},"4":{"start":{"line":6,"column":0},"end":{"line":6,"column":42}},"5":{"start":{"line":7,"column":0},"end":{"line":7,"column":42}},"6":{"start":{"line":8,"column":0},"end":{"line":8,"column":60}},"7":{"start":{"line":14,"column":2},"end":{"line":44,"column":4}},"8":{"start":{"line":47,"column":0},"end":{"line":47,"column":26}},"9":{"start":{"line":49,"column":0},"end":{"line":49,"column":20}}},"fnMap":{"0":{"name":"Home","decl":{"start":{"line":13,"column":9},"end":{"line":13,"column":13}},"loc":{"start":{"line":13,"column":13},"end":{"line":45,"column":1}}}},"branchMap":{},"s":{"0":1,"1":1,"2":1,"3":1,"4":1,"5":1,"6":1,"7":1,"8":1,"9":1},"f":{"0":1},"b":{}}
,"/Users/mackentoch/GitProjects/react-bootstrap-webpack-starter/front/src/pages/home/styled/HomeInfo.tsx": {"path":"/Users/mackentoch/GitProjects/react-bootstrap-webpack-starter/front/src/pages/home/styled/HomeInfo.tsx","statementMap":{"0":{"start":{"line":1,"column":0},"end":{"line":1,"column":38}},"1":{"start":{"line":3,"column":17},"end":{"line":3,"column":29}},"2":{"start":{"line":5,"column":0},"end":{"line":5,"column":24}}},"fnMap":{},"branchMap":{"0":{"loc":{"start":{"line":3,"column":27},"end":{"line":3,"column":26}},"type":"binary-expr","locations":[{"start":{"line":3,"column":27},"end":{"line":3,"column":26}},{"start":{"line":3,"column":27},"end":{"line":3,"column":29}}]}},"s":{"0":1,"1":1,"2":1},"f":{},"b":{"0":[1,1]}}
,"/Users/mackentoch/GitProjects/react-bootstrap-webpack-starter/front/src/pages/home/styled/LightNote.tsx": {"path":"/Users/mackentoch/GitProjects/react-bootstrap-webpack-starter/front/src/pages/home/styled/LightNote.tsx","statementMap":{"0":{"start":{"line":1,"column":0},"end":{"line":1,"column":38}},"1":{"start":{"line":3,"column":18},"end":{"line":5,"column":1}},"2":{"start":{"line":7,"column":0},"end":{"line":7,"column":25}}},"fnMap":{},"branchMap":{"0":{"loc":{"start":{"line":3,"column":26},"end":{"line":3,"column":25}},"type":"binary-expr","locations":[{"start":{"line":3,"column":26},"end":{"line":3,"column":25}},{"start":{"line":3,"column":26},"end":{"line":5,"column":1}}]}},"s":{"0":1,"1":1,"2":1},"f":{},"b":{"0":[1,1]}}
,"/Users/mackentoch/GitProjects/react-bootstrap-webpack-starter/front/src/pages/home/styled/MainTitle.tsx": {"path":"/Users/mackentoch/GitProjects/react-bootstrap-webpack-starter/front/src/pages/home/styled/MainTitle.tsx","statementMap":{"0":{"start":{"line":1,"column":0},"end":{"line":1,"column":38}},"1":{"start":{"line":4,"column":18},"end":{"line":7,"column":1}},"2":{"start":{"line":9,"column":0},"end":{"line":9,"column":25}}},"fnMap":{},"branchMap":{"0":{"loc":{"start":{"line":4,"column":27},"end":{"line":4,"column":26}},"type":"binary-expr","locations":[{"start":{"line":4,"column":27},"end":{"line":4,"column":26}},{"start":{"line":4,"column":27},"end":{"line":7,"column":1}}]}},"s":{"0":1,"1":1,"2":1},"f":{},"b":{"0":[1,1]}}
,"/Users/mackentoch/GitProjects/react-bootstrap-webpack-starter/front/src/pages/login/Login.tsx": {"path":"/Users/mackentoch/GitProjects/react-bootstrap-webpack-starter/front/src/pages/login/Login.tsx","statementMap":{"0":{"start":{"line":1,"column":0},"end":{"line":1,"column":75}},"1":{"start":{"line":2,"column":0},"end":{"line":2,"column":25}},"2":{"start":{"line":3,"column":0},"end":{"line":3,"column":58}},"3":{"start":{"line":4,"column":0},"end":{"line":4,"column":42}},"4":{"start":{"line":5,"column":0},"end":{"line":5,"column":36}},"5":{"start":{"line":6,"column":0},"end":{"line":6,"column":36}},"6":{"start":{"line":7,"column":0},"end":{"line":7,"column":50}},"7":{"start":{"line":8,"column":0},"end":{"line":8,"column":65}},"8":{"start":{"line":9,"column":0},"end":{"line":9,"column":46}},"9":{"start":{"line":10,"column":0},"end":{"line":10,"column":68}},"10":{"start":{"line":11,"column":0},"end":{"line":11,"column":60}},"11":{"start":{"line":16,"column":0},"end":{"line":217,"column":0}},"12":{"start":{"line":17,"column":19},"end":{"line":17,"column":32}},"13":{"start":{"line":18,"column":18},"end":{"line":18,"column":30}},"14":{"start":{"line":19,"column":8},"end":{"line":19,"column":48}},"15":{"start":{"line":19,"column":9},"end":{"line":19,"column":14}},"16":{"start":{"line":19,"column":16},"end":{"line":19,"column":48}},"17":{"start":{"line":20,"column":8},"end":{"line":20,"column":54}},"18":{"start":{"line":20,"column":9},"end":{"line":20,"column":17}},"19":{"start":{"line":20,"column":19},"end":{"line":20,"column":54}},"20":{"start":{"line":21,"column":8},"end":{"line":21,"column":60}},"21":{"start":{"line":21,"column":9},"end":{"line":21,"column":18}},"22":{"start":{"line":21,"column":20},"end":{"line":21,"column":60}},"23":{"start":{"line":22,"column":15},"end":{"line":22,"column":64}},"24":{"start":{"line":25,"column":2},"end":{"line":27,"column":9}},"25":{"start":{"line":26,"column":4},"end":{"line":26,"column":27}},"26":{"start":{"line":31,"column":17},"end":{"line":34,"column":8}},"27":{"start":{"line":32,"column":4},"end":{"line":32,"column":36}},"28":{"start":{"line":33,"column":4},"end":{"line":33,"column":36}},"29":{"start":{"line":36,"column":31},"end":{"line":43,"column":3}},"30":{"start":{"line":38,"column":6},"end":{"line":38,"column":38}},"31":{"start":{"line":40,"column":6},"end":{"line":40,"column":42}},"32":{"start":{"line":45,"column":34},"end":{"line":52,"column":3}},"33":{"start":{"line":47,"column":6},"end":{"line":47,"column":38}},"34":{"start":{"line":49,"column":6},"end":{"line":49,"column":45}},"35":{"start":{"line":55,"column":18},"end":{"line":98,"column":3}},"36":{"start":{"line":57,"column":6},"end":{"line":57,"column":24}},"37":{"start":{"line":58,"column":6},"end":{"line":58,"column":27}},"38":{"start":{"line":60,"column":12},"end":{"line":60,"column":41}},"39":{"start":{"line":61,"column":12},"end":{"line":61,"column":65}},"40":{"start":{"line":62,"column":12},"end":{"line":62,"column":28}},"41":{"start":{"line":63,"column":12},"end":{"line":63,"column":25}},"42":{"start":{"line":64,"column":12},"end":{"line":70,"column":8}},"43":{"start":{"line":72,"column":6},"end":{"line":76,"column":7}},"44":{"start":{"line":73,"column":8},"end":{"line":75,"column":10}},"45":{"start":{"line":74,"column":10},"end":{"line":74,"column":65}},"46":{"start":{"line":74,"column":27},"end":{"line":74,"column":58}},"47":{"start":{"line":79,"column":25},"end":{"line":90,"column":10}},"48":{"start":{"line":79,"column":14},"end":{"line":90,"column":10}},"49":{"start":{"line":92,"column":8},"end":{"line":92,"column":24}},"50":{"start":{"line":94,"column":8},"end":{"line":94,"column":20}},"51":{"start":{"line":101,"column":25},"end":{"line":130,"column":3}},"52":{"start":{"line":103,"column":6},"end":{"line":103,"column":38}},"53":{"start":{"line":106,"column":14},"end":{"line":106,"column":70}},"54":{"start":{"line":109,"column":8},"end":{"line":109,"column":27}},"55":{"start":{"line":110,"column":25},"end":{"line":110,"column":55}},"56":{"start":{"line":110,"column":14},"end":{"line":110,"column":55}},"57":{"start":{"line":112,"column":10},"end":{"line":113,"column":21}},"58":{"start":{"line":115,"column":8},"end":{"line":115,"column":55}},"59":{"start":{"line":117,"column":8},"end":{"line":117,"column":30}},"60":{"start":{"line":118,"column":8},"end":{"line":118,"column":32}},"61":{"start":{"line":120,"column":8},"end":{"line":120,"column":30}},"62":{"start":{"line":123,"column":8},"end":{"line":123,"column":59}},"63":{"start":{"line":126,"column":8},"end":{"line":126,"column":28}},"64":{"start":{"line":133,"column":2},"end":{"line":216,"column":4}},"65":{"start":{"line":219,"column":0},"end":{"line":219,"column":28}},"66":{"start":{"line":221,"column":0},"end":{"line":221,"column":21}}},"fnMap":{"0":{"name":"Login","decl":{"start":{"line":16,"column":9},"end":{"line":16,"column":14}},"loc":{"start":{"line":16,"column":27},"end":{"line":217,"column":1}}},"1":{"name":"(anonymous_1)","decl":{"start":{"line":25,"column":12},"end":{"line":null,"column":-1}},"loc":{"start":{"line":25,"column":12},"end":{"line":27,"column":3}}},"2":{"name":"(anonymous_2)","decl":{"start":{"line":31,"column":29},"end":{"line":31,"column":29}},"loc":{"start":{"line":31,"column":72},"end":{"line":34,"column":3}}},"3":{"name":"(anonymous_3)","decl":{"start":{"line":37,"column":4},"end":{"line":37,"column":4}},"loc":{"start":{"line":37,"column":47},"end":{"line":41,"column":5}}},"4":{"name":"(anonymous_4)","decl":{"start":{"line":46,"column":4},"end":{"line":46,"column":4}},"loc":{"start":{"line":46,"column":47},"end":{"line":50,"column":5}}},"5":{"name":"(anonymous_5)","decl":{"start":{"line":56,"column":4},"end":{"line":57,"column":5}},"loc":{"start":{"line":58,"column":27},"end":{"line":96,"column":5}}},"6":{"name":"(anonymous_8)","decl":{"start":{"line":73,"column":27},"end":{"line":73,"column":26}},"loc":{"start":{"line":73,"column":34},"end":{"line":74,"column":65}}},"7":{"name":"(anonymous_9)","decl":{"start":{"line":74,"column":21},"end":{"line":74,"column":26}},"loc":{"start":{"line":74,"column":21},"end":{"line":74,"column":58}}},"8":{"name":"(anonymous_10)","decl":{"start":{"line":102,"column":4},"end":{"line":102,"column":10}},"loc":{"start":{"line":102,"column":53},"end":{"line":128,"column":5}}}},"branchMap":{"0":{"loc":{"start":{"line":26,"column":8},"end":{"line":26,"column":9}},"type":"cond-expr","locations":[{"start":{"line":26,"column":8},"end":{"line":26,"column":9}},{"start":{"line":26,"column":8},"end":{"line":26,"column":24}}]},"1":{"loc":{"start":{"line":26,"column":4},"end":{"line":26,"column":8}},"type":"binary-expr","locations":[{"start":{"line":26,"column":4},"end":{"line":26,"column":8}},{"start":{"line":26,"column":8},"end":{"line":26,"column":9}}]},"2":{"loc":{"start":{"line":32,"column":4},"end":{"line":32,"column":9}},"type":"binary-expr","locations":[{"start":{"line":32,"column":4},"end":{"line":32,"column":9}},{"start":{"line":32,"column":13},"end":{"line":32,"column":35}}]},"3":{"loc":{"start":{"line":38,"column":6},"end":{"line":38,"column":11}},"type":"binary-expr","locations":[{"start":{"line":38,"column":6},"end":{"line":38,"column":11}},{"start":{"line":38,"column":15},"end":{"line":38,"column":37}}]},"4":{"loc":{"start":{"line":47,"column":6},"end":{"line":47,"column":11}},"type":"binary-expr","locations":[{"start":{"line":47,"column":6},"end":{"line":47,"column":11}},{"start":{"line":47,"column":15},"end":{"line":47,"column":37}}]},"5":{"loc":{"start":{"line":57,"column":6},"end":{"line":57,"column":24}},"type":"if","locations":[{"start":{"line":57,"column":6},"end":{"line":57,"column":24}},{"start":{"line":57,"column":6},"end":{"line":57,"column":24}}]},"6":{"loc":{"start":{"line":58,"column":6},"end":{"line":58,"column":27}},"type":"if","locations":[{"start":{"line":58,"column":6},"end":{"line":58,"column":27}},{"start":{"line":58,"column":6},"end":{"line":58,"column":27}}]},"7":{"loc":{"start":{"line":72,"column":6},"end":{"line":76,"column":7}},"type":"if","locations":[{"start":{"line":72,"column":6},"end":{"line":76,"column":7}},{"start":{"line":72,"column":6},"end":{"line":76,"column":7}}]},"8":{"loc":{"start":{"line":103,"column":6},"end":{"line":103,"column":11}},"type":"binary-expr","locations":[{"start":{"line":103,"column":6},"end":{"line":103,"column":11}},{"start":{"line":103,"column":15},"end":{"line":103,"column":37}}]},"9":{"loc":{"start":{"line":106,"column":31},"end":{"line":106,"column":32}},"type":"cond-expr","locations":[{"start":{"line":106,"column":31},"end":{"line":106,"column":32}},{"start":{"line":106,"column":31},"end":{"line":106,"column":38}}]},"10":{"loc":{"start":{"line":106,"column":18},"end":{"line":106,"column":31}},"type":"binary-expr","locations":[{"start":{"line":106,"column":18},"end":{"line":106,"column":31}},{"start":{"line":106,"column":31},"end":{"line":106,"column":32}}]},"11":{"loc":{"start":{"line":106,"column":38},"end":{"line":106,"column":41}},"type":"cond-expr","locations":[{"start":{"line":106,"column":38},"end":{"line":106,"column":41}},{"start":{"line":106,"column":42},"end":{"line":106,"column":69}}]},"12":{"loc":{"start":{"line":106,"column":38},"end":{"line":106,"column":41}},"type":"binary-expr","locations":[{"start":{"line":106,"column":38},"end":{"line":106,"column":41}},{"start":{"line":106,"column":38},"end":{"line":106,"column":41}}]},"13":{"loc":{"start":{"line":117,"column":12},"end":{"line":117,"column":13}},"type":"cond-expr","locations":[{"start":{"line":117,"column":12},"end":{"line":117,"column":13}},{"start":{"line":117,"column":12},"end":{"line":117,"column":28}}]},"14":{"loc":{"start":{"line":117,"column":8},"end":{"line":117,"column":12}},"type":"binary-expr","locations":[{"start":{"line":117,"column":8},"end":{"line":117,"column":12}},{"start":{"line":117,"column":12},"end":{"line":117,"column":13}}]},"15":{"loc":{"start":{"line":118,"column":12},"end":{"line":118,"column":13}},"type":"cond-expr","locations":[{"start":{"line":118,"column":12},"end":{"line":118,"column":13}},{"start":{"line":118,"column":12},"end":{"line":118,"column":30}}]},"16":{"loc":{"start":{"line":118,"column":8},"end":{"line":118,"column":12}},"type":"binary-expr","locations":[{"start":{"line":118,"column":8},"end":{"line":118,"column":12}},{"start":{"line":118,"column":12},"end":{"line":118,"column":13}}]},"17":{"loc":{"start":{"line":191,"column":24},"end":{"line":194,"column":31}},"type":"cond-expr","locations":[{"start":{"line":191,"column":24},"end":{"line":194,"column":31}},{"start":{"line":196,"column":24},"end":{"line":196,"column":42}}]}},"s":{"0":1,"1":1,"2":1,"3":1,"4":1,"5":1,"6":1,"7":1,"8":1,"9":1,"10":1,"11":1,"12":1,"13":1,"14":1,"15":1,"16":1,"17":1,"18":1,"19":1,"20":1,"21":1,"22":1,"23":1,"24":1,"25":1,"26":1,"27":0,"28":0,"29":1,"30":0,"31":0,"32":1,"33":0,"34":0,"35":1,"36":0,"37":0,"38":0,"39":0,"40":0,"41":0,"42":0,"43":0,"44":0,"45":0,"46":0,"47":0,"48":0,"49":0,"50":0,"51":1,"52":0,"53":0,"54":0,"55":0,"56":0,"57":0,"58":0,"59":0,"60":0,"61":0,"62":0,"63":0,"64":1,"65":1,"66":1},"f":{"0":1,"1":1,"2":0,"3":0,"4":0,"5":0,"6":0,"7":0,"8":0},"b":{"0":[1,0],"1":[1,0],"2":[0,0],"3":[0,0],"4":[0,0],"5":[0,0],"6":[0,0],"7":[0,0],"8":[0,0],"9":[0,0],"10":[0,0],"11":[0,0],"12":[0,0],"13":[0,0],"14":[0,0],"15":[0,0],"16":[0,0],"17":[0,1]}}
,"/Users/mackentoch/GitProjects/react-bootstrap-webpack-starter/front/src/pages/pageNotFound/PageNotFound.tsx": {"path":"/Users/mackentoch/GitProjects/react-bootstrap-webpack-starter/front/src/pages/pageNotFound/PageNotFound.tsx","statementMap":{"0":{"start":{"line":1,"column":0},"end":{"line":1,"column":25}},"1":{"start":{"line":2,"column":0},"end":{"line":2,"column":48}},"2":{"start":{"line":3,"column":0},"end":{"line":3,"column":60}},"3":{"start":{"line":9,"column":2},"end":{"line":15,"column":4}},"4":{"start":{"line":18,"column":0},"end":{"line":18,"column":42}},"5":{"start":{"line":20,"column":0},"end":{"line":20,"column":28}}},"fnMap":{"0":{"name":"PageNotFound","decl":{"start":{"line":8,"column":9},"end":{"line":8,"column":21}},"loc":{"start":{"line":8,"column":21},"end":{"line":16,"column":1}}}},"branchMap":{},"s":{"0":1,"1":1,"2":1,"3":1,"4":1,"5":1},"f":{"0":1},"b":{}}
,"/Users/mackentoch/GitProjects/react-bootstrap-webpack-starter/front/src/pages/protected/Protected.tsx": {"path":"/Users/mackentoch/GitProjects/react-bootstrap-webpack-starter/front/src/pages/protected/Protected.tsx","statementMap":{"0":{"start":{"line":1,"column":0},"end":{"line":1,"column":25}},"1":{"start":{"line":2,"column":0},"end":{"line":2,"column":60}},"2":{"start":{"line":8,"column":2},"end":{"line":13,"column":4}},"3":{"start":{"line":16,"column":0},"end":{"line":16,"column":36}},"4":{"start":{"line":18,"column":0},"end":{"line":18,"column":25}}},"fnMap":{"0":{"name":"Protected","decl":{"start":{"line":7,"column":9},"end":{"line":7,"column":18}},"loc":{"start":{"line":7,"column":18},"end":{"line":14,"column":1}}}},"branchMap":{},"s":{"0":1,"1":1,"2":1,"3":1,"4":1},"f":{"0":1},"b":{}}
,"/Users/mackentoch/GitProjects/react-bootstrap-webpack-starter/front/src/services/API/fetchTools.ts": {"path":"/Users/mackentoch/GitProjects/react-bootstrap-webpack-starter/front/src/services/API/fetchTools.ts","statementMap":{"0":{"start":{"line":1,"column":0},"end":{"line":1,"column":34}},"1":{"start":{"line":4,"column":13},"end":{"line":12,"column":2}},"2":{"start":{"line":5,"column":2},"end":{"line":10,"column":3}},"3":{"start":{"line":7,"column":4},"end":{"line":9,"column":64}},"4":{"start":{"line":11,"column":2},"end":{"line":11,"column":32}},"5":{"start":{"line":16,"column":13},"end":{"line":18,"column":2}},"6":{"start":{"line":20,"column":13},"end":{"line":22,"column":2}},"7":{"start":{"line":24,"column":13},"end":{"line":26,"column":2}},"8":{"start":{"line":28,"column":13},"end":{"line":34,"column":2}},"9":{"start":{"line":38,"column":13},"end":{"line":40,"column":2}},"10":{"start":{"line":38,"column":29},"end":{"line":38,"column":56}},"11":{"start":{"line":39,"column":2},"end":{"line":39,"column":39}}},"fnMap":{"0":{"name":"(anonymous_0)","decl":{"start":{"line":4,"column":33},"end":{"line":null,"column":-1}},"loc":{"start":{"line":4,"column":33},"end":{"line":12,"column":1}}},"1":{"name":"(anonymous_1)","decl":{"start":{"line":38,"column":28},"end":{"line":38,"column":28}},"loc":{"start":{"line":38,"column":56},"end":{"line":40,"column":1}}}},"branchMap":{"0":{"loc":{"start":{"line":5,"column":2},"end":{"line":10,"column":3}},"type":"if","locations":[{"start":{"line":5,"column":2},"end":{"line":10,"column":3}},{"start":{"line":5,"column":2},"end":{"line":10,"column":3}}]},"1":{"loc":{"start":{"line":9,"column":30},"end":{"line":9,"column":56}},"type":"cond-expr","locations":[{"start":{"line":9,"column":30},"end":{"line":9,"column":56}},{"start":{"line":9,"column":59},"end":{"line":9,"column":61}}]},"2":{"loc":{"start":{"line":38,"column":29},"end":{"line":38,"column":56}},"type":"if","locations":[{"start":{"line":38,"column":29},"end":{"line":38,"column":56}},{"start":{"line":38,"column":29},"end":{"line":38,"column":56}}]}},"s":{"0":1,"1":1,"2":0,"3":0,"4":0,"5":1,"6":1,"7":1,"8":1,"9":1,"10":0,"11":0},"f":{"0":0,"1":0},"b":{"0":[0,0],"1":[0,0],"2":[0,0]}}
,"/Users/mackentoch/GitProjects/react-bootstrap-webpack-starter/front/src/services/auth/index.ts": {"path":"/Users/mackentoch/GitProjects/react-bootstrap-webpack-starter/front/src/services/auth/index.ts","statementMap":{"0":{"start":{"line":1,"column":0},"end":{"line":1,"column":31}},"1":{"start":{"line":2,"column":0},"end":{"line":2,"column":34}},"2":{"start":{"line":5,"column":18},"end":{"line":5,"column":25}},"3":{"start":{"line":6,"column":18},"end":{"line":6,"column":28}},"4":{"start":{"line":8,"column":54},"end":{"line":11,"column":1}},"5":{"start":{"line":13,"column":14},"end":{"line":13,"column":24}},"6":{"start":{"line":14,"column":18},"end":{"line":14,"column":32}},"7":{"start":{"line":23,"column":13},"end":{"line":294,"column":2}},"8":{"start":{"line":36,"column":4},"end":{"line":36,"column":59}},"9":{"start":{"line":37,"column":4},"end":{"line":37,"column":34}},"10":{"start":{"line":40,"column":4},"end":{"line":42,"column":5}},"11":{"start":{"line":41,"column":6},"end":{"line":41,"column":60}},"12":{"start":{"line":44,"column":4},"end":{"line":46,"column":5}},"13":{"start":{"line":45,"column":6},"end":{"line":45,"column":62}},"14":{"start":{"line":48,"column":4},"end":{"line":48,"column":16}},"15":{"start":{"line":60,"column":4},"end":{"line":60,"column":22}},"16":{"start":{"line":61,"column":4},"end":{"line":61,"column":57}},"17":{"start":{"line":62,"column":4},"end":{"line":62,"column":34}},"18":{"start":{"line":64,"column":4},"end":{"line":66,"column":5}},"19":{"start":{"line":65,"column":6},"end":{"line":65,"column":13}},"20":{"start":{"line":68,"column":4},"end":{"line":73,"column":5}},"21":{"start":{"line":69,"column":6},"end":{"line":72,"column":7}},"22":{"start":{"line":70,"column":8},"end":{"line":70,"column":46}},"23":{"start":{"line":71,"column":8},"end":{"line":71,"column":15}},"24":{"start":{"line":75,"column":4},"end":{"line":80,"column":5}},"25":{"start":{"line":76,"column":6},"end":{"line":79,"column":7}},"26":{"start":{"line":77,"column":8},"end":{"line":77,"column":48}},"27":{"start":{"line":78,"column":8},"end":{"line":78,"column":15}},"28":{"start":{"line":105,"column":4},"end":{"line":105,"column":59}},"29":{"start":{"line":106,"column":4},"end":{"line":106,"column":34}},"30":{"start":{"line":109,"column":4},"end":{"line":114,"column":5}},"31":{"start":{"line":110,"column":6},"end":{"line":112,"column":7}},"32":{"start":{"line":111,"column":8},"end":{"line":111,"column":20}},"33":{"start":{"line":113,"column":6},"end":{"line":113,"column":19}},"34":{"start":{"line":117,"column":4},"end":{"line":122,"column":5}},"35":{"start":{"line":118,"column":6},"end":{"line":120,"column":7}},"36":{"start":{"line":119,"column":8},"end":{"line":119,"column":20}},"37":{"start":{"line":121,"column":6},"end":{"line":121,"column":19}},"38":{"start":{"line":125,"column":4},"end":{"line":125,"column":17}},"39":{"start":{"line":135,"column":4},"end":{"line":135,"column":55}},"40":{"start":{"line":136,"column":4},"end":{"line":136,"column":34}},"41":{"start":{"line":139,"column":4},"end":{"line":142,"column":5}},"42":{"start":{"line":140,"column":6},"end":{"line":140,"column":40}},"43":{"start":{"line":141,"column":6},"end":{"line":141,"column":18}},"44":{"start":{"line":144,"column":4},"end":{"line":147,"column":5}},"45":{"start":{"line":145,"column":6},"end":{"line":145,"column":42}},"46":{"start":{"line":146,"column":6},"end":{"line":146,"column":18}},"47":{"start":{"line":149,"column":4},"end":{"line":149,"column":17}},"48":{"start":{"line":159,"column":4},"end":{"line":161,"column":5}},"49":{"start":{"line":160,"column":6},"end":{"line":160,"column":25}},"50":{"start":{"line":163,"column":35},"end":{"line":163,"column":55}},"51":{"start":{"line":164,"column":4},"end":{"line":166,"column":5}},"52":{"start":{"line":165,"column":6},"end":{"line":165,"column":25}},"53":{"start":{"line":168,"column":27},"end":{"line":168,"column":53}},"54":{"start":{"line":169,"column":4},"end":{"line":169,"column":26}},"55":{"start":{"line":179,"column":27},"end":{"line":179,"column":68}},"56":{"start":{"line":180,"column":21},"end":{"line":180,"column":31}},"57":{"start":{"line":181,"column":27},"end":{"line":181,"column":60}},"58":{"start":{"line":183,"column":4},"end":{"line":183,"column":26}},"59":{"start":{"line":197,"column":4},"end":{"line":197,"column":59}},"60":{"start":{"line":198,"column":4},"end":{"line":198,"column":40}},"61":{"start":{"line":201,"column":4},"end":{"line":211,"column":5}},"62":{"start":{"line":202,"column":6},"end":{"line":210,"column":7}},"63":{"start":{"line":203,"column":8},"end":{"line":207,"column":10}},"64":{"start":{"line":209,"column":8},"end":{"line":209,"column":20}},"65":{"start":{"line":213,"column":4},"end":{"line":223,"column":5}},"66":{"start":{"line":214,"column":6},"end":{"line":222,"column":7}},"67":{"start":{"line":215,"column":8},"end":{"line":219,"column":10}},"68":{"start":{"line":221,"column":8},"end":{"line":221,"column":20}},"69":{"start":{"line":225,"column":4},"end":{"line":225,"column":16}},"70":{"start":{"line":238,"column":4},"end":{"line":238,"column":57}},"71":{"start":{"line":239,"column":4},"end":{"line":239,"column":40}},"72":{"start":{"line":241,"column":4},"end":{"line":243,"column":5}},"73":{"start":{"line":242,"column":6},"end":{"line":242,"column":13}},"74":{"start":{"line":246,"column":4},"end":{"line":251,"column":5}},"75":{"start":{"line":247,"column":6},"end":{"line":250,"column":7}},"76":{"start":{"line":248,"column":8},"end":{"line":248,"column":60}},"77":{"start":{"line":249,"column":8},"end":{"line":249,"column":15}},"78":{"start":{"line":254,"column":4},"end":{"line":259,"column":5}},"79":{"start":{"line":255,"column":6},"end":{"line":258,"column":7}},"80":{"start":{"line":256,"column":8},"end":{"line":256,"column":62}},"81":{"start":{"line":257,"column":8},"end":{"line":257,"column":15}},"82":{"start":{"line":268,"column":16},"end":{"line":268,"column":52}},"83":{"start":{"line":270,"column":4},"end":{"line":273,"column":5}},"84":{"start":{"line":271,"column":6},"end":{"line":271,"column":43}},"85":{"start":{"line":272,"column":6},"end":{"line":272,"column":13}},"86":{"start":{"line":276,"column":4},"end":{"line":279,"column":5}},"87":{"start":{"line":277,"column":6},"end":{"line":277,"column":45}},"88":{"start":{"line":278,"column":6},"end":{"line":278,"column":13}},"89":{"start":{"line":291,"column":4},"end":{"line":291,"column":33}},"90":{"start":{"line":292,"column":4},"end":{"line":292,"column":35}},"91":{"start":{"line":296,"column":0},"end":{"line":296,"column":20}}},"fnMap":{"0":{"name":"(anonymous_0)","decl":{"start":{"line":35,"column":2},"end":{"line":36,"column":3}},"loc":{"start":{"line":37,"column":34},"end":{"line":49,"column":3}}},"1":{"name":"(anonymous_1)","decl":{"start":{"line":59,"column":2},"end":{"line":60,"column":3}},"loc":{"start":{"line":62,"column":34},"end":{"line":81,"column":3}}},"2":{"name":"(anonymous_2)","decl":{"start":{"line":104,"column":2},"end":{"line":105,"column":3}},"loc":{"start":{"line":106,"column":34},"end":{"line":126,"column":3}}},"3":{"name":"(anonymous_3)","decl":{"start":{"line":134,"column":2},"end":{"line":135,"column":3}},"loc":{"start":{"line":136,"column":34},"end":{"line":150,"column":3}}},"4":{"name":"(anonymous_4)","decl":{"start":{"line":158,"column":2},"end":{"line":158,"column":24}},"loc":{"start":{"line":158,"column":42},"end":{"line":170,"column":3}}},"5":{"name":"(anonymous_5)","decl":{"start":{"line":178,"column":2},"end":{"line":178,"column":16}},"loc":{"start":{"line":178,"column":34},"end":{"line":184,"column":3}}},"6":{"name":"(anonymous_6)","decl":{"start":{"line":196,"column":2},"end":{"line":197,"column":3}},"loc":{"start":{"line":198,"column":40},"end":{"line":226,"column":3}}},"7":{"name":"(anonymous_7)","decl":{"start":{"line":236,"column":2},"end":{"line":237,"column":3}},"loc":{"start":{"line":239,"column":40},"end":{"line":260,"column":3}}},"8":{"name":"(anonymous_8)","decl":{"start":{"line":268,"column":2},"end":{"line":268,"column":15}},"loc":{"start":{"line":268,"column":52},"end":{"line":280,"column":3}}},"9":{"name":"(anonymous_9)","decl":{"start":{"line":290,"column":2},"end":{"line":null,"column":-1}},"loc":{"start":{"line":290,"column":2},"end":{"line":293,"column":3}}}},"branchMap":{"0":{"loc":{"start":{"line":36,"column":4},"end":{"line":36,"column":59}},"type":"if","locations":[{"start":{"line":36,"column":4},"end":{"line":36,"column":59}},{"start":{"line":36,"column":4},"end":{"line":36,"column":59}}]},"1":{"loc":{"start":{"line":37,"column":4},"end":{"line":37,"column":34}},"type":"if","locations":[{"start":{"line":37,"column":4},"end":{"line":37,"column":34}},{"start":{"line":37,"column":4},"end":{"line":37,"column":34}}]},"2":{"loc":{"start":{"line":40,"column":4},"end":{"line":42,"column":5}},"type":"if","locations":[{"start":{"line":40,"column":4},"end":{"line":42,"column":5}},{"start":{"line":40,"column":4},"end":{"line":42,"column":5}}]},"3":{"loc":{"start":{"line":41,"column":13},"end":{"line":41,"column":50}},"type":"binary-expr","locations":[{"start":{"line":41,"column":13},"end":{"line":41,"column":50}},{"start":{"line":41,"column":55},"end":{"line":41,"column":59}}]},"4":{"loc":{"start":{"line":41,"column":19},"end":{"line":41,"column":20}},"type":"cond-expr","locations":[{"start":{"line":41,"column":19},"end":{"line":41,"column":20}},{"start":{"line":41,"column":19},"end":{"line":41,"column":50}}]},"5":{"loc":{"start":{"line":41,"column":13},"end":{"line":41,"column":19}},"type":"binary-expr","locations":[{"start":{"line":41,"column":13},"end":{"line":41,"column":19}},{"start":{"line":41,"column":19},"end":{"line":41,"column":20}}]},"6":{"loc":{"start":{"line":44,"column":4},"end":{"line":46,"column":5}},"type":"if","locations":[{"start":{"line":44,"column":4},"end":{"line":46,"column":5}},{"start":{"line":44,"column":4},"end":{"line":46,"column":5}}]},"7":{"loc":{"start":{"line":45,"column":13},"end":{"line":45,"column":52}},"type":"binary-expr","locations":[{"start":{"line":45,"column":13},"end":{"line":45,"column":52}},{"start":{"line":45,"column":57},"end":{"line":45,"column":61}}]},"8":{"loc":{"start":{"line":45,"column":19},"end":{"line":45,"column":20}},"type":"cond-expr","locations":[{"start":{"line":45,"column":19},"end":{"line":45,"column":20}},{"start":{"line":45,"column":19},"end":{"line":45,"column":52}}]},"9":{"loc":{"start":{"line":45,"column":13},"end":{"line":45,"column":19}},"type":"binary-expr","locations":[{"start":{"line":45,"column":13},"end":{"line":45,"column":19}},{"start":{"line":45,"column":19},"end":{"line":45,"column":20}}]},"10":{"loc":{"start":{"line":60,"column":4},"end":{"line":60,"column":22}},"type":"if","locations":[{"start":{"line":60,"column":4},"end":{"line":60,"column":22}},{"start":{"line":60,"column":4},"end":{"line":60,"column":22}}]},"11":{"loc":{"start":{"line":61,"column":4},"end":{"line":61,"column":57}},"type":"if","locations":[{"start":{"line":61,"column":4},"end":{"line":61,"column":57}},{"start":{"line":61,"column":4},"end":{"line":61,"column":57}}]},"12":{"loc":{"start":{"line":62,"column":4},"end":{"line":62,"column":34}},"type":"if","locations":[{"start":{"line":62,"column":4},"end":{"line":62,"column":34}},{"start":{"line":62,"column":4},"end":{"line":62,"column":34}}]},"13":{"loc":{"start":{"line":64,"column":4},"end":{"line":66,"column":5}},"type":"if","locations":[{"start":{"line":64,"column":4},"end":{"line":66,"column":5}},{"start":{"line":64,"column":4},"end":{"line":66,"column":5}}]},"14":{"loc":{"start":{"line":64,"column":8},"end":{"line":64,"column":14}},"type":"binary-expr","locations":[{"start":{"line":64,"column":8},"end":{"line":64,"column":14}},{"start":{"line":64,"column":18},"end":{"line":64,"column":35}}]},"15":{"loc":{"start":{"line":68,"column":4},"end":{"line":73,"column":5}},"type":"if","locations":[{"start":{"line":68,"column":4},"end":{"line":73,"column":5}},{"start":{"line":68,"column":4},"end":{"line":73,"column":5}}]},"16":{"loc":{"start":{"line":69,"column":6},"end":{"line":72,"column":7}},"type":"if","locations":[{"start":{"line":69,"column":6},"end":{"line":72,"column":7}},{"start":{"line":69,"column":6},"end":{"line":72,"column":7}}]},"17":{"loc":{"start":{"line":69,"column":16},"end":{"line":69,"column":17}},"type":"cond-expr","locations":[{"start":{"line":69,"column":16},"end":{"line":69,"column":17}},{"start":{"line":69,"column":16},"end":{"line":69,"column":30}}]},"18":{"loc":{"start":{"line":69,"column":6},"end":{"line":69,"column":16}},"type":"binary-expr","locations":[{"start":{"line":69,"column":6},"end":{"line":69,"column":16}},{"start":{"line":69,"column":16},"end":{"line":69,"column":17}}]},"19":{"loc":{"start":{"line":75,"column":4},"end":{"line":80,"column":5}},"type":"if","locations":[{"start":{"line":75,"column":4},"end":{"line":80,"column":5}},{"start":{"line":75,"column":4},"end":{"line":80,"column":5}}]},"20":{"loc":{"start":{"line":76,"column":6},"end":{"line":79,"column":7}},"type":"if","locations":[{"start":{"line":76,"column":6},"end":{"line":79,"column":7}},{"start":{"line":76,"column":6},"end":{"line":79,"column":7}}]},"21":{"loc":{"start":{"line":76,"column":16},"end":{"line":76,"column":17}},"type":"cond-expr","locations":[{"start":{"line":76,"column":16},"end":{"line":76,"column":17}},{"start":{"line":76,"column":16},"end":{"line":76,"column":32}}]},"22":{"loc":{"start":{"line":76,"column":6},"end":{"line":76,"column":16}},"type":"binary-expr","locations":[{"start":{"line":76,"column":6},"end":{"line":76,"column":16}},{"start":{"line":76,"column":16},"end":{"line":76,"column":17}}]},"23":{"loc":{"start":{"line":105,"column":4},"end":{"line":105,"column":59}},"type":"if","locations":[{"start":{"line":105,"column":4},"end":{"line":105,"column":59}},{"start":{"line":105,"column":4},"end":{"line":105,"column":59}}]},"24":{"loc":{"start":{"line":106,"column":4},"end":{"line":106,"column":34}},"type":"if","locations":[{"start":{"line":106,"column":4},"end":{"line":106,"column":34}},{"start":{"line":106,"column":4},"end":{"line":106,"column":34}}]},"25":{"loc":{"start":{"line":109,"column":4},"end":{"line":114,"column":5}},"type":"if","locations":[{"start":{"line":109,"column":4},"end":{"line":114,"column":5}},{"start":{"line":109,"column":4},"end":{"line":114,"column":5}}]},"26":{"loc":{"start":{"line":110,"column":6},"end":{"line":112,"column":7}},"type":"if","locations":[{"start":{"line":110,"column":6},"end":{"line":112,"column":7}},{"start":{"line":110,"column":6},"end":{"line":112,"column":7}}]},"27":{"loc":{"start":{"line":110,"column":16},"end":{"line":110,"column":17}},"type":"cond-expr","locations":[{"start":{"line":110,"column":16},"end":{"line":110,"column":17}},{"start":{"line":110,"column":16},"end":{"line":110,"column":47}}]},"28":{"loc":{"start":{"line":110,"column":6},"end":{"line":110,"column":16}},"type":"binary-expr","locations":[{"start":{"line":110,"column":6},"end":{"line":110,"column":16}},{"start":{"line":110,"column":16},"end":{"line":110,"column":17}}]},"29":{"loc":{"start":{"line":117,"column":4},"end":{"line":122,"column":5}},"type":"if","locations":[{"start":{"line":117,"column":4},"end":{"line":122,"column":5}},{"start":{"line":117,"column":4},"end":{"line":122,"column":5}}]},"30":{"loc":{"start":{"line":118,"column":6},"end":{"line":120,"column":7}},"type":"if","locations":[{"start":{"line":118,"column":6},"end":{"line":120,"column":7}},{"start":{"line":118,"column":6},"end":{"line":120,"column":7}}]},"31":{"loc":{"start":{"line":118,"column":16},"end":{"line":118,"column":17}},"type":"cond-expr","locations":[{"start":{"line":118,"column":16},"end":{"line":118,"column":17}},{"start":{"line":118,"column":16},"end":{"line":118,"column":49}}]},"32":{"loc":{"start":{"line":118,"column":6},"end":{"line":118,"column":16}},"type":"binary-expr","locations":[{"start":{"line":118,"column":6},"end":{"line":118,"column":16}},{"start":{"line":118,"column":16},"end":{"line":118,"column":17}}]},"33":{"loc":{"start":{"line":135,"column":4},"end":{"line":135,"column":55}},"type":"if","locations":[{"start":{"line":135,"column":4},"end":{"line":135,"column":55}},{"start":{"line":135,"column":4},"end":{"line":135,"column":55}}]},"34":{"loc":{"start":{"line":136,"column":4},"end":{"line":136,"column":34}},"type":"if","locations":[{"start":{"line":136,"column":4},"end":{"line":136,"column":34}},{"start":{"line":136,"column":4},"end":{"line":136,"column":34}}]},"35":{"loc":{"start":{"line":139,"column":4},"end":{"line":142,"column":5}},"type":"if","locations":[{"start":{"line":139,"column":4},"end":{"line":142,"column":5}},{"start":{"line":139,"column":4},"end":{"line":142,"column":5}}]},"36":{"loc":{"start":{"line":139,"column":14},"end":{"line":139,"column":15}},"type":"cond-expr","locations":[{"start":{"line":139,"column":14},"end":{"line":139,"column":15}},{"start":{"line":139,"column":14},"end":{"line":139,"column":37}}]},"37":{"loc":{"start":{"line":139,"column":4},"end":{"line":139,"column":14}},"type":"binary-expr","locations":[{"start":{"line":139,"column":4},"end":{"line":139,"column":14}},{"start":{"line":139,"column":14},"end":{"line":139,"column":15}}]},"38":{"loc":{"start":{"line":144,"column":4},"end":{"line":147,"column":5}},"type":"if","locations":[{"start":{"line":144,"column":4},"end":{"line":147,"column":5}},{"start":{"line":144,"column":4},"end":{"line":147,"column":5}}]},"39":{"loc":{"start":{"line":144,"column":14},"end":{"line":144,"column":15}},"type":"cond-expr","locations":[{"start":{"line":144,"column":14},"end":{"line":144,"column":15}},{"start":{"line":144,"column":14},"end":{"line":144,"column":39}}]},"40":{"loc":{"start":{"line":144,"column":4},"end":{"line":144,"column":14}},"type":"binary-expr","locations":[{"start":{"line":144,"column":4},"end":{"line":144,"column":14}},{"start":{"line":144,"column":14},"end":{"line":144,"column":15}}]},"41":{"loc":{"start":{"line":159,"column":4},"end":{"line":161,"column":5}},"type":"if","locations":[{"start":{"line":159,"column":4},"end":{"line":161,"column":5}},{"start":{"line":159,"column":4},"end":{"line":161,"column":5}}]},"42":{"loc":{"start":{"line":164,"column":4},"end":{"line":166,"column":5}},"type":"if","locations":[{"start":{"line":164,"column":4},"end":{"line":166,"column":5}},{"start":{"line":164,"column":4},"end":{"line":166,"column":5}}]},"43":{"loc":{"start":{"line":197,"column":4},"end":{"line":197,"column":59}},"type":"if","locations":[{"start":{"line":197,"column":4},"end":{"line":197,"column":59}},{"start":{"line":197,"column":4},"end":{"line":197,"column":59}}]},"44":{"loc":{"start":{"line":198,"column":4},"end":{"line":198,"column":40}},"type":"if","locations":[{"start":{"line":198,"column":4},"end":{"line":198,"column":40}},{"start":{"line":198,"column":4},"end":{"line":198,"column":40}}]},"45":{"loc":{"start":{"line":201,"column":4},"end":{"line":211,"column":5}},"type":"if","locations":[{"start":{"line":201,"column":4},"end":{"line":211,"column":5}},{"start":{"line":201,"column":4},"end":{"line":211,"column":5}}]},"46":{"loc":{"start":{"line":204,"column":11},"end":{"line":204,"column":31}},"type":"binary-expr","locations":[{"start":{"line":204,"column":11},"end":{"line":204,"column":31}},{"start":{"line":205,"column":12},"end":{"line":205,"column":63}},{"start":{"line":206,"column":10},"end":{"line":206,"column":14}}]},"47":{"loc":{"start":{"line":204,"column":17},"end":{"line":204,"column":18}},"type":"cond-expr","locations":[{"start":{"line":204,"column":17},"end":{"line":204,"column":18}},{"start":{"line":204,"column":17},"end":{"line":204,"column":31}}]},"48":{"loc":{"start":{"line":204,"column":11},"end":{"line":204,"column":17}},"type":"binary-expr","locations":[{"start":{"line":204,"column":11},"end":{"line":204,"column":17}},{"start":{"line":204,"column":17},"end":{"line":204,"column":18}}]},"49":{"loc":{"start":{"line":205,"column":23},"end":{"line":205,"column":56}},"type":"binary-expr","locations":[{"start":{"line":205,"column":23},"end":{"line":205,"column":56}},{"start":{"line":205,"column":60},"end":{"line":205,"column":62}}]},"50":{"loc":{"start":{"line":213,"column":4},"end":{"line":223,"column":5}},"type":"if","locations":[{"start":{"line":213,"column":4},"end":{"line":223,"column":5}},{"start":{"line":213,"column":4},"end":{"line":223,"column":5}}]},"51":{"loc":{"start":{"line":216,"column":11},"end":{"line":216,"column":33}},"type":"binary-expr","locations":[{"start":{"line":216,"column":11},"end":{"line":216,"column":33}},{"start":{"line":217,"column":12},"end":{"line":217,"column":65}},{"start":{"line":218,"column":10},"end":{"line":218,"column":14}}]},"52":{"loc":{"start":{"line":216,"column":17},"end":{"line":216,"column":18}},"type":"cond-expr","locations":[{"start":{"line":216,"column":17},"end":{"line":216,"column":18}},{"start":{"line":216,"column":17},"end":{"line":216,"column":33}}]},"53":{"loc":{"start":{"line":216,"column":11},"end":{"line":216,"column":17}},"type":"binary-expr","locations":[{"start":{"line":216,"column":11},"end":{"line":216,"column":17}},{"start":{"line":216,"column":17},"end":{"line":216,"column":18}}]},"54":{"loc":{"start":{"line":217,"column":23},"end":{"line":217,"column":58}},"type":"binary-expr","locations":[{"start":{"line":217,"column":23},"end":{"line":217,"column":58}},{"start":{"line":217,"column":62},"end":{"line":217,"column":64}}]},"55":{"loc":{"start":{"line":238,"column":4},"end":{"line":238,"column":57}},"type":"if","locations":[{"start":{"line":238,"column":4},"end":{"line":238,"column":57}},{"start":{"line":238,"column":4},"end":{"line":238,"column":57}}]},"56":{"loc":{"start":{"line":239,"column":4},"end":{"line":239,"column":40}},"type":"if","locations":[{"start":{"line":239,"column":4},"end":{"line":239,"column":40}},{"start":{"line":239,"column":4},"end":{"line":239,"column":40}}]},"57":{"loc":{"start":{"line":241,"column":4},"end":{"line":243,"column":5}},"type":"if","locations":[{"start":{"line":241,"column":4},"end":{"line":243,"column":5}},{"start":{"line":241,"column":4},"end":{"line":243,"column":5}}]},"58":{"loc":{"start":{"line":246,"column":4},"end":{"line":251,"column":5}},"type":"if","locations":[{"start":{"line":246,"column":4},"end":{"line":251,"column":5}},{"start":{"line":246,"column":4},"end":{"line":251,"column":5}}]},"59":{"loc":{"start":{"line":247,"column":6},"end":{"line":250,"column":7}},"type":"if","locations":[{"start":{"line":247,"column":6},"end":{"line":250,"column":7}},{"start":{"line":247,"column":6},"end":{"line":250,"column":7}}]},"60":{"loc":{"start":{"line":247,"column":16},"end":{"line":247,"column":17}},"type":"cond-expr","locations":[{"start":{"line":247,"column":16},"end":{"line":247,"column":17}},{"start":{"line":247,"column":16},"end":{"line":247,"column":30}}]},"61":{"loc":{"start":{"line":247,"column":6},"end":{"line":247,"column":16}},"type":"binary-expr","locations":[{"start":{"line":247,"column":6},"end":{"line":247,"column":16}},{"start":{"line":247,"column":16},"end":{"line":247,"column":17}}]},"62":{"loc":{"start":{"line":254,"column":4},"end":{"line":259,"column":5}},"type":"if","locations":[{"start":{"line":254,"column":4},"end":{"line":259,"column":5}},{"start":{"line":254,"column":4},"end":{"line":259,"column":5}}]},"63":{"loc":{"start":{"line":255,"column":6},"end":{"line":258,"column":7}},"type":"if","locations":[{"start":{"line":255,"column":6},"end":{"line":258,"column":7}},{"start":{"line":255,"column":6},"end":{"line":258,"column":7}}]},"64":{"loc":{"start":{"line":255,"column":16},"end":{"line":255,"column":17}},"type":"cond-expr","locations":[{"start":{"line":255,"column":16},"end":{"line":255,"column":17}},{"start":{"line":255,"column":16},"end":{"line":255,"column":32}}]},"65":{"loc":{"start":{"line":255,"column":6},"end":{"line":255,"column":16}},"type":"binary-expr","locations":[{"start":{"line":255,"column":6},"end":{"line":255,"column":16}},{"start":{"line":255,"column":16},"end":{"line":255,"column":17}}]},"66":{"loc":{"start":{"line":268,"column":16},"end":{"line":268,"column":52}},"type":"if","locations":[{"start":{"line":268,"column":16},"end":{"line":268,"column":52}},{"start":{"line":268,"column":16},"end":{"line":268,"column":52}}]},"67":{"loc":{"start":{"line":270,"column":4},"end":{"line":273,"column":5}},"type":"if","locations":[{"start":{"line":270,"column":4},"end":{"line":273,"column":5}},{"start":{"line":270,"column":4},"end":{"line":273,"column":5}}]},"68":{"loc":{"start":{"line":270,"column":14},"end":{"line":270,"column":15}},"type":"cond-expr","locations":[{"start":{"line":270,"column":14},"end":{"line":270,"column":15}},{"start":{"line":270,"column":14},"end":{"line":270,"column":40}}]},"69":{"loc":{"start":{"line":270,"column":4},"end":{"line":270,"column":14}},"type":"binary-expr","locations":[{"start":{"line":270,"column":4},"end":{"line":270,"column":14}},{"start":{"line":270,"column":14},"end":{"line":270,"column":15}}]},"70":{"loc":{"start":{"line":276,"column":4},"end":{"line":279,"column":5}},"type":"if","locations":[{"start":{"line":276,"column":4},"end":{"line":279,"column":5}},{"start":{"line":276,"column":4},"end":{"line":279,"column":5}}]},"71":{"loc":{"start":{"line":276,"column":14},"end":{"line":276,"column":15}},"type":"cond-expr","locations":[{"start":{"line":276,"column":14},"end":{"line":276,"column":15}},{"start":{"line":276,"column":14},"end":{"line":276,"column":42}}]},"72":{"loc":{"start":{"line":276,"column":4},"end":{"line":276,"column":14}},"type":"binary-expr","locations":[{"start":{"line":276,"column":4},"end":{"line":276,"column":14}},{"start":{"line":276,"column":14},"end":{"line":276,"column":15}}]},"73":{"loc":{"start":{"line":291,"column":10},"end":{"line":291,"column":11}},"type":"cond-expr","locations":[{"start":{"line":291,"column":10},"end":{"line":291,"column":11}},{"start":{"line":291,"column":10},"end":{"line":291,"column":30}}]},"74":{"loc":{"start":{"line":291,"column":4},"end":{"line":291,"column":10}},"type":"binary-expr","locations":[{"start":{"line":291,"column":4},"end":{"line":291,"column":10}},{"start":{"line":291,"column":10},"end":{"line":291,"column":11}}]},"75":{"loc":{"start":{"line":292,"column":10},"end":{"line":292,"column":11}},"type":"cond-expr","locations":[{"start":{"line":292,"column":10},"end":{"line":292,"column":11}},{"start":{"line":292,"column":10},"end":{"line":292,"column":32}}]},"76":{"loc":{"start":{"line":292,"column":4},"end":{"line":292,"column":10}},"type":"binary-expr","locations":[{"start":{"line":292,"column":4},"end":{"line":292,"column":10}},{"start":{"line":292,"column":10},"end":{"line":292,"column":11}}]}},"s":{"0":6,"1":6,"2":6,"3":6,"4":6,"5":6,"6":6,"7":6,"8":3,"9":3,"10":2,"11":2,"12":0,"13":0,"14":0,"15":1,"16":1,"17":1,"18":1,"19":0,"20":1,"21":1,"22":1,"23":1,"24":0,"25":0,"26":0,"27":0,"28":0,"29":0,"30":0,"31":0,"32":0,"33":0,"34":0,"35":0,"36":0,"37":0,"38":0,"39":0,"40":0,"41":0,"42":0,"43":0,"44":0,"45":0,"46":0,"47":0,"48":0,"49":0,"50":0,"51":0,"52":0,"53":0,"54":0,"55":0,"56":0,"57":0,"58":0,"59":2,"60":2,"61":1,"62":1,"63":1,"64":1,"65":0,"66":0,"67":0,"68":0,"69":0,"70":0,"71":0,"72":0,"73":0,"74":0,"75":0,"76":0,"77":0,"78":0,"79":0,"80":0,"81":0,"82":0,"83":0,"84":0,"85":0,"86":0,"87":0,"88":0,"89":1,"90":1,"91":6},"f":{"0":2,"1":1,"2":0,"3":0,"4":0,"5":0,"6":1,"7":0,"8":0,"9":1},"b":{"0":[1,1],"1":[1,1],"2":[2,0],"3":[2,1],"4":[0,2],"5":[2,2],"6":[0,0],"7":[0,0],"8":[0,0],"9":[0,0],"10":[0,1],"11":[0,1],"12":[0,1],"13":[0,1],"14":[1,1],"15":[1,0],"16":[1,0],"17":[0,1],"18":[1,1],"19":[0,0],"20":[0,0],"21":[0,0],"22":[0,0],"23":[0,0],"24":[0,0],"25":[0,0],"26":[0,0],"27":[0,0],"28":[0,0],"29":[0,0],"30":[0,0],"31":[0,0],"32":[0,0],"33":[0,0],"34":[0,0],"35":[0,0],"36":[0,0],"37":[0,0],"38":[0,0],"39":[0,0],"40":[0,0],"41":[0,0],"42":[0,0],"43":[1,0],"44":[1,0],"45":[1,0],"46":[1,1,0],"47":[0,1],"48":[1,1],"49":[1,1],"50":[0,0],"51":[0,0,0],"52":[0,0],"53":[0,0],"54":[0,0],"55":[0,0],"56":[0,0],"57":[0,0],"58":[0,0],"59":[0,0],"60":[0,0],"61":[0,0],"62":[0,0],"63":[0,0],"64":[0,0],"65":[0,0],"66":[0,0],"67":[0,0],"68":[0,0],"69":[0,0],"70":[0,0],"71":[0,0],"72":[0,0],"73":[0,1],"74":[1,1],"75":[0,1],"76":[1,1]}}
,"/Users/mackentoch/GitProjects/react-bootstrap-webpack-starter/front/test/setupTests.ts": {"path":"/Users/mackentoch/GitProjects/react-bootstrap-webpack-starter/front/test/setupTests.ts","statementMap":{"0":{"start":{"line":3,"column":0},"end":{"line":3,"column":24}},"1":{"start":{"line":5,"column":0},"end":{"line":5,"column":34}},"2":{"start":{"line":7,"column":0},"end":{"line":7,"column":26}},"3":{"start":{"line":9,"column":0},"end":{"line":9,"column":39}},"4":{"start":{"line":11,"column":15},"end":{"line":11,"column":32}},"5":{"start":{"line":13,"column":22},"end":{"line":13,"column":56}},"6":{"start":{"line":16,"column":0},"end":{"line":16,"column":51}}},"fnMap":{},"branchMap":{},"s":{"0":16,"1":16,"2":16,"3":16,"4":16,"5":16,"6":16},"f":{},"b":{}}
}
