TN:
SF:/Users/mackentoch/GitProjects/react-bootstrap-webpack-starter/front/src/contexts/auth/hook/authContextHook.ts
FN:6,(anonymous_0)
FN:16,authContextHook
FN:29,(anonymous_2)
FN:49,(anonymous_3)
FN:73,(anonymous_4)
FN:94,(anonymous_5)
FN:113,(anonymous_6)
FNF:7
FNH:2
FNDA:0,(anonymous_0)
FNDA:3,authContextHook
FNDA:0,(anonymous_2)
FNDA:1,(anonymous_3)
FNDA:0,(anonymous_4)
FNDA:0,(anonymous_5)
FNDA:0,(anonymous_6)
DA:1,1
DA:2,1
DA:4,1
DA:6,1
DA:8,1
DA:16,1
DA:17,3
DA:20,3
DA:23,3
DA:26,3
DA:27,3
DA:29,3
DA:30,0
DA:31,0
DA:33,0
DA:35,0
DA:46,0
DA:49,3
DA:50,1
DA:51,1
DA:53,1
DA:57,1
DA:59,1
DA:70,1
DA:73,3
DA:74,0
DA:75,0
DA:76,0
DA:78,0
DA:79,0
DA:80,0
DA:82,0
DA:94,3
DA:95,0
DA:96,0
DA:98,0
DA:100,0
DA:113,3
DA:114,0
DA:116,0
DA:117,0
DA:118,0
DA:119,0
DA:120,0
DA:122,0
DA:128,3
DA:143,1
LF:47
LH:24
BRDA:31,0,0,0
BRDA:31,0,1,0
BRDA:35,1,0,0
BRDA:35,1,1,0
BRDA:35,2,0,0
BRDA:35,2,1,0
BRDA:59,3,0,1
BRDA:59,3,1,0
BRDA:59,4,0,1
BRDA:59,4,1,0
BRDA:73,5,0,0
BRDA:73,5,1,0
BRDA:82,6,0,0
BRDA:82,6,1,0
BRDA:82,7,0,0
BRDA:82,7,1,0
BRDA:95,8,0,0
BRDA:95,8,1,0
BRDA:100,9,0,0
BRDA:100,9,1,0
BRDA:100,10,0,0
BRDA:100,10,1,0
BRDA:122,11,0,0
BRDA:122,11,1,0
BRDA:122,12,0,0
BRDA:122,12,1,0
BRF:26
BRH:2
end_of_record
TN:
SF:/Users/mackentoch/GitProjects/react-bootstrap-webpack-starter/front/src/contexts/withDevTools/index.ts
FN:52,(anonymous_0)
FN:83,(anonymous_1)
FNF:2
FNH:0
FNDA:0,(anonymous_0)
FNDA:0,(anonymous_1)
DA:27,1
DA:29,1
DA:34,1
DA:48,1
DA:52,1
DA:54,0
DA:61,0
DA:62,0
DA:67,0
DA:79,1
DA:85,0
DA:86,0
DA:88,0
DA:89,0
DA:91,0
DA:92,0
DA:94,0
DA:95,0
DA:99,0
DA:100,0
DA:102,0
LF:21
LH:6
BRDA:30,0,0,1
BRDA:30,0,1,0
BRDA:30,0,2,0
BRDA:35,1,0,1
BRDA:35,1,1,0
BRDA:52,2,0,0
BRDA:52,2,1,0
BRDA:56,3,0,0
BRDA:56,3,1,0
BRDA:56,3,2,0
BRDA:56,3,3,0
BRDA:56,3,4,0
BRDA:56,3,5,0
BRDA:80,4,0,1
BRDA:80,4,1,0
BRDA:85,5,0,0
BRDA:85,5,1,0
BRDA:88,6,0,0
BRDA:88,6,1,0
BRDA:91,7,0,0
BRDA:91,7,1,0
BRDA:94,8,0,0
BRDA:94,8,1,0
BRDA:102,9,0,0
BRDA:102,9,1,0
BRF:25
BRH:3
end_of_record
TN:
SF:/Users/mackentoch/GitProjects/react-bootstrap-webpack-starter/front/src/services/auth/index.ts
FN:35,(anonymous_0)
FN:59,(anonymous_1)
FN:104,(anonymous_2)
FN:134,(anonymous_3)
FN:158,(anonymous_4)
FN:178,(anonymous_5)
FN:196,(anonymous_6)
FN:236,(anonymous_7)
FN:268,(anonymous_8)
FN:290,(anonymous_9)
FNF:10
FNH:0
FNDA:0,(anonymous_0)
FNDA:0,(anonymous_1)
FNDA:0,(anonymous_2)
FNDA:0,(anonymous_3)
FNDA:0,(anonymous_4)
FNDA:0,(anonymous_5)
FNDA:0,(anonymous_6)
FNDA:0,(anonymous_7)
FNDA:0,(anonymous_8)
FNDA:0,(anonymous_9)
DA:1,1
DA:2,1
DA:5,1
DA:6,1
DA:8,1
DA:13,1
DA:14,1
DA:23,1
DA:36,0
DA:37,0
DA:40,0
DA:41,0
DA:44,0
DA:45,0
DA:48,0
DA:60,0
DA:61,0
DA:62,0
DA:64,0
DA:65,0
DA:68,0
DA:69,0
DA:70,0
DA:71,0
DA:75,0
DA:76,0
DA:77,0
DA:78,0
DA:105,0
DA:106,0
DA:109,0
DA:110,0
DA:111,0
DA:113,0
DA:117,0
DA:118,0
DA:119,0
DA:121,0
DA:125,0
DA:135,0
DA:136,0
DA:139,0
DA:140,0
DA:141,0
DA:144,0
DA:145,0
DA:146,0
DA:149,0
DA:159,0
DA:160,0
DA:163,0
DA:164,0
DA:165,0
DA:168,0
DA:169,0
DA:179,0
DA:180,0
DA:181,0
DA:183,0
DA:197,0
DA:198,0
DA:201,0
DA:202,0
DA:203,0
DA:209,0
DA:213,0
DA:214,0
DA:215,0
DA:221,0
DA:225,0
DA:238,0
DA:239,0
DA:241,0
DA:242,0
DA:246,0
DA:247,0
DA:248,0
DA:249,0
DA:254,0
DA:255,0
DA:256,0
DA:257,0
DA:268,0
DA:270,0
DA:271,0
DA:272,0
DA:276,0
DA:277,0
DA:278,0
DA:291,0
DA:292,0
DA:296,1
LF:92
LH:9
BRDA:36,0,0,0
BRDA:36,0,1,0
BRDA:37,1,0,0
BRDA:37,1,1,0
BRDA:40,2,0,0
BRDA:40,2,1,0
BRDA:41,3,0,0
BRDA:41,3,1,0
BRDA:41,4,0,0
BRDA:41,4,1,0
BRDA:41,5,0,0
BRDA:41,5,1,0
BRDA:44,6,0,0
BRDA:44,6,1,0
BRDA:45,7,0,0
BRDA:45,7,1,0
BRDA:45,8,0,0
BRDA:45,8,1,0
BRDA:45,9,0,0
BRDA:45,9,1,0
BRDA:60,10,0,0
BRDA:60,10,1,0
BRDA:61,11,0,0
BRDA:61,11,1,0
BRDA:62,12,0,0
BRDA:62,12,1,0
BRDA:64,13,0,0
BRDA:64,13,1,0
BRDA:64,14,0,0
BRDA:64,14,1,0
BRDA:68,15,0,0
BRDA:68,15,1,0
BRDA:69,16,0,0
BRDA:69,16,1,0
BRDA:69,17,0,0
BRDA:69,17,1,0
BRDA:69,18,0,0
BRDA:69,18,1,0
BRDA:75,19,0,0
BRDA:75,19,1,0
BRDA:76,20,0,0
BRDA:76,20,1,0
BRDA:76,21,0,0
BRDA:76,21,1,0
BRDA:76,22,0,0
BRDA:76,22,1,0
BRDA:105,23,0,0
BRDA:105,23,1,0
BRDA:106,24,0,0
BRDA:106,24,1,0
BRDA:109,25,0,0
BRDA:109,25,1,0
BRDA:110,26,0,0
BRDA:110,26,1,0
BRDA:110,27,0,0
BRDA:110,27,1,0
BRDA:110,28,0,0
BRDA:110,28,1,0
BRDA:117,29,0,0
BRDA:117,29,1,0
BRDA:118,30,0,0
BRDA:118,30,1,0
BRDA:118,31,0,0
BRDA:118,31,1,0
BRDA:118,32,0,0
BRDA:118,32,1,0
BRDA:135,33,0,0
BRDA:135,33,1,0
BRDA:136,34,0,0
BRDA:136,34,1,0
BRDA:139,35,0,0
BRDA:139,35,1,0
BRDA:139,36,0,0
BRDA:139,36,1,0
BRDA:139,37,0,0
BRDA:139,37,1,0
BRDA:144,38,0,0
BRDA:144,38,1,0
BRDA:144,39,0,0
BRDA:144,39,1,0
BRDA:144,40,0,0
BRDA:144,40,1,0
BRDA:159,41,0,0
BRDA:159,41,1,0
BRDA:164,42,0,0
BRDA:164,42,1,0
BRDA:197,43,0,0
BRDA:197,43,1,0
BRDA:198,44,0,0
BRDA:198,44,1,0
BRDA:201,45,0,0
BRDA:201,45,1,0
BRDA:204,46,0,0
BRDA:204,46,1,0
BRDA:204,46,2,0
BRDA:204,47,0,0
BRDA:204,47,1,0
BRDA:204,48,0,0
BRDA:204,48,1,0
BRDA:205,49,0,0
BRDA:205,49,1,0
BRDA:213,50,0,0
BRDA:213,50,1,0
BRDA:216,51,0,0
BRDA:216,51,1,0
BRDA:216,51,2,0
BRDA:216,52,0,0
BRDA:216,52,1,0
BRDA:216,53,0,0
BRDA:216,53,1,0
BRDA:217,54,0,0
BRDA:217,54,1,0
BRDA:238,55,0,0
BRDA:238,55,1,0
BRDA:239,56,0,0
BRDA:239,56,1,0
BRDA:241,57,0,0
BRDA:241,57,1,0
BRDA:246,58,0,0
BRDA:246,58,1,0
BRDA:247,59,0,0
BRDA:247,59,1,0
BRDA:247,60,0,0
BRDA:247,60,1,0
BRDA:247,61,0,0
BRDA:247,61,1,0
BRDA:254,62,0,0
BRDA:254,62,1,0
BRDA:255,63,0,0
BRDA:255,63,1,0
BRDA:255,64,0,0
BRDA:255,64,1,0
BRDA:255,65,0,0
BRDA:255,65,1,0
BRDA:268,66,0,0
BRDA:268,66,1,0
BRDA:270,67,0,0
BRDA:270,67,1,0
BRDA:270,68,0,0
BRDA:270,68,1,0
BRDA:270,69,0,0
BRDA:270,69,1,0
BRDA:276,70,0,0
BRDA:276,70,1,0
BRDA:276,71,0,0
BRDA:276,71,1,0
BRDA:276,72,0,0
BRDA:276,72,1,0
BRDA:291,73,0,0
BRDA:291,73,1,0
BRDA:291,74,0,0
BRDA:291,74,1,0
BRDA:292,75,0,0
BRDA:292,75,1,0
BRDA:292,76,0,0
BRDA:292,76,1,0
BRF:156
BRH:0
end_of_record
TN:
SF:/Users/mackentoch/GitProjects/react-bootstrap-webpack-starter/front/test/setupTests.ts
FNF:0
FNH:0
DA:3,1
DA:5,1
DA:7,1
DA:9,1
DA:11,1
DA:13,1
DA:16,1
LF:7
LH:7
BRF:0
BRH:0
end_of_record
