TN:
SF:/Users/mackentoch/GitProjects/react-bootstrap-webpack-starter/front/src/components/backToTop/BackToTop.tsx
FN:12,BackToTop
FN:12,(anonymous_1)
FN:18,(anonymous_2)
FN:36,(anonymous_3)
FN:53,(anonymous_4)
FN:66,(anonymous_5)
FN:71,unsubscribeEvents
FN:82,(anonymous_7)
FNF:8
FNH:4
FNDA:2,BackToTop
FNDA:0,(anonymous_1)
FNDA:0,(anonymous_2)
FNDA:0,(anonymous_3)
FNDA:0,(anonymous_4)
FNDA:2,(anonymous_5)
FNDA:2,unsubscribeEvents
FNDA:2,(anonymous_7)
DA:2,2
DA:3,2
DA:4,2
DA:12,4
DA:13,2
DA:14,2
DA:15,2
DA:18,2
DA:19,0
DA:20,0
DA:25,0
DA:35,0
DA:36,0
DA:37,0
DA:39,0
DA:41,0
DA:42,0
DA:44,0
DA:48,0
DA:53,2
DA:56,0
DA:57,0
DA:59,0
DA:60,0
DA:66,2
DA:67,2
DA:68,2
DA:71,2
DA:72,2
DA:73,2
DA:79,2
DA:82,2
DA:96,2
DA:98,2
LF:34
LH:19
BRDA:12,0,0,0
BRDA:12,0,1,2
BRDA:12,1,0,1
BRDA:12,1,1,1
BRDA:19,2,0,0
BRDA:19,2,1,0
BRDA:26,3,0,0
BRDA:26,3,1,0
BRDA:28,4,0,0
BRDA:28,4,1,0
BRDA:28,4,2,0
BRDA:35,5,0,0
BRDA:35,5,1,0
BRDA:37,6,0,0
BRDA:37,6,1,0
BRDA:39,7,0,0
BRDA:39,7,1,0
BRDA:56,8,0,0
BRDA:56,8,1,0
BRDA:57,9,0,0
BRDA:57,9,1,0
BRDA:57,10,0,0
BRDA:57,10,1,0
BRDA:57,10,2,0
BRDA:60,11,0,0
BRDA:60,11,1,0
BRDA:67,12,0,2
BRDA:67,12,1,0
BRDA:72,13,0,2
BRDA:72,13,1,0
BRDA:81,14,0,0
BRDA:81,14,1,2
BRF:32
BRH:6
end_of_record
TN:
SF:/Users/mackentoch/GitProjects/react-bootstrap-webpack-starter/front/src/components/backToTop/backToTopButton/BackToTopButton.tsx
FN:32,setPosition
FN:52,(anonymous_1)
FNF:2
FNH:2
FNDA:3,setPosition
FNDA:3,(anonymous_1)
DA:1,3
DA:2,3
DA:3,3
DA:4,3
DA:15,3
DA:16,3
DA:17,3
DA:18,3
DA:19,3
DA:20,3
DA:21,3
DA:32,3
DA:33,3
DA:35,3
DA:37,2
DA:38,2
DA:39,2
DA:42,1
DA:43,1
DA:44,1
DA:47,0
DA:52,3
DA:53,3
DA:54,6
DA:55,3
DA:56,3
DA:58,3
DA:63,3
DA:81,3
DA:83,3
LF:30
LH:29
BRDA:32,0,0,0
BRDA:32,0,1,3
BRDA:32,1,0,0
BRDA:32,1,1,3
BRDA:36,2,0,2
BRDA:36,2,1,1
BRDA:36,2,2,0
BRDA:54,3,0,0
BRDA:54,3,1,3
BRDA:71,4,0,3
BRDA:71,4,1,2
BRDA:76,5,0,3
BRDA:76,5,1,1
BRF:13
BRH:9
end_of_record
TN:
SF:/Users/mackentoch/GitProjects/react-bootstrap-webpack-starter/front/src/components/backToTop/backToTopButton/UpIcon.tsx
FN:7,(anonymous_0)
FNF:1
FNH:1
FNDA:3,(anonymous_0)
DA:1,4
DA:7,4
DA:8,3
DA:19,4
DA:23,4
DA:26,4
LF:6
LH:6
BRF:0
BRH:0
end_of_record
TN:
SF:/Users/mackentoch/GitProjects/react-bootstrap-webpack-starter/front/src/components/backToTop/backToTopButton/styled/WithRightMargin.tsx
FNF:0
FNH:0
DA:1,3
DA:3,3
DA:7,3
LF:3
LH:3
BRDA:3,0,0,3
BRDA:3,0,1,3
BRF:2
BRH:2
end_of_record
TN:
SF:/Users/mackentoch/GitProjects/react-bootstrap-webpack-starter/front/src/components/fadeInEntrance/FadeInEntrance.tsx
FN:8,FadeInEntrance
FNF:1
FNH:1
FNDA:6,FadeInEntrance
DA:1,6
DA:2,6
DA:8,6
DA:9,6
DA:12,6
DA:14,6
LF:6
LH:6
BRF:0
BRH:0
end_of_record
TN:
SF:/Users/mackentoch/GitProjects/react-bootstrap-webpack-starter/front/src/components/fadeInEntrance/index.ts
FNF:0
FNH:0
DA:1,5
DA:3,5
LF:2
LH:2
BRF:0
BRH:0
end_of_record
TN:
SF:/Users/mackentoch/GitProjects/react-bootstrap-webpack-starter/front/src/components/fadeInEntrance/styled/FadeInDiv.tsx
FN:27,(anonymous_0)
FNF:1
FNH:1
FNDA:6,(anonymous_0)
DA:1,6
DA:3,6
DA:13,6
DA:26,6
DA:27,6
DA:30,6
LF:6
LH:6
BRDA:3,0,0,6
BRDA:3,0,1,6
BRDA:13,1,0,6
BRDA:13,1,1,6
BRDA:26,2,0,6
BRDA:26,2,1,6
BRDA:27,3,0,6
BRDA:27,3,1,6
BRF:8
BRH:8
end_of_record
TN:
SF:/Users/mackentoch/GitProjects/react-bootstrap-webpack-starter/front/src/components/loadingContent/LoadingContent.tsx
FN:5,LoadingContent
FNF:1
FNH:1
FNDA:1,LoadingContent
DA:1,1
DA:6,1
DA:9,1
DA:11,1
LF:4
LH:4
BRF:0
BRH:0
end_of_record
TN:
SF:/Users/mackentoch/GitProjects/react-bootstrap-webpack-starter/front/src/components/logoutRoute/LogoutRoute.tsx
FN:12,LogoutRoute
FN:15,(anonymous_1)
FNF:2
FNH:2
FNDA:2,LogoutRoute
FNDA:1,(anonymous_1)
DA:1,1
DA:2,1
DA:3,1
DA:5,1
DA:13,2
DA:15,2
DA:16,1
DA:19,2
DA:26,1
DA:28,1
LF:10
LH:10
BRDA:16,0,0,1
BRDA:16,0,1,1
BRF:2
BRH:2
end_of_record
TN:
SF:/Users/mackentoch/GitProjects/react-bootstrap-webpack-starter/front/src/components/logoutRoute/index.ts
FNF:0
FNH:0
DA:1,1
DA:3,1
LF:2
LH:2
BRF:0
BRH:0
end_of_record
TN:
SF:/Users/mackentoch/GitProjects/react-bootstrap-webpack-starter/front/src/components/mainLayout/MainLayout.tsx
FN:14,MainLayout
FN:20,(anonymous_1)
FN:27,(anonymous_2)
FNF:3
FNH:1
FNDA:1,MainLayout
FNDA:0,(anonymous_1)
FNDA:0,(anonymous_2)
DA:1,1
DA:2,1
DA:4,1
DA:5,1
DA:6,1
DA:7,1
DA:14,1
DA:15,1
DA:19,1
DA:26,1
DA:34,1
DA:48,1
DA:50,1
LF:13
LH:13
BRF:0
BRH:0
end_of_record
TN:
SF:/Users/mackentoch/GitProjects/react-bootstrap-webpack-starter/front/src/components/navigation/NavigationBar.tsx
FN:24,NavigationBar
FN:35,(anonymous_1)
FN:42,(anonymous_2)
FN:42,(anonymous_3)
FN:51,(anonymous_4)
FN:66,(anonymous_5)
FNF:6
FNH:3
FNDA:2,NavigationBar
FNDA:0,(anonymous_1)
FNDA:4,(anonymous_2)
FNDA:0,(anonymous_3)
FNDA:0,(anonymous_4)
FNDA:4,(anonymous_5)
DA:1,2
DA:2,2
DA:11,2
DA:13,2
DA:25,2
DA:26,2
DA:27,2
DA:28,2
DA:30,2
DA:31,2
DA:32,2
DA:35,2
DA:36,0
DA:37,0
DA:42,4
DA:45,0
DA:46,0
DA:51,2
DA:54,0
DA:55,0
DA:56,0
DA:60,2
DA:66,4
DA:86,2
DA:88,2
LF:25
LH:18
BRDA:36,0,0,0
BRDA:36,0,1,0
BRDA:42,1,0,0
BRDA:42,1,1,4
BRDA:45,2,0,0
BRDA:45,2,1,0
BRDA:45,3,0,0
BRDA:45,3,1,0
BRDA:54,4,0,0
BRDA:54,4,1,0
BRDA:54,5,0,0
BRDA:54,5,1,0
BRDA:55,6,0,0
BRDA:55,6,1,0
BRDA:55,7,0,0
BRDA:55,7,1,0
BRDA:73,8,0,2
BRDA:73,8,1,0
BRDA:73,9,0,1
BRDA:73,9,1,1
BRDA:73,10,0,2
BRDA:73,10,1,1
BRF:22
BRH:6
end_of_record
TN:
SF:/Users/mackentoch/GitProjects/react-bootstrap-webpack-starter/front/src/components/navigation/index.ts
FNF:0
FNH:0
DA:1,1
DA:3,1
LF:2
LH:2
BRF:0
BRH:0
end_of_record
TN:
SF:/Users/mackentoch/GitProjects/react-bootstrap-webpack-starter/front/src/components/privateRoute/PrivateRoute.tsx
FN:11,PrivateRoute
FN:17,(anonymous_1)
FNF:2
FNH:2
FNDA:1,PrivateRoute
FNDA:1,(anonymous_1)
DA:1,1
DA:2,1
DA:3,1
DA:11,1
DA:12,1
DA:14,1
DA:17,1
DA:18,1
DA:28,1
DA:30,1
LF:10
LH:10
BRDA:19,0,0,0
BRDA:19,0,1,1
BRDA:18,1,0,1
BRDA:18,1,1,0
BRDA:18,2,0,0
BRDA:18,2,1,1
BRDA:18,3,0,1
BRDA:18,3,1,1
BRDA:18,4,0,0
BRDA:18,4,1,0
BRDA:18,5,0,0
BRDA:18,5,1,0
BRF:12
BRH:5
end_of_record
TN:
SF:/Users/mackentoch/GitProjects/react-bootstrap-webpack-starter/front/src/components/scrollToTop/ScrollToTop.tsx
FN:9,ScrollToTop
FNF:1
FNH:1
FNDA:1,ScrollToTop
DA:1,1
DA:2,1
DA:3,1
DA:9,1
DA:10,1
DA:11,1
DA:13,1
DA:16,1
DA:18,1
LF:9
LH:9
BRF:0
BRH:0
end_of_record
TN:
SF:/Users/mackentoch/GitProjects/react-bootstrap-webpack-starter/front/src/components/scrollToTop/hooks/useScrollToTopOnLocationChange/index.ts
FN:4,useScrollToTopOnLocationChange
FN:7,(anonymous_1)
FN:11,(anonymous_2)
FNF:3
FNH:3
FNDA:1,useScrollToTopOnLocationChange
FNDA:1,(anonymous_1)
FNDA:1,(anonymous_2)
DA:1,1
DA:4,1
DA:5,1
DA:7,1
DA:8,1
DA:11,1
DA:12,1
DA:13,0
DA:14,0
LF:9
LH:7
BRDA:12,0,0,0
BRDA:12,0,1,1
BRDA:13,1,0,0
BRDA:13,1,1,0
BRF:4
BRH:1
end_of_record
TN:
SF:/Users/mackentoch/GitProjects/react-bootstrap-webpack-starter/front/src/config/appConfig.ts
FNF:0
FNH:0
DA:1,1
DA:10,1
LF:2
LH:2
BRF:0
BRH:0
end_of_record
TN:
SF:/Users/mackentoch/GitProjects/react-bootstrap-webpack-starter/front/src/config/navigation.ts
FNF:0
FNH:0
DA:18,1
DA:41,1
LF:2
LH:2
BRF:0
BRH:0
end_of_record
TN:
SF:/Users/mackentoch/GitProjects/react-bootstrap-webpack-starter/front/src/contexts/auth/index.tsx
FN:42,(anonymous_0)
FN:53,AuthProvider
FN:82,(anonymous_2)
FN:83,(anonymous_3)
FN:97,(anonymous_4)
FN:111,(anonymous_5)
FN:124,(anonymous_6)
FN:138,(anonymous_7)
FN:67,(anonymous_8)
FNF:9
FNH:5
FNDA:5,(anonymous_0)
FNDA:4,AuthProvider
FNDA:1,(anonymous_2)
FNDA:0,(anonymous_3)
FNDA:0,(anonymous_4)
FNDA:0,(anonymous_5)
FNDA:0,(anonymous_6)
FNDA:1,(anonymous_7)
FNDA:5,(anonymous_8)
DA:1,5
DA:2,5
DA:3,5
DA:28,5
DA:32,5
DA:42,5
DA:46,5
DA:54,4
DA:57,4
DA:67,5
DA:68,5
DA:70,5
DA:82,4
DA:83,1
DA:84,1
DA:85,1
DA:87,1
DA:93,1
DA:94,1
DA:97,4
DA:98,0
DA:99,0
DA:101,0
DA:107,0
DA:108,0
DA:111,4
DA:112,0
DA:113,0
DA:115,0
DA:121,0
DA:124,4
DA:125,0
DA:126,0
DA:128,0
DA:134,0
DA:138,4
DA:139,1
DA:140,1
DA:142,1
DA:148,1
DA:150,1
DA:152,5
DA:154,5
LF:43
LH:30
BRDA:54,0,0,4
BRDA:54,0,1,4
BRDA:85,1,0,1
BRDA:85,1,1,0
BRDA:87,2,0,1
BRDA:87,2,1,0
BRDA:101,3,0,0
BRDA:101,3,1,0
BRDA:111,4,0,0
BRDA:111,4,1,0
BRDA:115,5,0,0
BRDA:115,5,1,0
BRDA:125,6,0,0
BRDA:125,6,1,0
BRDA:128,7,0,0
BRDA:128,7,1,0
BRDA:142,8,0,1
BRDA:142,8,1,0
BRF:18
BRH:5
end_of_record
TN:
SF:/Users/mackentoch/GitProjects/react-bootstrap-webpack-starter/front/src/contexts/withDevTools/index.ts
FN:52,(anonymous_0)
FN:83,(anonymous_1)
FNF:2
FNH:0
FNDA:0,(anonymous_0)
FNDA:0,(anonymous_1)
DA:27,5
DA:29,5
DA:34,5
DA:48,5
DA:52,5
DA:54,0
DA:61,0
DA:62,0
DA:67,0
DA:79,5
DA:85,0
DA:86,0
DA:88,0
DA:89,0
DA:91,0
DA:92,0
DA:94,0
DA:95,0
DA:99,0
DA:100,0
DA:102,0
LF:21
LH:6
BRDA:30,0,0,5
BRDA:30,0,1,0
BRDA:30,0,2,0
BRDA:35,1,0,5
BRDA:35,1,1,0
BRDA:52,2,0,0
BRDA:52,2,1,0
BRDA:56,3,0,0
BRDA:56,3,1,0
BRDA:56,3,2,0
BRDA:56,3,3,0
BRDA:56,3,4,0
BRDA:56,3,5,0
BRDA:80,4,0,5
BRDA:80,4,1,0
BRDA:85,5,0,0
BRDA:85,5,1,0
BRDA:88,6,0,0
BRDA:88,6,1,0
BRDA:91,7,0,0
BRDA:91,7,1,0
BRDA:94,8,0,0
BRDA:94,8,1,0
BRDA:102,9,0,0
BRDA:102,9,1,0
BRF:25
BRH:3
end_of_record
TN:
SF:/Users/mackentoch/GitProjects/react-bootstrap-webpack-starter/front/src/mock/userInfo.ts
FNF:0
FNH:0
DA:1,1
DA:15,1
LF:2
LH:2
BRF:0
BRH:0
end_of_record
TN:
SF:/Users/mackentoch/GitProjects/react-bootstrap-webpack-starter/front/src/pages/about/About.tsx
FN:8,About
FNF:1
FNH:1
FNDA:1,About
DA:1,1
DA:3,1
DA:9,1
DA:16,1
DA:18,1
LF:5
LH:5
BRF:0
BRH:0
end_of_record
TN:
SF:/Users/mackentoch/GitProjects/react-bootstrap-webpack-starter/front/src/pages/home/Home.tsx
FN:13,Home
FNF:1
FNH:1
FNDA:1,Home
DA:1,1
DA:3,1
DA:4,1
DA:5,1
DA:6,1
DA:7,1
DA:8,1
DA:14,1
DA:47,1
DA:49,1
LF:10
LH:10
BRF:0
BRH:0
end_of_record
TN:
SF:/Users/mackentoch/GitProjects/react-bootstrap-webpack-starter/front/src/pages/home/styled/HomeInfo.tsx
FNF:0
FNH:0
DA:1,1
DA:3,1
DA:5,1
LF:3
LH:3
BRDA:3,0,0,1
BRDA:3,0,1,1
BRF:2
BRH:2
end_of_record
TN:
SF:/Users/mackentoch/GitProjects/react-bootstrap-webpack-starter/front/src/pages/home/styled/LightNote.tsx
FNF:0
FNH:0
DA:1,1
DA:3,1
DA:7,1
LF:3
LH:3
BRDA:3,0,0,1
BRDA:3,0,1,1
BRF:2
BRH:2
end_of_record
TN:
SF:/Users/mackentoch/GitProjects/react-bootstrap-webpack-starter/front/src/pages/home/styled/MainTitle.tsx
FNF:0
FNH:0
DA:1,1
DA:4,1
DA:9,1
LF:3
LH:3
BRDA:4,0,0,1
BRDA:4,0,1,1
BRF:2
BRH:2
end_of_record
TN:
SF:/Users/mackentoch/GitProjects/react-bootstrap-webpack-starter/front/src/pages/login/Login.tsx
FN:16,Login
FN:25,(anonymous_1)
FN:31,(anonymous_2)
FN:37,(anonymous_3)
FN:46,(anonymous_4)
FN:56,(anonymous_5)
FN:73,(anonymous_8)
FN:74,(anonymous_9)
FN:102,(anonymous_10)
FNF:9
FNH:2
FNDA:1,Login
FNDA:1,(anonymous_1)
FNDA:0,(anonymous_2)
FNDA:0,(anonymous_3)
FNDA:0,(anonymous_4)
FNDA:0,(anonymous_5)
FNDA:0,(anonymous_8)
FNDA:0,(anonymous_9)
FNDA:0,(anonymous_10)
DA:1,1
DA:2,1
DA:3,1
DA:4,1
DA:5,1
DA:6,1
DA:7,1
DA:8,1
DA:9,1
DA:10,1
DA:11,1
DA:16,1
DA:17,1
DA:18,1
DA:19,1
DA:20,1
DA:21,1
DA:22,1
DA:25,1
DA:26,1
DA:31,1
DA:32,0
DA:33,0
DA:36,1
DA:38,0
DA:40,0
DA:45,1
DA:47,0
DA:49,0
DA:55,1
DA:57,0
DA:58,0
DA:60,0
DA:61,0
DA:62,0
DA:63,0
DA:64,0
DA:72,0
DA:73,0
DA:74,0
DA:79,0
DA:92,0
DA:94,0
DA:101,1
DA:103,0
DA:106,0
DA:109,0
DA:110,0
DA:112,0
DA:115,0
DA:117,0
DA:118,0
DA:120,0
DA:123,0
DA:126,0
DA:133,1
DA:219,1
DA:221,1
LF:58
LH:28
BRDA:26,0,0,1
BRDA:26,0,1,0
BRDA:26,1,0,1
BRDA:26,1,1,0
BRDA:32,2,0,0
BRDA:32,2,1,0
BRDA:38,3,0,0
BRDA:38,3,1,0
BRDA:47,4,0,0
BRDA:47,4,1,0
BRDA:57,5,0,0
BRDA:57,5,1,0
BRDA:58,6,0,0
BRDA:58,6,1,0
BRDA:72,7,0,0
BRDA:72,7,1,0
BRDA:103,8,0,0
BRDA:103,8,1,0
BRDA:106,9,0,0
BRDA:106,9,1,0
BRDA:106,10,0,0
BRDA:106,10,1,0
BRDA:106,11,0,0
BRDA:106,11,1,0
BRDA:106,12,0,0
BRDA:106,12,1,0
BRDA:117,13,0,0
BRDA:117,13,1,0
BRDA:117,14,0,0
BRDA:117,14,1,0
BRDA:118,15,0,0
BRDA:118,15,1,0
BRDA:118,16,0,0
BRDA:118,16,1,0
BRDA:191,17,0,0
BRDA:191,17,1,1
BRF:36
BRH:3
end_of_record
TN:
SF:/Users/mackentoch/GitProjects/react-bootstrap-webpack-starter/front/src/pages/pageNotFound/PageNotFound.tsx
FN:8,PageNotFound
FNF:1
FNH:1
FNDA:1,PageNotFound
DA:1,1
DA:2,1
DA:3,1
DA:9,1
DA:18,1
DA:20,1
LF:6
LH:6
BRF:0
BRH:0
end_of_record
TN:
SF:/Users/mackentoch/GitProjects/react-bootstrap-webpack-starter/front/src/pages/protected/Protected.tsx
FN:7,Protected
FNF:1
FNH:1
FNDA:1,Protected
DA:1,1
DA:2,1
DA:8,1
DA:16,1
DA:18,1
LF:5
LH:5
BRF:0
BRH:0
end_of_record
TN:
SF:/Users/mackentoch/GitProjects/react-bootstrap-webpack-starter/front/src/services/API/fetchTools.ts
FN:4,(anonymous_0)
FN:38,(anonymous_1)
FNF:2
FNH:0
FNDA:0,(anonymous_0)
FNDA:0,(anonymous_1)
DA:1,1
DA:4,1
DA:5,0
DA:7,0
DA:11,0
DA:16,1
DA:20,1
DA:24,1
DA:28,1
DA:38,1
DA:39,0
LF:11
LH:7
BRDA:5,0,0,0
BRDA:5,0,1,0
BRDA:9,1,0,0
BRDA:9,1,1,0
BRDA:38,2,0,0
BRDA:38,2,1,0
BRF:6
BRH:0
end_of_record
TN:
SF:/Users/mackentoch/GitProjects/react-bootstrap-webpack-starter/front/src/services/auth/index.ts
FN:35,(anonymous_0)
FN:59,(anonymous_1)
FN:104,(anonymous_2)
FN:134,(anonymous_3)
FN:158,(anonymous_4)
FN:178,(anonymous_5)
FN:196,(anonymous_6)
FN:236,(anonymous_7)
FN:268,(anonymous_8)
FN:290,(anonymous_9)
FNF:10
FNH:4
FNDA:2,(anonymous_0)
FNDA:1,(anonymous_1)
FNDA:0,(anonymous_2)
FNDA:0,(anonymous_3)
FNDA:0,(anonymous_4)
FNDA:0,(anonymous_5)
FNDA:1,(anonymous_6)
FNDA:0,(anonymous_7)
FNDA:0,(anonymous_8)
FNDA:1,(anonymous_9)
DA:1,6
DA:2,6
DA:5,6
DA:6,6
DA:8,6
DA:13,6
DA:14,6
DA:23,6
DA:36,3
DA:37,3
DA:40,2
DA:41,2
DA:44,0
DA:45,0
DA:48,0
DA:60,1
DA:61,1
DA:62,1
DA:64,1
DA:65,0
DA:68,1
DA:69,1
DA:70,1
DA:71,1
DA:75,0
DA:76,0
DA:77,0
DA:78,0
DA:105,0
DA:106,0
DA:109,0
DA:110,0
DA:111,0
DA:113,0
DA:117,0
DA:118,0
DA:119,0
DA:121,0
DA:125,0
DA:135,0
DA:136,0
DA:139,0
DA:140,0
DA:141,0
DA:144,0
DA:145,0
DA:146,0
DA:149,0
DA:159,0
DA:160,0
DA:163,0
DA:164,0
DA:165,0
DA:168,0
DA:169,0
DA:179,0
DA:180,0
DA:181,0
DA:183,0
DA:197,2
DA:198,2
DA:201,1
DA:202,1
DA:203,1
DA:209,1
DA:213,0
DA:214,0
DA:215,0
DA:221,0
DA:225,0
DA:238,0
DA:239,0
DA:241,0
DA:242,0
DA:246,0
DA:247,0
DA:248,0
DA:249,0
DA:254,0
DA:255,0
DA:256,0
DA:257,0
DA:268,0
DA:270,0
DA:271,0
DA:272,0
DA:276,0
DA:277,0
DA:278,0
DA:291,1
DA:292,1
DA:296,6
LF:92
LH:29
BRDA:36,0,0,1
BRDA:36,0,1,1
BRDA:37,1,0,1
BRDA:37,1,1,1
BRDA:40,2,0,2
BRDA:40,2,1,0
BRDA:41,3,0,2
BRDA:41,3,1,1
BRDA:41,4,0,0
BRDA:41,4,1,2
BRDA:41,5,0,2
BRDA:41,5,1,2
BRDA:44,6,0,0
BRDA:44,6,1,0
BRDA:45,7,0,0
BRDA:45,7,1,0
BRDA:45,8,0,0
BRDA:45,8,1,0
BRDA:45,9,0,0
BRDA:45,9,1,0
BRDA:60,10,0,0
BRDA:60,10,1,1
BRDA:61,11,0,0
BRDA:61,11,1,1
BRDA:62,12,0,0
BRDA:62,12,1,1
BRDA:64,13,0,0
BRDA:64,13,1,1
BRDA:64,14,0,1
BRDA:64,14,1,1
BRDA:68,15,0,1
BRDA:68,15,1,0
BRDA:69,16,0,1
BRDA:69,16,1,0
BRDA:69,17,0,0
BRDA:69,17,1,1
BRDA:69,18,0,1
BRDA:69,18,1,1
BRDA:75,19,0,0
BRDA:75,19,1,0
BRDA:76,20,0,0
BRDA:76,20,1,0
BRDA:76,21,0,0
BRDA:76,21,1,0
BRDA:76,22,0,0
BRDA:76,22,1,0
BRDA:105,23,0,0
BRDA:105,23,1,0
BRDA:106,24,0,0
BRDA:106,24,1,0
BRDA:109,25,0,0
BRDA:109,25,1,0
BRDA:110,26,0,0
BRDA:110,26,1,0
BRDA:110,27,0,0
BRDA:110,27,1,0
BRDA:110,28,0,0
BRDA:110,28,1,0
BRDA:117,29,0,0
BRDA:117,29,1,0
BRDA:118,30,0,0
BRDA:118,30,1,0
BRDA:118,31,0,0
BRDA:118,31,1,0
BRDA:118,32,0,0
BRDA:118,32,1,0
BRDA:135,33,0,0
BRDA:135,33,1,0
BRDA:136,34,0,0
BRDA:136,34,1,0
BRDA:139,35,0,0
BRDA:139,35,1,0
BRDA:139,36,0,0
BRDA:139,36,1,0
BRDA:139,37,0,0
BRDA:139,37,1,0
BRDA:144,38,0,0
BRDA:144,38,1,0
BRDA:144,39,0,0
BRDA:144,39,1,0
BRDA:144,40,0,0
BRDA:144,40,1,0
BRDA:159,41,0,0
BRDA:159,41,1,0
BRDA:164,42,0,0
BRDA:164,42,1,0
BRDA:197,43,0,1
BRDA:197,43,1,0
BRDA:198,44,0,1
BRDA:198,44,1,0
BRDA:201,45,0,1
BRDA:201,45,1,0
BRDA:204,46,0,1
BRDA:204,46,1,1
BRDA:204,46,2,0
BRDA:204,47,0,0
BRDA:204,47,1,1
BRDA:204,48,0,1
BRDA:204,48,1,1
BRDA:205,49,0,1
BRDA:205,49,1,1
BRDA:213,50,0,0
BRDA:213,50,1,0
BRDA:216,51,0,0
BRDA:216,51,1,0
BRDA:216,51,2,0
BRDA:216,52,0,0
BRDA:216,52,1,0
BRDA:216,53,0,0
BRDA:216,53,1,0
BRDA:217,54,0,0
BRDA:217,54,1,0
BRDA:238,55,0,0
BRDA:238,55,1,0
BRDA:239,56,0,0
BRDA:239,56,1,0
BRDA:241,57,0,0
BRDA:241,57,1,0
BRDA:246,58,0,0
BRDA:246,58,1,0
BRDA:247,59,0,0
BRDA:247,59,1,0
BRDA:247,60,0,0
BRDA:247,60,1,0
BRDA:247,61,0,0
BRDA:247,61,1,0
BRDA:254,62,0,0
BRDA:254,62,1,0
BRDA:255,63,0,0
BRDA:255,63,1,0
BRDA:255,64,0,0
BRDA:255,64,1,0
BRDA:255,65,0,0
BRDA:255,65,1,0
BRDA:268,66,0,0
BRDA:268,66,1,0
BRDA:270,67,0,0
BRDA:270,67,1,0
BRDA:270,68,0,0
BRDA:270,68,1,0
BRDA:270,69,0,0
BRDA:270,69,1,0
BRDA:276,70,0,0
BRDA:276,70,1,0
BRDA:276,71,0,0
BRDA:276,71,1,0
BRDA:276,72,0,0
BRDA:276,72,1,0
BRDA:291,73,0,0
BRDA:291,73,1,1
BRDA:291,74,0,1
BRDA:291,74,1,1
BRDA:292,75,0,0
BRDA:292,75,1,1
BRDA:292,76,0,1
BRDA:292,76,1,1
BRF:156
BRH:37
end_of_record
TN:
SF:/Users/mackentoch/GitProjects/react-bootstrap-webpack-starter/front/test/setupTests.ts
FNF:0
FNH:0
DA:3,16
DA:5,16
DA:7,16
DA:9,16
DA:11,16
DA:13,16
DA:16,16
LF:7
LH:7
BRF:0
BRH:0
end_of_record
